#
# A fatal error has been detected by the Java Runtime Environment:
#
#  SIGSEGV (0xb) at pc=0xb6c7f12b, pid=9096, tid=0x81c25b40
#
# JRE version: Java(TM) SE Runtime Environment (8.0_181-b13) (build 1.8.0_181-b13)
# Java VM: Java HotSpot(TM) Server VM (25.181-b13 mixed mode linux-x86 )
# Problematic frame:
# V  [libjvm.so+0x55c12b]  jni_GetArrayLength+0x9b
#
# Core dump written. Default location: /opt/apache-tomcat-9.0.10/bin/core or core.9096
#
# If you would like to submit a bug report, please visit:
#   http://bugreport.java.com/bugreport/crash.jsp
#

---------------  T H R E A D  ---------------

Current thread (0x8296a400):  JavaThread "http-nio-8080-exec-6" daemon [_thread_in_vm, id=9119, stack(0x81bd5000,0x81c26000)]

siginfo: si_signo: 11 (SIGSEGV), si_code: 1 (SEGV_MAPERR), si_addr: 0x00000000

Registers:
EAX=0x00000000, EBX=0xb710be34, ECX=0x00000ffc, EDX=0xb713cca0
ESP=0x81c23a20, EBP=0x81c23a38, ESI=0x8296a400, EDI=0xb7746000
EIP=0xb6c7f12b, EFLAGS=0x00010246, CR2=0x00000000

Top of Stack: (sp=0x81c23a20)
0x81c23a20:   8310ffa8 8296a400 81c23a58 8310ffa8
0x81c23a30:   8310ffa8 8296a400 81c23a58 8441583a
0x81c23a40:   8296a538 00000000 81c23a6c 00000000
0x81c23a50:   b666af79 b767f0cb 81c23fd8 84415092
0x81c23a60:   8296a538 00000000 85c1a468 84556148
0x81c23a70:   0000008b 81c2401c 81c24014 8296a538
0x81c23a80:   00000000 00000000 00000000 84556140
0x81c23a90:   81141500 81141504 81141508 8114150c 

Instructions: (pc=0xb6c7f12b)
0xb6c7f10b:   a9 00 00 00 30 74 0c 83 ec 0c 56 e8 35 2d 33 00
0xb6c7f11b:   83 c4 10 c7 86 74 01 00 00 06 00 00 00 8b 45 0c
0xb6c7f12b:   8b 00 8b 78 08 8b 83 8c dd ff ff c7 86 74 01 00
0xb6c7f13b:   00 07 00 00 00 8b 10 83 fa 01 74 71 8b 83 70 e8 

Register to memory mapping:

EAX=0x00000000 is an unknown value
EBX=0xb710be34: <offset 0x9e8e34> in /usr/java/jdk1.8.0_181/jre/lib/i386/server/libjvm.so at 0xb6723000
ECX=0x00000ffc is an unknown value
EDX=0xb713cca0: <offset 0xa19ca0> in /usr/java/jdk1.8.0_181/jre/lib/i386/server/libjvm.so at 0xb6723000
ESP=0x81c23a20 is pointing into the stack for thread: 0x8296a400
EBP=0x81c23a38 is pointing into the stack for thread: 0x8296a400
ESI=0x8296a400 is a thread
EDI=0xb7746000 is an unknown value


Stack: [0x81bd5000,0x81c26000],  sp=0x81c23a20,  free space=314k
Native frames: (J=compiled Java code, j=interpreted, Vv=VM code, C=native code)
V  [libjvm.so+0x55c12b]  jni_GetArrayLength+0x9b
C  [calcfee.so+0x1583a]  JNIEnv_::GetArrayLength(_jarray*)+0x20
C  [calcfee.so+0x15092]  Java_com_project_communication_action_DoCostServiceSo_calcFee+0x837
j  com.project.communication.action.DoCostServiceSo.calcFee(Lcom/project/communication/model/CostServiceInputBean;)Lcom/project/communication/model/CostServiceOutputBean;+0
j  com.project.communication.action.CommunicationAction.calcfee(Ljavax/servlet/http/HttpServletRequest;Ljavax/servlet/http/HttpServletResponse;)Ljava/lang/String;+68
j  sun.reflect.GeneratedMethodAccessor48.invoke(Ljava/lang/Object;[Ljava/lang/Object;)Ljava/lang/Object;+48
J 2653 C2 java.lang.reflect.Method.invoke(Ljava/lang/Object;[Ljava/lang/Object;)Ljava/lang/Object; (62 bytes) @ 0xa75f6148 [0xa75f60e0+0x68]
j  org.springframework.web.method.support.InvocableHandlerMethod.doInvoke([Ljava/lang/Object;)Ljava/lang/Object;+16
j  org.springframework.web.method.support.InvocableHandlerMethod.invokeForRequest(Lorg/springframework/web/context/request/NativeWebRequest;Lorg/springframework/web/method/support/ModelAndViewContainer;[Ljava/lang/Object;)Ljava/lang/Object;+96
j  org.springframework.web.servlet.mvc.method.annotation.ServletInvocableHandlerMethod.invokeAndHandle(Lorg/springframework/web/context/request/ServletWebRequest;Lorg/springframework/web/method/support/ModelAndViewContainer;[Ljava/lang/Object;)V+4
j  org.springframework.web.servlet.mvc.method.annotation.RequestMappingHandlerAdapter.invokeHandlerMethod(Ljavax/servlet/http/HttpServletRequest;Ljavax/servlet/http/HttpServletResponse;Lorg/springframework/web/method/HandlerMethod;)Lorg/springframework/web/servlet/ModelAndView;+262
j  org.springframework.web.servlet.mvc.method.annotation.RequestMappingHandlerAdapter.handleInternal(Ljavax/servlet/http/HttpServletRequest;Ljavax/servlet/http/HttpServletResponse;Lorg/springframework/web/method/HandlerMethod;)Lorg/springframework/web/servlet/ModelAndView;+81
j  org.springframework.web.servlet.mvc.method.AbstractHandlerMethodAdapter.handle(Ljavax/servlet/http/HttpServletRequest;Ljavax/servlet/http/HttpServletResponse;Ljava/lang/Object;)Lorg/springframework/web/servlet/ModelAndView;+7
j  org.springframework.web.servlet.DispatcherServlet.doDispatch(Ljavax/servlet/http/HttpServletRequest;Ljavax/servlet/http/HttpServletResponse;)V+318
j  org.springframework.web.servlet.DispatcherServlet.doService(Ljavax/servlet/http/HttpServletRequest;Ljavax/servlet/http/HttpServletResponse;)V+301
j  org.springframework.web.servlet.FrameworkServlet.processRequest(Ljavax/servlet/http/HttpServletRequest;Ljavax/servlet/http/HttpServletResponse;)V+71
j  org.springframework.web.servlet.FrameworkServlet.doPost(Ljavax/servlet/http/HttpServletRequest;Ljavax/servlet/http/HttpServletResponse;)V+3
j  javax.servlet.http.HttpServlet.service(Ljavax/servlet/http/HttpServletRequest;Ljavax/servlet/http/HttpServletResponse;)V+149
j  org.springframework.web.servlet.FrameworkServlet.service(Ljavax/servlet/http/HttpServletRequest;Ljavax/servlet/http/HttpServletResponse;)V+33
j  javax.servlet.http.HttpServlet.service(Ljavax/servlet/ServletRequest;Ljavax/servlet/ServletResponse;)V+30
j  org.apache.catalina.core.ApplicationFilterChain.internalDoFilter(Ljavax/servlet/ServletRequest;Ljavax/servlet/ServletResponse;)V+304
j  org.apache.catalina.core.ApplicationFilterChain.doFilter(Ljavax/servlet/ServletRequest;Ljavax/servlet/ServletResponse;)V+101
j  org.apache.tomcat.websocket.server.WsFilter.doFilter(Ljavax/servlet/ServletRequest;Ljavax/servlet/ServletResponse;Ljavax/servlet/FilterChain;)V+21
j  org.apache.catalina.core.ApplicationFilterChain.internalDoFilter(Ljavax/servlet/ServletRequest;Ljavax/servlet/ServletResponse;)V+135
j  org.apache.catalina.core.ApplicationFilterChain.doFilter(Ljavax/servlet/ServletRequest;Ljavax/servlet/ServletResponse;)V+101
j  org.springframework.web.filter.CharacterEncodingFilter.doFilterInternal(Ljavax/servlet/http/HttpServletRequest;Ljavax/servlet/http/HttpServletResponse;Ljavax/servlet/FilterChain;)V+53
j  org.springframework.web.filter.OncePerRequestFilter.doFilter(Ljavax/servlet/ServletRequest;Ljavax/servlet/ServletResponse;Ljavax/servlet/FilterChain;)V+111
j  org.apache.catalina.core.ApplicationFilterChain.internalDoFilter(Ljavax/servlet/ServletRequest;Ljavax/servlet/ServletResponse;)V+135
j  org.apache.catalina.core.ApplicationFilterChain.doFilter(Ljavax/servlet/ServletRequest;Ljavax/servlet/ServletResponse;)V+101
j  org.apache.logging.log4j.web.Log4jServletFilter.doFilter(Ljavax/servlet/ServletRequest;Ljavax/servlet/ServletResponse;Ljavax/servlet/FilterChain;)V+47
j  org.apache.catalina.core.ApplicationFilterChain.internalDoFilter(Ljavax/servlet/ServletRequest;Ljavax/servlet/ServletResponse;)V+135
j  org.apache.catalina.core.ApplicationFilterChain.doFilter(Ljavax/servlet/ServletRequest;Ljavax/servlet/ServletResponse;)V+101
j  org.apache.catalina.core.StandardWrapperValve.invoke(Lorg/apache/catalina/connector/Request;Lorg/apache/catalina/connector/Response;)V+688
j  org.apache.catalina.core.StandardContextValve.invoke(Lorg/apache/catalina/connector/Request;Lorg/apache/catalina/connector/Response;)V+166
j  org.apache.catalina.authenticator.AuthenticatorBase.invoke(Lorg/apache/catalina/connector/Request;Lorg/apache/catalina/connector/Response;)V+260
j  org.apache.catalina.core.StandardHostValve.invoke(Lorg/apache/catalina/connector/Request;Lorg/apache/catalina/connector/Response;)V+114
j  org.apache.catalina.valves.ErrorReportValve.invoke(Lorg/apache/catalina/connector/Request;Lorg/apache/catalina/connector/Response;)V+6
j  org.apache.catalina.valves.AbstractAccessLogValve.invoke(Lorg/apache/catalina/connector/Request;Lorg/apache/catalina/connector/Response;)V+20
j  org.apache.catalina.core.StandardEngineValve.invoke(Lorg/apache/catalina/connector/Request;Lorg/apache/catalina/connector/Response;)V+71
j  org.apache.catalina.connector.CoyoteAdapter.service(Lorg/apache/coyote/Request;Lorg/apache/coyote/Response;)V+199
j  org.apache.coyote.http11.Http11Processor.service(Lorg/apache/tomcat/util/net/SocketWrapperBase;)Lorg/apache/tomcat/util/net/AbstractEndpoint$Handler$SocketState;+791
j  org.apache.coyote.AbstractProcessorLight.process(Lorg/apache/tomcat/util/net/SocketWrapperBase;Lorg/apache/tomcat/util/net/SocketEvent;)Lorg/apache/tomcat/util/net/AbstractEndpoint$Handler$SocketState;+113
j  org.apache.coyote.AbstractProtocol$ConnectionHandler.process(Lorg/apache/tomcat/util/net/SocketWrapperBase;Lorg/apache/tomcat/util/net/SocketEvent;)Lorg/apache/tomcat/util/net/AbstractEndpoint$Handler$SocketState;+414
j  org.apache.tomcat.util.net.NioEndpoint$SocketProcessor.doRun()V+191
j  org.apache.tomcat.util.net.SocketProcessorBase.run()V+21
j  java.util.concurrent.ThreadPoolExecutor.runWorker(Ljava/util/concurrent/ThreadPoolExecutor$Worker;)V+95
j  java.util.concurrent.ThreadPoolExecutor$Worker.run()V+5
j  org.apache.tomcat.util.threads.TaskThread$WrappingRunnable.run()V+4
j  java.lang.Thread.run()V+11
v  ~StubRoutines::call_stub
V  [libjvm.so+0x50696f]  JavaCalls::call_helper(JavaValue*, methodHandle*, JavaCallArguments*, Thread*)+0x101f
V  [libjvm.so+0x75bb49]  os::os_exception_wrapper(void (*)(JavaValue*, methodHandle*, JavaCallArguments*, Thread*), JavaValue*, methodHandle*, JavaCallArguments*, Thread*)+0x19
V  [libjvm.so+0x506d7c]  JavaCalls::call_virtual(JavaValue*, KlassHandle, Symbol*, Symbol*, JavaCallArguments*, Thread*)+0x25c
V  [libjvm.so+0x5071bb]  JavaCalls::call_virtual(JavaValue*, Handle, KlassHandle, Symbol*, Symbol*, Thread*)+0x4b
V  [libjvm.so+0x580e8d]  thread_entry(JavaThread*, Thread*)+0x7d
V  [libjvm.so+0x8940bf]  JavaThread::thread_main_inner()+0xff
V  [libjvm.so+0x89423b]  JavaThread::run()+0x14b
V  [libjvm.so+0x7636f9]  java_start(Thread*)+0x119
C  [libpthread.so.0+0x6f70]  start_thread+0xd0
C  [libc.so.6+0xec70e]  clone+0x5e

Java frames: (J=compiled Java code, j=interpreted, Vv=VM code)
j  com.project.communication.action.DoCostServiceSo.calcFee(Lcom/project/communication/model/CostServiceInputBean;)Lcom/project/communication/model/CostServiceOutputBean;+0
j  com.project.communication.action.CommunicationAction.calcfee(Ljavax/servlet/http/HttpServletRequest;Ljavax/servlet/http/HttpServletResponse;)Ljava/lang/String;+68
j  sun.reflect.GeneratedMethodAccessor48.invoke(Ljava/lang/Object;[Ljava/lang/Object;)Ljava/lang/Object;+48
J 2653 C2 java.lang.reflect.Method.invoke(Ljava/lang/Object;[Ljava/lang/Object;)Ljava/lang/Object; (62 bytes) @ 0xa75f6148 [0xa75f60e0+0x68]
j  org.springframework.web.method.support.InvocableHandlerMethod.doInvoke([Ljava/lang/Object;)Ljava/lang/Object;+16
j  org.springframework.web.method.support.InvocableHandlerMethod.invokeForRequest(Lorg/springframework/web/context/request/NativeWebRequest;Lorg/springframework/web/method/support/ModelAndViewContainer;[Ljava/lang/Object;)Ljava/lang/Object;+96
j  org.springframework.web.servlet.mvc.method.annotation.ServletInvocableHandlerMethod.invokeAndHandle(Lorg/springframework/web/context/request/ServletWebRequest;Lorg/springframework/web/method/support/ModelAndViewContainer;[Ljava/lang/Object;)V+4
j  org.springframework.web.servlet.mvc.method.annotation.RequestMappingHandlerAdapter.invokeHandlerMethod(Ljavax/servlet/http/HttpServletRequest;Ljavax/servlet/http/HttpServletResponse;Lorg/springframework/web/method/HandlerMethod;)Lorg/springframework/web/servlet/ModelAndView;+262
j  org.springframework.web.servlet.mvc.method.annotation.RequestMappingHandlerAdapter.handleInternal(Ljavax/servlet/http/HttpServletRequest;Ljavax/servlet/http/HttpServletResponse;Lorg/springframework/web/method/HandlerMethod;)Lorg/springframework/web/servlet/ModelAndView;+81
j  org.springframework.web.servlet.mvc.method.AbstractHandlerMethodAdapter.handle(Ljavax/servlet/http/HttpServletRequest;Ljavax/servlet/http/HttpServletResponse;Ljava/lang/Object;)Lorg/springframework/web/servlet/ModelAndView;+7
j  org.springframework.web.servlet.DispatcherServlet.doDispatch(Ljavax/servlet/http/HttpServletRequest;Ljavax/servlet/http/HttpServletResponse;)V+318
j  org.springframework.web.servlet.DispatcherServlet.doService(Ljavax/servlet/http/HttpServletRequest;Ljavax/servlet/http/HttpServletResponse;)V+301
j  org.springframework.web.servlet.FrameworkServlet.processRequest(Ljavax/servlet/http/HttpServletRequest;Ljavax/servlet/http/HttpServletResponse;)V+71
j  org.springframework.web.servlet.FrameworkServlet.doPost(Ljavax/servlet/http/HttpServletRequest;Ljavax/servlet/http/HttpServletResponse;)V+3
j  javax.servlet.http.HttpServlet.service(Ljavax/servlet/http/HttpServletRequest;Ljavax/servlet/http/HttpServletResponse;)V+149
j  org.springframework.web.servlet.FrameworkServlet.service(Ljavax/servlet/http/HttpServletRequest;Ljavax/servlet/http/HttpServletResponse;)V+33
j  javax.servlet.http.HttpServlet.service(Ljavax/servlet/ServletRequest;Ljavax/servlet/ServletResponse;)V+30
j  org.apache.catalina.core.ApplicationFilterChain.internalDoFilter(Ljavax/servlet/ServletRequest;Ljavax/servlet/ServletResponse;)V+304
j  org.apache.catalina.core.ApplicationFilterChain.doFilter(Ljavax/servlet/ServletRequest;Ljavax/servlet/ServletResponse;)V+101
j  org.apache.tomcat.websocket.server.WsFilter.doFilter(Ljavax/servlet/ServletRequest;Ljavax/servlet/ServletResponse;Ljavax/servlet/FilterChain;)V+21
j  org.apache.catalina.core.ApplicationFilterChain.internalDoFilter(Ljavax/servlet/ServletRequest;Ljavax/servlet/ServletResponse;)V+135
j  org.apache.catalina.core.ApplicationFilterChain.doFilter(Ljavax/servlet/ServletRequest;Ljavax/servlet/ServletResponse;)V+101
j  org.springframework.web.filter.CharacterEncodingFilter.doFilterInternal(Ljavax/servlet/http/HttpServletRequest;Ljavax/servlet/http/HttpServletResponse;Ljavax/servlet/FilterChain;)V+53
j  org.springframework.web.filter.OncePerRequestFilter.doFilter(Ljavax/servlet/ServletRequest;Ljavax/servlet/ServletResponse;Ljavax/servlet/FilterChain;)V+111
j  org.apache.catalina.core.ApplicationFilterChain.internalDoFilter(Ljavax/servlet/ServletRequest;Ljavax/servlet/ServletResponse;)V+135
j  org.apache.catalina.core.ApplicationFilterChain.doFilter(Ljavax/servlet/ServletRequest;Ljavax/servlet/ServletResponse;)V+101
j  org.apache.logging.log4j.web.Log4jServletFilter.doFilter(Ljavax/servlet/ServletRequest;Ljavax/servlet/ServletResponse;Ljavax/servlet/FilterChain;)V+47
j  org.apache.catalina.core.ApplicationFilterChain.internalDoFilter(Ljavax/servlet/ServletRequest;Ljavax/servlet/ServletResponse;)V+135
j  org.apache.catalina.core.ApplicationFilterChain.doFilter(Ljavax/servlet/ServletRequest;Ljavax/servlet/ServletResponse;)V+101
j  org.apache.catalina.core.StandardWrapperValve.invoke(Lorg/apache/catalina/connector/Request;Lorg/apache/catalina/connector/Response;)V+688
j  org.apache.catalina.core.StandardContextValve.invoke(Lorg/apache/catalina/connector/Request;Lorg/apache/catalina/connector/Response;)V+166
j  org.apache.catalina.authenticator.AuthenticatorBase.invoke(Lorg/apache/catalina/connector/Request;Lorg/apache/catalina/connector/Response;)V+260
j  org.apache.catalina.core.StandardHostValve.invoke(Lorg/apache/catalina/connector/Request;Lorg/apache/catalina/connector/Response;)V+114
j  org.apache.catalina.valves.ErrorReportValve.invoke(Lorg/apache/catalina/connector/Request;Lorg/apache/catalina/connector/Response;)V+6
j  org.apache.catalina.valves.AbstractAccessLogValve.invoke(Lorg/apache/catalina/connector/Request;Lorg/apache/catalina/connector/Response;)V+20
j  org.apache.catalina.core.StandardEngineValve.invoke(Lorg/apache/catalina/connector/Request;Lorg/apache/catalina/connector/Response;)V+71
j  org.apache.catalina.connector.CoyoteAdapter.service(Lorg/apache/coyote/Request;Lorg/apache/coyote/Response;)V+199
j  org.apache.coyote.http11.Http11Processor.service(Lorg/apache/tomcat/util/net/SocketWrapperBase;)Lorg/apache/tomcat/util/net/AbstractEndpoint$Handler$SocketState;+791
j  org.apache.coyote.AbstractProcessorLight.process(Lorg/apache/tomcat/util/net/SocketWrapperBase;Lorg/apache/tomcat/util/net/SocketEvent;)Lorg/apache/tomcat/util/net/AbstractEndpoint$Handler$SocketState;+113
j  org.apache.coyote.AbstractProtocol$ConnectionHandler.process(Lorg/apache/tomcat/util/net/SocketWrapperBase;Lorg/apache/tomcat/util/net/SocketEvent;)Lorg/apache/tomcat/util/net/AbstractEndpoint$Handler$SocketState;+414
j  org.apache.tomcat.util.net.NioEndpoint$SocketProcessor.doRun()V+191
j  org.apache.tomcat.util.net.SocketProcessorBase.run()V+21
j  java.util.concurrent.ThreadPoolExecutor.runWorker(Ljava/util/concurrent/ThreadPoolExecutor$Worker;)V+95
j  java.util.concurrent.ThreadPoolExecutor$Worker.run()V+5
j  org.apache.tomcat.util.threads.TaskThread$WrappingRunnable.run()V+4
j  java.lang.Thread.run()V+11
v  ~StubRoutines::call_stub

---------------  P R O C E S S  ---------------

Java Threads: ( => current thread )
  0x84542800 JavaThread "ajp-nio-8009-AsyncTimeout" daemon [_thread_blocked, id=9141, stack(0x814df000,0x81530000)]
  0x84541000 JavaThread "ajp-nio-8009-Acceptor-0" daemon [_thread_in_native, id=9140, stack(0x81530000,0x81581000)]
  0x8453fc00 JavaThread "ajp-nio-8009-ClientPoller-1" daemon [_thread_in_native, id=9139, stack(0x81581000,0x815d2000)]
  0x84516800 JavaThread "ajp-nio-8009-ClientPoller-0" daemon [_thread_in_native, id=9138, stack(0x815d2000,0x81623000)]
  0x84515000 JavaThread "ajp-nio-8009-exec-10" daemon [_thread_blocked, id=9137, stack(0x81623000,0x81674000)]
  0x845d2000 JavaThread "ajp-nio-8009-exec-9" daemon [_thread_blocked, id=9136, stack(0x81674000,0x816c5000)]
  0x845d0800 JavaThread "ajp-nio-8009-exec-8" daemon [_thread_blocked, id=9135, stack(0x816c5000,0x81716000)]
  0x845cf400 JavaThread "ajp-nio-8009-exec-7" daemon [_thread_blocked, id=9134, stack(0x81716000,0x81767000)]
  0x84569c00 JavaThread "ajp-nio-8009-exec-6" daemon [_thread_blocked, id=9133, stack(0x81767000,0x817b8000)]
  0x84568400 JavaThread "ajp-nio-8009-exec-5" daemon [_thread_blocked, id=9132, stack(0x817b8000,0x81809000)]
  0x845e2800 JavaThread "ajp-nio-8009-exec-4" daemon [_thread_blocked, id=9131, stack(0x81809000,0x8185a000)]
  0x845e1000 JavaThread "ajp-nio-8009-exec-3" daemon [_thread_blocked, id=9130, stack(0x8185a000,0x818ab000)]
  0x8456e800 JavaThread "ajp-nio-8009-exec-2" daemon [_thread_blocked, id=9129, stack(0x818ab000,0x818fc000)]
  0x8456d000 JavaThread "ajp-nio-8009-exec-1" daemon [_thread_blocked, id=9128, stack(0x818fc000,0x8194d000)]
  0x84565400 JavaThread "http-nio-8080-AsyncTimeout" daemon [_thread_blocked, id=9127, stack(0x8194d000,0x8199e000)]
  0x84564400 JavaThread "http-nio-8080-Acceptor-0" daemon [_thread_in_native, id=9126, stack(0x8199e000,0x819ef000)]
  0x8453b000 JavaThread "http-nio-8080-ClientPoller-1" daemon [_thread_in_native, id=9125, stack(0x819ef000,0x81a40000)]
  0x8455a000 JavaThread "http-nio-8080-ClientPoller-0" daemon [_thread_in_native, id=9124, stack(0x81a40000,0x81a91000)]
  0x84558400 JavaThread "http-nio-8080-exec-10" daemon [_thread_blocked, id=9123, stack(0x81a91000,0x81ae2000)]
  0x84527800 JavaThread "http-nio-8080-exec-9" daemon [_thread_blocked, id=9122, stack(0x81ae2000,0x81b33000)]
  0x84556400 JavaThread "http-nio-8080-exec-8" daemon [_thread_blocked, id=9121, stack(0x81b33000,0x81b84000)]
  0x84554c00 JavaThread "http-nio-8080-exec-7" daemon [_thread_blocked, id=9120, stack(0x81b84000,0x81bd5000)]
=>0x8296a400 JavaThread "http-nio-8080-exec-6" daemon [_thread_in_vm, id=9119, stack(0x81bd5000,0x81c26000)]
  0x8450c400 JavaThread "http-nio-8080-exec-5" daemon [_thread_blocked, id=9118, stack(0x8315e000,0x831af000)]
  0x8450b400 JavaThread "http-nio-8080-exec-4" daemon [_thread_blocked, id=9117, stack(0x831af000,0x83200000)]
  0x8455fc00 JavaThread "http-nio-8080-exec-3" daemon [_thread_blocked, id=9116, stack(0x84147000,0x84198000)]
  0x84561c00 JavaThread "http-nio-8080-exec-2" daemon [_thread_blocked, id=9115, stack(0x84198000,0x841e9000)]
  0x8454b000 JavaThread "http-nio-8080-exec-1" daemon [_thread_blocked, id=9114, stack(0x8445e000,0x844af000)]
  0x8453d400 JavaThread "ContainerBackgroundProcessor[StandardEngine[Catalina]]" daemon [_thread_blocked, id=9113, stack(0x844af000,0x84500000)]
  0x84dc9000 JavaThread "NioBlockingSelector.BlockPoller-2" daemon [_thread_in_native, id=9112, stack(0x8497e000,0x849cf000)]
  0x84db9000 JavaThread "NioBlockingSelector.BlockPoller-1" daemon [_thread_in_native, id=9111, stack(0x849cf000,0x84a20000)]
  0x84d5ec00 JavaThread "GC Daemon" daemon [_thread_blocked, id=9110, stack(0x84b93000,0x84be4000)]
  0x85423c00 JavaThread "FileHandlerLogFilesCleaner-1" daemon [_thread_blocked, id=9109, stack(0x85532000,0x85583000)]
  0x85cb8400 JavaThread "AsyncFileHandlerWriter-17699851" daemon [_thread_blocked, id=9108, stack(0x85583000,0x855d4000)]
  0x85c39c00 JavaThread "Service Thread" daemon [_thread_blocked, id=9106, stack(0x85655000,0x856a6000)]
  0x85c36c00 JavaThread "C1 CompilerThread1" daemon [_thread_blocked, id=9105, stack(0x856a6000,0x85727000)]
  0x85c34c00 JavaThread "C2 CompilerThread0" daemon [_thread_blocked, id=9104, stack(0x85727000,0x857a8000)]
  0x85c33400 JavaThread "Signal Dispatcher" daemon [_thread_blocked, id=9103, stack(0x857a8000,0x857f9000)]
  0x85c17800 JavaThread "Finalizer" daemon [_thread_blocked, id=9102, stack(0x85b5e000,0x85baf000)]
  0x85c15c00 JavaThread "Reference Handler" daemon [_thread_blocked, id=9101, stack(0x85baf000,0x85c00000)]
  0xb6508400 JavaThread "main" [_thread_in_native, id=9097, stack(0xb668c000,0xb66dd000)]

Other Threads:
  0x85c10400 VMThread [stack: 0x87624000,0x876a5000] [id=9100]
  0x85c3d400 WatcherThread [stack: 0x855d4000,0x85655000] [id=9107]

VM state:not at safepoint (normal execution)

VM Mutex/Monitor currently owned by a thread: None

Heap:
 PSYoungGen      total 152064K, used 25672K [0x9c8c0000, 0xa7000000, 0xa7000000)
  eden space 134400K, 9% used [0x9c8c0000,0x9d55a720,0xa4c00000)
  from space 17664K, 72% used [0xa5ec0000,0xa6b37b90,0xa7000000)
  to   space 18432K, 0% used [0xa4c00000,0xa4c00000,0xa5e00000)
 ParOldGen       total 36608K, used 21112K [0x87a00000, 0x89dc0000, 0x9c8c0000)
  object space 36608K, 57% used [0x87a00000,0x88e9e150,0x89dc0000)
 Metaspace       used 29030K, capacity 29844K, committed 29976K, reserved 30000K

Card table byte_map: [0xa7029000,0xa7125000] byte_map_base: 0xa6bec000

Marking Bits: (ParMarkBitMap*) 0xb713c560
 Begin Bits: [0x86550000, 0x86d28000)
 End Bits:   [0x86d28000, 0x87500000)

Polling page: 0xb7747000

CodeCache: size=245760Kb used=9635Kb max_used=9963Kb free=236124Kb
 bounds [0xa74e5000, 0xa7ead000, 0xb64e5000]
 total_blobs=4311 nmethods=4082 adapters=143
 compilation: enabled

Compilation events (10 events):
Event: 2147.827 Thread 0x85c36c00 4719       3       java.util.Collections$UnmodifiableMap$UnmodifiableEntrySet$1::hasNext (10 bytes)
Event: 2147.828 Thread 0x85c36c00 nmethod 4719 0xa7a42e08 code [0xa7a42f20, 0xa7a4308c]
Event: 2147.828 Thread 0x85c36c00 4720       3       java.nio.HeapByteBuffer::put (167 bytes)
Event: 2147.830 Thread 0x85c36c00 nmethod 4720 0xa7b69ac8 code [0xa7b69d00, 0xa7b6ad18]
Event: 2301.138 Thread 0x85c36c00 4721       3       org.apache.coyote.http11.Http11Processor::isUpgrade (13 bytes)
Event: 2301.138 Thread 0x85c36c00 nmethod 4721 0xa7a42b48 code [0xa7a42c60, 0xa7a42d80]
Event: 2301.139 Thread 0x85c36c00 4722       3       org.springframework.beans.factory.config.InstantiationAwareBeanPostProcessorAdapter::postProcessAfterInitialization (2 bytes)
Event: 2301.139 Thread 0x85c36c00 nmethod 4722 0xa7a428c8 code [0xa7a429e0, 0xa7a42ac0]
Event: 2301.142 Thread 0x85c34c00 4723       4       org.springframework.util.Assert::notNull (14 bytes)
Event: 2301.142 Thread 0x85c34c00 nmethod 4723 0xa7918148 code [0xa7918240, 0xa7918290]

GC Heap History (10 events):
Event: 7.358 GC heap before
{Heap before GC invocations=14 (full 1):
 PSYoungGen      total 153856K, used 147363K [0x9c8c0000, 0xa7000000, 0xa7000000)
  eden space 141568K, 100% used [0x9c8c0000,0xa5300000,0xa5300000)
  from space 12288K, 47% used [0xa6400000,0xa69a8c50,0xa7000000)
  to   space 14848K, 0% used [0xa5300000,0xa5300000,0xa6180000)
 ParOldGen       total 35072K, used 21853K [0x87a00000, 0x89c40000, 0x9c8c0000)
  object space 35072K, 62% used [0x87a00000,0x88f575f0,0x89c40000)
 Metaspace       used 13502K, capacity 13782K, committed 13848K, reserved 14640K
Event: 7.423 GC heap after
Heap after GC invocations=14 (full 1):
 PSYoungGen      total 156416K, used 14836K [0x9c8c0000, 0xa7000000, 0xa7000000)
  eden space 141568K, 0% used [0x9c8c0000,0x9c8c0000,0xa5300000)
  from space 14848K, 99% used [0xa5300000,0xa617d2f0,0xa6180000)
  to   space 14848K, 0% used [0xa6180000,0xa6180000,0xa7000000)
 ParOldGen       total 35072K, used 26468K [0x87a00000, 0x89c40000, 0x9c8c0000)
  object space 35072K, 75% used [0x87a00000,0x893d9210,0x89c40000)
 Metaspace       used 13502K, capacity 13782K, committed 13848K, reserved 14640K
}
Event: 9.564 GC heap before
{Heap before GC invocations=15 (full 1):
 PSYoungGen      total 156416K, used 129539K [0x9c8c0000, 0xa7000000, 0xa7000000)
  eden space 141568K, 81% used [0x9c8c0000,0xa38c3bb0,0xa5300000)
  from space 14848K, 99% used [0xa5300000,0xa617d2f0,0xa6180000)
  to   space 14848K, 0% used [0xa6180000,0xa6180000,0xa7000000)
 ParOldGen       total 35072K, used 26468K [0x87a00000, 0x89c40000, 0x9c8c0000)
  object space 35072K, 75% used [0x87a00000,0x893d9210,0x89c40000)
 Metaspace       used 19498K, capacity 20253K, committed 20308K, reserved 20784K
Event: 9.593 GC heap after
Heap after GC invocations=15 (full 1):
 PSYoungGen      total 149760K, used 9277K [0x9c8c0000, 0xa7000000, 0xa7000000)
  eden space 134912K, 0% used [0x9c8c0000,0x9c8c0000,0xa4c80000)
  from space 14848K, 62% used [0xa6180000,0xa6a8f5e0,0xa7000000)
  to   space 18176K, 0% used [0xa4c80000,0xa4c80000,0xa5e40000)
 ParOldGen       total 35072K, used 28016K [0x87a00000, 0x89c40000, 0x9c8c0000)
  object space 35072K, 79% used [0x87a00000,0x8955c2a0,0x89c40000)
 Metaspace       used 19498K, capacity 20253K, committed 20308K, reserved 20784K
}
Event: 9.593 GC heap before
{Heap before GC invocations=16 (full 2):
 PSYoungGen      total 149760K, used 9277K [0x9c8c0000, 0xa7000000, 0xa7000000)
  eden space 134912K, 0% used [0x9c8c0000,0x9c8c0000,0xa4c80000)
  from space 14848K, 62% used [0xa6180000,0xa6a8f5e0,0xa7000000)
  to   space 18176K, 0% used [0xa4c80000,0xa4c80000,0xa5e40000)
 ParOldGen       total 35072K, used 28016K [0x87a00000, 0x89c40000, 0x9c8c0000)
  object space 35072K, 79% used [0x87a00000,0x8955c2a0,0x89c40000)
 Metaspace       used 19498K, capacity 20253K, committed 20308K, reserved 20784K
Event: 9.689 GC heap after
Heap after GC invocations=16 (full 2):
 PSYoungGen      total 149760K, used 0K [0x9c8c0000, 0xa7000000, 0xa7000000)
  eden space 134912K, 0% used [0x9c8c0000,0x9c8c0000,0xa4c80000)
  from space 14848K, 0% used [0xa6180000,0xa6180000,0xa7000000)
  to   space 18176K, 0% used [0xa4c80000,0xa4c80000,0xa5e40000)
 ParOldGen       total 36608K, used 19338K [0x87a00000, 0x89dc0000, 0x9c8c0000)
  object space 36608K, 52% used [0x87a00000,0x88ce28e0,0x89dc0000)
 Metaspace       used 19498K, capacity 20253K, committed 20308K, reserved 20784K
}
Event: 10.953 GC heap before
{Heap before GC invocations=17 (full 2):
 PSYoungGen      total 149760K, used 134912K [0x9c8c0000, 0xa7000000, 0xa7000000)
  eden space 134912K, 100% used [0x9c8c0000,0xa4c80000,0xa4c80000)
  from space 14848K, 0% used [0xa6180000,0xa6180000,0xa7000000)
  to   space 18176K, 0% used [0xa4c80000,0xa4c80000,0xa5e40000)
 ParOldGen       total 36608K, used 19338K [0x87a00000, 0x89dc0000, 0x9c8c0000)
  object space 36608K, 52% used [0x87a00000,0x88ce28e0,0x89dc0000)
 Metaspace       used 21791K, capacity 22570K, committed 22680K, reserved 22832K
Event: 10.968 GC heap after
Heap after GC invocations=17 (full 2):
 PSYoungGen      total 153088K, used 4905K [0x9c8c0000, 0xa7000000, 0xa7000000)
  eden space 134912K, 0% used [0x9c8c0000,0x9c8c0000,0xa4c80000)
  from space 18176K, 26% used [0xa4c80000,0xa514a640,0xa5e40000)
  to   space 17664K, 0% used [0xa5ec0000,0xa5ec0000,0xa7000000)
 ParOldGen       total 36608K, used 19342K [0x87a00000, 0x89dc0000, 0x9c8c0000)
  object space 36608K, 52% used [0x87a00000,0x88ce38e0,0x89dc0000)
 Metaspace       used 21791K, capacity 22570K, committed 22680K, reserved 22832K
}
Event: 1682.293 GC heap before
{Heap before GC invocations=18 (full 2):
 PSYoungGen      total 153088K, used 139817K [0x9c8c0000, 0xa7000000, 0xa7000000)
  eden space 134912K, 100% used [0x9c8c0000,0xa4c80000,0xa4c80000)
  from space 18176K, 26% used [0xa4c80000,0xa514a640,0xa5e40000)
  to   space 17664K, 0% used [0xa5ec0000,0xa5ec0000,0xa7000000)
 ParOldGen       total 36608K, used 19342K [0x87a00000, 0x89dc0000, 0x9c8c0000)
  object space 36608K, 52% used [0x87a00000,0x88ce38e0,0x89dc0000)
 Metaspace       used 29004K, capacity 29829K, committed 29976K, reserved 30000K
Event: 1682.323 GC heap after
Heap after GC invocations=18 (full 2):
 PSYoungGen      total 152064K, used 12766K [0x9c8c0000, 0xa7000000, 0xa7000000)
  eden space 134400K, 0% used [0x9c8c0000,0x9c8c0000,0xa4c00000)
  from space 17664K, 72% used [0xa5ec0000,0xa6b37b90,0xa7000000)
  to   space 18432K, 0% used [0xa4c00000,0xa4c00000,0xa5e00000)
 ParOldGen       total 36608K, used 21112K [0x87a00000, 0x89dc0000, 0x9c8c0000)
  object space 36608K, 57% used [0x87a00000,0x88e9e150,0x89dc0000)
 Metaspace       used 29004K, capacity 29829K, committed 29976K, reserved 30000K
}

Deoptimization events (10 events):
Event: 622.142 Thread 0x8453d400 Uncommon trap: reason=array_check action=maybe_recompile pc=0xa758c848 method=java.util.AbstractCollection.toArray([Ljava/lang/Object;)[Ljava/lang/Object; @ 119
Event: 622.142 Thread 0x8453d400 Uncommon trap: reason=array_check action=maybe_recompile pc=0xa758c848 method=java.util.AbstractCollection.toArray([Ljava/lang/Object;)[Ljava/lang/Object; @ 119
Event: 622.142 Thread 0x8453d400 Uncommon trap: reason=array_check action=maybe_recompile pc=0xa758c848 method=java.util.AbstractCollection.toArray([Ljava/lang/Object;)[Ljava/lang/Object; @ 119
Event: 808.783 Thread 0x84561c00 Uncommon trap: reason=unstable_if action=reinterpret pc=0xa7680840 method=java.io.ExpiringCache.entryFor(Ljava/lang/String;)Ljava/io/ExpiringCache$Entry; @ 39
Event: 927.203 Thread 0x8453b000 Uncommon trap: reason=unstable_if action=reinterpret pc=0xa7b1e048 method=sun.nio.ch.EPollArrayWrapper.updateRegistrations()V @ 48
Event: 971.659 Thread 0x84561c00 Uncommon trap: reason=class_check action=maybe_recompile pc=0xa798b924 method=java.io.DataInputStream.readByte()B @ 4
Event: 971.659 Thread 0x84561c00 Uncommon trap: reason=class_check action=maybe_recompile pc=0xa798b924 method=java.io.DataInputStream.readByte()B @ 4
Event: 971.659 Thread 0x84561c00 Uncommon trap: reason=class_check action=maybe_recompile pc=0xa798b924 method=java.io.DataInputStream.readByte()B @ 4
Event: 971.659 Thread 0x84561c00 Uncommon trap: reason=class_check action=maybe_recompile pc=0xa798b924 method=java.io.DataInputStream.readByte()B @ 4
Event: 988.036 Thread 0x8450b400 Uncommon trap: reason=unstable_if action=reinterpret pc=0xa7cf6174 method=java.util.concurrent.ConcurrentHashMap.addCount(JI)V @ 34

Classes redefined (0 events):
No events

Internal exceptions (10 events):
Event: 907.085 Thread 0x84527800 Exception <a 'java/lang/ClassNotFoundException': javax/servlet/jsp/JspContextBeanInfo> (0xa2742f88) thrown at [/HUDSON/workspace/8-2-build-linux-i586/jdk8u181/11358/hotspot/src/share/vm/classfile/systemDictionary.cpp, line 210]
Event: 907.086 Thread 0x84527800 Exception <a 'java/lang/ClassNotFoundException': javax/servlet/jsp/JspContextCustomizer> (0xa274c1c8) thrown at [/HUDSON/workspace/8-2-build-linux-i586/jdk8u181/11358/hotspot/src/share/vm/classfile/systemDictionary.cpp, line 210]
Event: 907.087 Thread 0x84527800 Exception <a 'java/lang/ClassNotFoundException': javax/servlet/jsp/PageContextCustomizer> (0xa2760640) thrown at [/HUDSON/workspace/8-2-build-linux-i586/jdk8u181/11358/hotspot/src/share/vm/classfile/systemDictionary.cpp, line 210]
Event: 907.089 Thread 0x84527800 Exception <a 'java/lang/ClassNotFoundException': org/apache/jasper/runtime/PageContextImplCustomizer> (0xa277c350) thrown at [/HUDSON/workspace/8-2-build-linux-i586/jdk8u181/11358/hotspot/src/share/vm/classfile/systemDictionary.cpp, line 210]
Event: 907.091 Thread 0x84527800 Exception <a 'java/lang/ClassNotFoundException': org/apache/catalina/core/ApplicationContextFacadeBeanInfo> (0xa27b9600) thrown at [/HUDSON/workspace/8-2-build-linux-i586/jdk8u181/11358/hotspot/src/share/vm/classfile/systemDictionary.cpp, line 210]
Event: 907.092 Thread 0x84527800 Exception <a 'java/lang/ClassNotFoundException': org/apache/catalina/core/ApplicationContextFacadeCustomizer> (0xa27c4fb0) thrown at [/HUDSON/workspace/8-2-build-linux-i586/jdk8u181/11358/hotspot/src/share/vm/classfile/systemDictionary.cpp, line 210]
Event: 972.060 Thread 0x84561c00 Exception <a 'java/lang/ArrayIndexOutOfBoundsException': 9976> (0xa3e0b900) thrown at [/HUDSON/workspace/8-2-build-linux-i586/jdk8u181/11358/hotspot/src/share/vm/interpreter/interpreterRuntime.cpp, line 366]
Event: 2301.142 Thread 0x8296a400 Exception <a 'java/lang/NullPointerException'> (0x9ce4a4f8) thrown at [/HUDSON/workspace/8-2-build-linux-i586/jdk8u181/11358/hotspot/src/share/vm/prims/jni.cpp, line 1340]
Event: 2301.142 Thread 0x8296a400 Exception <a 'java/lang/NullPointerException'> (0x9ce4a8d8) thrown at [/HUDSON/workspace/8-2-build-linux-i586/jdk8u181/11358/hotspot/src/share/vm/prims/jni.cpp, line 1340]
Event: 2301.142 Thread 0x8296a400 Exception <a 'java/lang/NullPointerException'> (0x9ce4acb8) thrown at [/HUDSON/workspace/8-2-build-linux-i586/jdk8u181/11358/hotspot/src/share/vm/prims/jni.cpp, line 1340]

Events (10 events):
Event: 1852.663 Thread 0x85c36c00 flushing nmethod 0xa7cc1788
Event: 1852.663 Thread 0x85c36c00 flushing nmethod 0xa7ce6a08
Event: 1872.670 Executing VM operation: BulkRevokeBias
Event: 1872.670 Executing VM operation: BulkRevokeBias done
Event: 2012.682 Executing VM operation: RevokeBias
Event: 2012.682 Executing VM operation: RevokeBias done
Event: 2114.027 Executing VM operation: RevokeBias
Event: 2114.027 Executing VM operation: RevokeBias done
Event: 2167.847 Executing VM operation: RevokeBias
Event: 2167.847 Executing VM operation: RevokeBias done


Dynamic libraries:
08048000-08049000 r-xp 00000000 fc:00 28585588   /usr/java/jdk1.8.0_181/bin/java
08049000-0804a000 rw-p 00000000 fc:00 28585588   /usr/java/jdk1.8.0_181/bin/java
08a54000-095b4000 rw-p 00000000 00:00 0          [heap]
80b61000-80e00000 rw-p 00000000 00:00 0 
80e00000-80f00000 rw-p 00000000 00:00 0 
80f00000-80f68000 rw-p 00000000 00:00 0 
80f68000-81000000 ---p 00000000 00:00 0 
81000000-81100000 rw-p 00000000 00:00 0 
81100000-811fd000 rw-p 00000000 00:00 0 
811fd000-81200000 ---p 00000000 00:00 0 
812b1000-813b1000 rw-p 00000000 00:00 0 
813df000-814df000 rw-p 00000000 00:00 0 
814df000-814e2000 ---p 00000000 00:00 0 
814e2000-81530000 rw-p 00000000 00:00 0          [stack:9141]
81530000-81533000 ---p 00000000 00:00 0 
81533000-81581000 rw-p 00000000 00:00 0          [stack:9140]
81581000-81584000 ---p 00000000 00:00 0 
81584000-815d2000 rw-p 00000000 00:00 0          [stack:9139]
815d2000-815d5000 ---p 00000000 00:00 0 
815d5000-81623000 rw-p 00000000 00:00 0          [stack:9138]
81623000-81626000 ---p 00000000 00:00 0 
81626000-81674000 rw-p 00000000 00:00 0          [stack:9137]
81674000-81677000 ---p 00000000 00:00 0 
81677000-816c5000 rw-p 00000000 00:00 0          [stack:9136]
816c5000-816c8000 ---p 00000000 00:00 0 
816c8000-81716000 rw-p 00000000 00:00 0          [stack:9135]
81716000-81719000 ---p 00000000 00:00 0 
81719000-81767000 rw-p 00000000 00:00 0          [stack:9134]
81767000-8176a000 ---p 00000000 00:00 0 
8176a000-817b8000 rw-p 00000000 00:00 0          [stack:9133]
817b8000-817bb000 ---p 00000000 00:00 0 
817bb000-81809000 rw-p 00000000 00:00 0          [stack:9132]
81809000-8180c000 ---p 00000000 00:00 0 
8180c000-8185a000 rw-p 00000000 00:00 0          [stack:9131]
8185a000-8185d000 ---p 00000000 00:00 0 
8185d000-818ab000 rw-p 00000000 00:00 0          [stack:9130]
818ab000-818ae000 ---p 00000000 00:00 0 
818ae000-818fc000 rw-p 00000000 00:00 0          [stack:9129]
818fc000-818ff000 ---p 00000000 00:00 0 
818ff000-8194d000 rw-p 00000000 00:00 0          [stack:9128]
8194d000-81950000 ---p 00000000 00:00 0 
81950000-8199e000 rw-p 00000000 00:00 0          [stack:9127]
8199e000-819a1000 ---p 00000000 00:00 0 
819a1000-819ef000 rw-p 00000000 00:00 0          [stack:9126]
819ef000-819f2000 ---p 00000000 00:00 0 
819f2000-81a40000 rw-p 00000000 00:00 0          [stack:9125]
81a40000-81a43000 ---p 00000000 00:00 0 
81a43000-81a91000 rw-p 00000000 00:00 0          [stack:9124]
81a91000-81a94000 ---p 00000000 00:00 0 
81a94000-81ae2000 rw-p 00000000 00:00 0          [stack:9123]
81ae2000-81ae5000 ---p 00000000 00:00 0 
81ae5000-81b33000 rw-p 00000000 00:00 0          [stack:9122]
81b33000-81b36000 ---p 00000000 00:00 0 
81b36000-81b84000 rw-p 00000000 00:00 0          [stack:9121]
81b84000-81b87000 ---p 00000000 00:00 0 
81b87000-81bd5000 rw-p 00000000 00:00 0          [stack:9120]
81bd5000-81bd8000 ---p 00000000 00:00 0 
81bd8000-81c26000 rw-p 00000000 00:00 0          [stack:9119]
81c53000-81d53000 rw-p 00000000 00:00 0 
81d53000-81e53000 rw-p 00000000 00:00 0 
81e53000-82817000 rw-s 00000000 00:04 4096100    /SYSV0000011a (deleted)
82817000-828f3000 r-xp 00000000 fc:00 28055636   /usr/lib/i386-linux-gnu/libstdc++.so.6.0.19
828f3000-828f4000 ---p 000dc000 fc:00 28055636   /usr/lib/i386-linux-gnu/libstdc++.so.6.0.19
828f4000-828f8000 r--p 000dc000 fc:00 28055636   /usr/lib/i386-linux-gnu/libstdc++.so.6.0.19
828f8000-828f9000 rw-p 000e0000 fc:00 28055636   /usr/lib/i386-linux-gnu/libstdc++.so.6.0.19
828f9000-82900000 rw-p 00000000 00:00 0 
82900000-82976000 rw-p 00000000 00:00 0 
82976000-82a00000 ---p 00000000 00:00 0 
82a00000-82b00000 rw-p 00000000 00:00 0 
82b00000-82c00000 rw-p 00000000 00:00 0 
82c00000-82d00000 rw-p 00000000 00:00 0 
82d00000-82e00000 rw-p 00000000 00:00 0 
82e00000-82f00000 rw-p 00000000 00:00 0 
82f33000-83033000 rw-p 00000000 00:00 0 
83033000-83133000 rw-p 00000000 00:00 0 
8315e000-83161000 ---p 00000000 00:00 0 
83161000-831af000 rw-p 00000000 00:00 0          [stack:9118]
831af000-831b2000 ---p 00000000 00:00 0 
831b2000-83200000 rw-p 00000000 00:00 0          [stack:9117]
83200000-832fc000 rw-p 00000000 00:00 0 
832fc000-83300000 ---p 00000000 00:00 0 
83300000-833fe000 rw-p 00000000 00:00 0 
833fe000-83400000 ---p 00000000 00:00 0 
83400000-83500000 rw-p 00000000 00:00 0 
83500000-83600000 rw-p 00000000 00:00 0 
83600000-83700000 rw-p 00000000 00:00 0 
83700000-837fa000 rw-p 00000000 00:00 0 
837fa000-83800000 ---p 00000000 00:00 0 
83800000-83900000 rw-p 00000000 00:00 0 
83900000-83a00000 rw-p 00000000 00:00 0 
83a00000-83b00000 rw-p 00000000 00:00 0 
83b00000-83bfe000 rw-p 00000000 00:00 0 
83bfe000-83c00000 ---p 00000000 00:00 0 
83c00000-83dfe000 rw-p 00000000 00:00 0 
83dfe000-83e00000 ---p 00000000 00:00 0 
83e00000-83efe000 rw-p 00000000 00:00 0 
83efe000-83f00000 ---p 00000000 00:00 0 
83f00000-84000000 rw-p 00000000 00:00 0 
84000000-840ff000 rw-p 00000000 00:00 0 
840ff000-84100000 ---p 00000000 00:00 0 
84147000-8414a000 ---p 00000000 00:00 0 
8414a000-84198000 rw-p 00000000 00:00 0          [stack:9116]
84198000-8419b000 ---p 00000000 00:00 0 
8419b000-842e9000 rw-p 00000000 00:00 0          [stack:9115]
842e9000-843e9000 rw-p 00000000 00:00 0 
843e9000-843fc000 r--s 00345000 fc:00 29104410   /usr/java/jdk1.8.0_181/jre/lib/resources.jar
843ff000-84400000 rw-p 00000000 00:00 0 
84400000-8442e000 r-xp 00000000 fc:00 3813673    /opt/costso/feeso/ext/calcfee.so
8442e000-8442f000 r--p 0002d000 fc:00 3813673    /opt/costso/feeso/ext/calcfee.so
8442f000-84430000 rw-p 0002e000 fc:00 3813673    /opt/costso/feeso/ext/calcfee.so
84430000-8444b000 r--s 001d4000 fc:00 1182482    /usr/java/jdk1.8.0_181/jre/lib/ext/nashorn.jar
8444b000-84450000 r--s 002f9000 fc:00 29104404   /usr/java/jdk1.8.0_181/jre/lib/charsets.jar
8445e000-84461000 ---p 00000000 00:00 0 
84461000-844af000 rw-p 00000000 00:00 0          [stack:9114]
844af000-844b2000 ---p 00000000 00:00 0 
844b2000-84500000 rw-p 00000000 00:00 0          [stack:9113]
84500000-846d0000 rw-p 00000000 00:00 0 
846d0000-84700000 ---p 00000000 00:00 0 
84700000-84800000 rw-p 00000000 00:00 0 
84848000-84948000 rw-p 00000000 00:00 0 
8497e000-84981000 ---p 00000000 00:00 0 
84981000-849cf000 rw-p 00000000 00:00 0          [stack:9112]
849cf000-849d2000 ---p 00000000 00:00 0 
849d2000-84a20000 rw-p 00000000 00:00 0          [stack:9111]
84a20000-84a3c000 r-xp 00000000 fc:00 5768208    /lib/i386-linux-gnu/libgcc_s.so.1
84a3c000-84a3d000 rw-p 0001b000 fc:00 5768208    /lib/i386-linux-gnu/libgcc_s.so.1
84a3d000-84a44000 r--s 00000000 fc:00 28056572   /usr/lib/i386-linux-gnu/gconv/gconv-modules.cache
84a44000-84a58000 r--p 00000000 fc:00 29759663   /usr/share/locale-langpack/zh_CN/LC_MESSAGES/libc.mo
84a58000-84a8b000 r-xp 00000000 fc:00 1182438    /usr/java/jdk1.8.0_181/jre/lib/i386/libsunec.so
84a8b000-84a8f000 rw-p 00032000 fc:00 1182438    /usr/java/jdk1.8.0_181/jre/lib/i386/libsunec.so
84a8f000-84b93000 rw-p 00000000 00:00 0 
84b93000-84b96000 ---p 00000000 00:00 0 
84b96000-84be4000 rw-p 00000000 00:00 0          [stack:9110]
84be4000-84c00000 r--s 00393000 fc:00 1182473    /usr/java/jdk1.8.0_181/jre/lib/ext/cldrdata.jar
84c00000-84d00000 rw-p 00000000 00:00 0 
84d00000-84e00000 rw-p 00000000 00:00 0 
84e00000-84ef9000 rw-p 00000000 00:00 0 
84ef9000-84f00000 ---p 00000000 00:00 0 
84f00000-85000000 rw-p 00000000 00:00 0 
85000000-85100000 rw-p 00000000 00:00 0 
85100000-85200000 rw-p 00000000 00:00 0 
85200000-852f9000 rw-p 00000000 00:00 0 
852f9000-85300000 ---p 00000000 00:00 0 
85300000-85400000 rw-p 00000000 00:00 0 
85400000-854fd000 rw-p 00000000 00:00 0 
854fd000-85500000 ---p 00000000 00:00 0 
85506000-8550b000 r--s 0003f000 fc:00 1182475    /usr/java/jdk1.8.0_181/jre/lib/ext/sunjce_provider.jar
8550b000-8550d000 r--s 00009000 fc:00 1182474    /usr/java/jdk1.8.0_181/jre/lib/ext/sunec.jar
8550d000-85511000 r--s 0003a000 fc:00 1182478    /usr/java/jdk1.8.0_181/jre/lib/ext/sunpkcs11.jar
85511000-8551b000 r--s 00116000 fc:00 1182477    /usr/java/jdk1.8.0_181/jre/lib/ext/localedata.jar
8551b000-85532000 r--s 0028e000 fc:00 2758341    /opt/apache-tomcat-9.0.10/lib/ecj-4.7.3a.jar
85532000-85535000 ---p 00000000 00:00 0 
85535000-85583000 rw-p 00000000 00:00 0          [stack:9109]
85583000-85586000 ---p 00000000 00:00 0 
85586000-855d4000 rw-p 00000000 00:00 0          [stack:9108]
855d4000-855d5000 ---p 00000000 00:00 0 
855d5000-85655000 rw-p 00000000 00:00 0          [stack:9107]
85655000-85658000 ---p 00000000 00:00 0 
85658000-856a6000 rw-p 00000000 00:00 0          [stack:9106]
856a6000-856a9000 ---p 00000000 00:00 0 
856a9000-85727000 rw-p 00000000 00:00 0          [stack:9105]
85727000-8572a000 ---p 00000000 00:00 0 
8572a000-857a8000 rw-p 00000000 00:00 0          [stack:9104]
857a8000-857ab000 ---p 00000000 00:00 0 
857ab000-857f9000 rw-p 00000000 00:00 0          [stack:9103]
857f9000-8595e000 r--p 001c8000 fc:00 28057757   /usr/lib/locale/locale-archive
8595e000-85b5e000 r--p 00000000 fc:00 28057757   /usr/lib/locale/locale-archive
85b5e000-85b61000 ---p 00000000 00:00 0 
85b61000-85baf000 rw-p 00000000 00:00 0          [stack:9102]
85baf000-85bb2000 ---p 00000000 00:00 0 
85bb2000-85c00000 rw-p 00000000 00:00 0          [stack:9101]
85c00000-85cff000 rw-p 00000000 00:00 0 
85cff000-85d00000 ---p 00000000 00:00 0 
85d01000-85d04000 r--s 0001a000 fc:00 29104398   /usr/java/jdk1.8.0_181/jre/lib/jce.jar
85d04000-85d09000 r--s 0009d000 fc:00 29104420   /usr/java/jdk1.8.0_181/jre/lib/jsse.jar
85d09000-85d11000 r-xp 00000000 fc:00 1182400    /usr/java/jdk1.8.0_181/jre/lib/i386/libmanagement.so
85d11000-85d12000 rw-p 00007000 fc:00 1182400    /usr/java/jdk1.8.0_181/jre/lib/i386/libmanagement.so
85d12000-85d14000 r--s 00013000 fc:00 2758344    /opt/apache-tomcat-9.0.10/lib/el-api.jar
85d14000-85d19000 r--s 00046000 fc:00 2758340    /opt/apache-tomcat-9.0.10/lib/tomcat-dbcp.jar
85d19000-85d1e000 r--s 00034000 fc:00 2758338    /opt/apache-tomcat-9.0.10/lib/tomcat-websocket.jar
85d1e000-85d33000 r-xp 00000000 fc:00 1182463    /usr/java/jdk1.8.0_181/jre/lib/i386/libnet.so
85d33000-85d34000 rw-p 00015000 fc:00 1182463    /usr/java/jdk1.8.0_181/jre/lib/i386/libnet.so
85d34000-85f0e000 r--s 03d6b000 fc:00 29104416   /usr/java/jdk1.8.0_181/jre/lib/rt.jar
85f0e000-86354000 rw-p 00000000 00:00 0 
86354000-8635a000 ---p 00000000 00:00 0 
8635a000-87500000 rw-p 00000000 00:00 0 
87500000-875f2000 rw-p 00000000 00:00 0 
875f2000-87600000 ---p 00000000 00:00 0 
87601000-87610000 r-xp 00000000 fc:00 1182415    /usr/java/jdk1.8.0_181/jre/lib/i386/libnio.so
87610000-87611000 rw-p 0000e000 fc:00 1182415    /usr/java/jdk1.8.0_181/jre/lib/i386/libnio.so
87611000-87624000 r--s 0017f000 fc:00 2758333    /opt/apache-tomcat-9.0.10/lib/catalina.jar
87624000-87625000 ---p 00000000 00:00 0 
87625000-87700000 rw-p 00000000 00:00 0          [stack:9100]
87700000-877fc000 rw-p 00000000 00:00 0 
877fc000-87800000 ---p 00000000 00:00 0 
87800000-87802000 r--s 0000c000 fc:00 2758343    /opt/apache-tomcat-9.0.10/lib/catalina-ant.jar
87802000-87807000 r--s 0002f000 fc:00 2758337    /opt/apache-tomcat-9.0.10/lib/tomcat-util-scan.jar
87807000-87856000 rw-p 00000000 00:00 0 
87856000-87857000 ---p 00000000 00:00 0 
87857000-878d7000 rw-p 00000000 00:00 0          [stack:9099]
878d7000-878d8000 ---p 00000000 00:00 0 
878d8000-8796a000 rw-p 00000000 00:00 0          [stack:9098]
8796a000-87a00000 ---p 00000000 00:00 0 
87a00000-89dc0000 rw-p 00000000 00:00 0 
89dc0000-9c8c0000 ---p 00000000 00:00 0 
9c8c0000-a7000000 rw-p 00000000 00:00 0 
a7000000-a7002000 r--s 0000e000 fc:00 2758342    /opt/apache-tomcat-9.0.10/lib/tomcat-i18n-es.jar
a7002000-a7004000 r--s 00009000 fc:00 2758339    /opt/apache-tomcat-9.0.10/lib/tomcat-i18n-ja.jar
a7004000-a7008000 r--s 0001f000 fc:00 2758336    /opt/apache-tomcat-9.0.10/lib/tomcat-util.jar
a7008000-a700b000 r--s 0000d000 fc:00 2758335    /opt/apache-tomcat-9.0.10/lib/jsp-api.jar
a700b000-a700e000 r--s 00022000 fc:00 2758334    /opt/apache-tomcat-9.0.10/lib/tomcat-jdbc.jar
a700e000-a7010000 r--s 00008000 fc:00 2758332    /opt/apache-tomcat-9.0.10/lib/tomcat-i18n-fr.jar
a7010000-a7013000 r--s 00042000 fc:00 2758331    /opt/apache-tomcat-9.0.10/lib/servlet-api.jar
a7013000-a7015000 r--s 00002000 fc:00 2758330    /opt/apache-tomcat-9.0.10/lib/annotations-api.jar
a7015000-a701c000 r--s 00081000 fc:00 2758328    /opt/apache-tomcat-9.0.10/lib/jasper.jar
a701c000-a701f000 r--s 0001b000 fc:00 2758327    /opt/apache-tomcat-9.0.10/lib/catalina-ha.jar
a701f000-a7021000 r--s 00008000 fc:00 2758326    /opt/apache-tomcat-9.0.10/lib/websocket-api.jar
a7021000-a7024000 r--s 00026000 fc:00 2758325    /opt/apache-tomcat-9.0.10/lib/jasper-el.jar
a7024000-a7029000 r--s 00043000 fc:00 2758324    /opt/apache-tomcat-9.0.10/lib/catalina-tribes.jar
a7029000-a703b000 rw-p 00000000 00:00 0 
a703b000-a70d0000 ---p 00000000 00:00 0 
a70d0000-a7124000 rw-p 00000000 00:00 0 
a7124000-a714d000 rw-p 00000000 00:00 0 
a714d000-a74e5000 ---p 00000000 00:00 0 
a74e5000-a7ead000 rwxp 00000000 00:00 0 
a7ead000-b64e5000 ---p 00000000 00:00 0 
b64e5000-b64ff000 r-xp 00000000 fc:00 1182465    /usr/java/jdk1.8.0_181/jre/lib/i386/libzip.so
b64ff000-b6500000 rw-p 00019000 fc:00 1182465    /usr/java/jdk1.8.0_181/jre/lib/i386/libzip.so
b6500000-b65fa000 rw-p 00000000 00:00 0 
b65fa000-b6600000 ---p 00000000 00:00 0 
b6600000-b6601000 rw-p 00000000 00:00 0 
b6601000-b660d000 r--s 000c0000 fc:00 2758323    /opt/apache-tomcat-9.0.10/lib/tomcat-coyote.jar
b660d000-b660f000 r--s 00011000 fc:00 2758322    /opt/apache-tomcat-9.0.10/lib/catalina-storeconfig.jar
b660f000-b6611000 r--s 00007000 fc:00 2758321    /opt/apache-tomcat-9.0.10/lib/tomcat-jni.jar
b6611000-b661c000 r-xp 00000000 fc:00 5768256    /lib/i386-linux-gnu/libnss_files-2.19.so
b661c000-b661d000 r--p 0000a000 fc:00 5768256    /lib/i386-linux-gnu/libnss_files-2.19.so
b661d000-b661e000 rw-p 0000b000 fc:00 5768256    /lib/i386-linux-gnu/libnss_files-2.19.so
b661e000-b6628000 r-xp 00000000 fc:00 5768266    /lib/i386-linux-gnu/libnss_nis-2.19.so
b6628000-b6629000 r--p 00009000 fc:00 5768266    /lib/i386-linux-gnu/libnss_nis-2.19.so
b6629000-b662a000 rw-p 0000a000 fc:00 5768266    /lib/i386-linux-gnu/libnss_nis-2.19.so
b662a000-b663f000 r-xp 00000000 fc:00 5768250    /lib/i386-linux-gnu/libnsl-2.19.so
b663f000-b6640000 r--p 00015000 fc:00 5768250    /lib/i386-linux-gnu/libnsl-2.19.so
b6640000-b6641000 rw-p 00016000 fc:00 5768250    /lib/i386-linux-gnu/libnsl-2.19.so
b6641000-b6644000 rw-p 00000000 00:00 0 
b6644000-b6646000 r--s 00005000 fc:00 2758320    /opt/apache-tomcat-9.0.10/lib/jaspic-api.jar
b6646000-b6648000 r--s 0000a000 fc:00 2758292    /opt/apache-tomcat-9.0.10/bin/tomcat-juli.jar
b6648000-b664a000 r--s 00005000 fc:00 2758299    /opt/apache-tomcat-9.0.10/bin/commons-daemon.jar
b664a000-b6656000 rw-p 00000000 00:00 0 
b6656000-b665e000 rw-s 00000000 fc:00 20709449   /tmp/hsperfdata_root/9096
b665e000-b6682000 r-xp 00000000 fc:00 1182459    /usr/java/jdk1.8.0_181/jre/lib/i386/libjava.so
b6682000-b6683000 rw-p 00024000 fc:00 1182459    /usr/java/jdk1.8.0_181/jre/lib/i386/libjava.so
b6683000-b668a000 r-xp 00000000 fc:00 5768309    /lib/i386-linux-gnu/librt-2.19.so
b668a000-b668b000 r--p 00006000 fc:00 5768309    /lib/i386-linux-gnu/librt-2.19.so
b668b000-b668c000 rw-p 00007000 fc:00 5768309    /lib/i386-linux-gnu/librt-2.19.so
b668c000-b668f000 ---p 00000000 00:00 0 
b668f000-b66dd000 rw-p 00000000 00:00 0          [stack:9097]
b66dd000-b6721000 r-xp 00000000 fc:00 5768231    /lib/i386-linux-gnu/libm-2.19.so
b6721000-b6722000 r--p 00043000 fc:00 5768231    /lib/i386-linux-gnu/libm-2.19.so
b6722000-b6723000 rw-p 00044000 fc:00 5768231    /lib/i386-linux-gnu/libm-2.19.so
b6723000-b70ba000 r-xp 00000000 fc:00 1182444    /usr/java/jdk1.8.0_181/jre/lib/i386/server/libjvm.so
b70ba000-b7128000 rw-p 00996000 fc:00 1182444    /usr/java/jdk1.8.0_181/jre/lib/i386/server/libjvm.so
b7128000-b7552000 rw-p 00000000 00:00 0 
b7552000-b76fb000 r-xp 00000000 fc:00 5768181    /lib/i386-linux-gnu/libc-2.19.so
b76fb000-b76fd000 r--p 001a9000 fc:00 5768181    /lib/i386-linux-gnu/libc-2.19.so
b76fd000-b76fe000 rw-p 001ab000 fc:00 5768181    /lib/i386-linux-gnu/libc-2.19.so
b76fe000-b7701000 rw-p 00000000 00:00 0 
b7701000-b7704000 r-xp 00000000 fc:00 5768198    /lib/i386-linux-gnu/libdl-2.19.so
b7704000-b7705000 r--p 00002000 fc:00 5768198    /lib/i386-linux-gnu/libdl-2.19.so
b7705000-b7706000 rw-p 00003000 fc:00 5768198    /lib/i386-linux-gnu/libdl-2.19.so
b7706000-b7707000 rw-p 00000000 00:00 0 
b7707000-b771c000 r-xp 00000000 fc:00 29382823   /usr/java/jdk1.8.0_181/lib/i386/jli/libjli.so
b771c000-b771d000 rw-p 00014000 fc:00 29382823   /usr/java/jdk1.8.0_181/lib/i386/jli/libjli.so
b771d000-b7735000 r-xp 00000000 fc:00 5768301    /lib/i386-linux-gnu/libpthread-2.19.so
b7735000-b7736000 r--p 00017000 fc:00 5768301    /lib/i386-linux-gnu/libpthread-2.19.so
b7736000-b7737000 rw-p 00018000 fc:00 5768301    /lib/i386-linux-gnu/libpthread-2.19.so
b7737000-b7739000 rw-p 00000000 00:00 0 
b7739000-b773a000 r--s 00002000 fc:00 2758329    /opt/apache-tomcat-9.0.10/lib/tomcat-api.jar
b773a000-b773c000 r--s 00007000 fc:00 2758296    /opt/apache-tomcat-9.0.10/bin/bootstrap.jar
b773c000-b773d000 r--p 00855000 fc:00 28057757   /usr/lib/locale/locale-archive
b773d000-b7744000 r-xp 00000000 fc:00 5768252    /lib/i386-linux-gnu/libnss_compat-2.19.so
b7744000-b7745000 r--p 00006000 fc:00 5768252    /lib/i386-linux-gnu/libnss_compat-2.19.so
b7745000-b7746000 rw-p 00007000 fc:00 5768252    /lib/i386-linux-gnu/libnss_compat-2.19.so
b7746000-b7747000 rw-p 00000000 00:00 0 
b7747000-b7748000 r--p 00000000 00:00 0 
b7748000-b7753000 r-xp 00000000 fc:00 1182407    /usr/java/jdk1.8.0_181/jre/lib/i386/libverify.so
b7753000-b7754000 rw-p 0000b000 fc:00 1182407    /usr/java/jdk1.8.0_181/jre/lib/i386/libverify.so
b7754000-b7756000 rw-p 00000000 00:00 0 
b7756000-b7757000 r-xp 00000000 00:00 0          [vdso]
b7757000-b7777000 r-xp 00000000 fc:00 5768157    /lib/i386-linux-gnu/ld-2.19.so
b7777000-b7778000 r--p 0001f000 fc:00 5768157    /lib/i386-linux-gnu/ld-2.19.so
b7778000-b7779000 rw-p 00020000 fc:00 5768157    /lib/i386-linux-gnu/ld-2.19.so
bfce0000-bfce1000 rwxp 00000000 00:00 0 
bfd12000-bfd34000 rw-p 00000000 00:00 0          [stack]

VM Arguments:
jvm_args: -Djava.util.logging.config.file=/opt/apache-tomcat-9.0.10/conf/logging.properties -Djava.util.logging.manager=org.apache.juli.ClassLoaderLogManager -Djdk.tls.ephemeralDHKeySize=2048 -Djava.protocol.handler.pkgs=org.apache.catalina.webresources -Dorg.apache.catalina.security.SecurityListener.UMASK=0027 -Dignore.endorsed.dirs= -Dcatalina.base=/opt/apache-tomcat-9.0.10 -Dcatalina.home=/opt/apache-tomcat-9.0.10 -Djava.io.tmpdir=/opt/apache-tomcat-9.0.10/temp 
java_command: org.apache.catalina.startup.Bootstrap start
java_class_path (initial): /opt/apache-tomcat-9.0.10/bin/bootstrap.jar:/opt/apache-tomcat-9.0.10/bin/tomcat-juli.jar
Launcher Type: SUN_STANDARD

Environment Variables:
JAVA_HOME=/usr/java/jdk1.8.0_181
CLASSPATH=/opt/apache-tomcat-9.0.10/bin/bootstrap.jar:/opt/apache-tomcat-9.0.10/bin/tomcat-juli.jar
PATH=/usr/java/jdk1.8.0_181/bin:/usr/local/sbin:/usr/local/bin:/usr/sbin:/usr/bin:/sbin:/bin:/usr/games:/usr/local/games:/usr/lib/jvm/java-8-oracle/bin:/usr/lib/jvm/java-8-oracle/db/bin:/usr/lib/jvm/java-8-oracle/jre/bin
SHELL=/bin/bash
DISPLAY=:0.0

Signal Handlers:
SIGSEGV: [libjvm.so+0x8e14c0], sa_mask[0]=11111111011111111101111111111110, sa_flags=SA_RESTART|SA_SIGINFO
SIGBUS: [libjvm.so+0x8e14c0], sa_mask[0]=11111111011111111101111111111110, sa_flags=SA_RESTART|SA_SIGINFO
SIGFPE: [libjvm.so+0x75d7d0], sa_mask[0]=11111111011111111101111111111110, sa_flags=SA_RESTART|SA_SIGINFO
SIGPIPE: [libjvm.so+0x75d7d0], sa_mask[0]=11111111011111111101111111111110, sa_flags=SA_RESTART|SA_SIGINFO
SIGXFSZ: [libjvm.so+0x75d7d0], sa_mask[0]=11111111011111111101111111111110, sa_flags=SA_RESTART|SA_SIGINFO
SIGILL: [libjvm.so+0x75d7d0], sa_mask[0]=11111111011111111101111111111110, sa_flags=SA_RESTART|SA_SIGINFO
SIGUSR1: SIG_DFL, sa_mask[0]=00000000000000000000000000000000, sa_flags=none
SIGUSR2: [libjvm.so+0x75f0b0], sa_mask[0]=00000000000000000000000000000000, sa_flags=SA_RESTART|SA_SIGINFO
SIGHUP: [libjvm.so+0x760560], sa_mask[0]=11111111011111111101111111111110, sa_flags=SA_RESTART|SA_SIGINFO
SIGINT: SIG_IGN, sa_mask[0]=00000000000000000000000000000000, sa_flags=none
SIGTERM: [libjvm.so+0x760560], sa_mask[0]=11111111011111111101111111111110, sa_flags=SA_RESTART|SA_SIGINFO
SIGQUIT: [libjvm.so+0x760560], sa_mask[0]=11111111011111111101111111111110, sa_flags=SA_RESTART|SA_SIGINFO


---------------  S Y S T E M  ---------------

OS:DISTRIB_ID=Ubuntu
DISTRIB_RELEASE=14.04
DISTRIB_CODENAME=trusty
DISTRIB_DESCRIPTION="Ubuntu 14.04.1 LTS"

uname:Linux 3.13.0-32-generic #57-Ubuntu SMP Tue Jul 15 03:51:12 UTC 2014 i686
libc:glibc 2.19 NPTL 2.19 
rlimit: STACK 8192k, CORE infinity, NPROC 15895, NOFILE 4096, AS infinity
load average:0.00 0.01 0.05

/proc/meminfo:
MemTotal:        2054616 kB
MemFree:          661308 kB
Buffers:           72824 kB
Cached:           674184 kB
SwapCached:         7112 kB
Active:           821076 kB
Inactive:         479880 kB
Active(anon):     539052 kB
Inactive(anon):   198312 kB
Active(file):     282024 kB
Inactive(file):   281568 kB
Unevictable:           0 kB
Mlocked:               0 kB
HighTotal:       1174088 kB
HighFree:         365080 kB
LowTotal:         880528 kB
LowFree:          296228 kB
SwapTotal:       2084860 kB
SwapFree:        1944140 kB
Dirty:                88 kB
Writeback:             0 kB
AnonPages:        547716 kB
Mapped:            61724 kB
Shmem:            183276 kB
Slab:              57460 kB
SReclaimable:      43596 kB
SUnreclaim:        13864 kB
KernelStack:        2952 kB
PageTables:         6968 kB
NFS_Unstable:          0 kB
Bounce:                0 kB
WritebackTmp:          0 kB
CommitLimit:     3112168 kB
Committed_AS:    2824660 kB
VmallocTotal:     122880 kB
VmallocUsed:        9800 kB
VmallocChunk:     105460 kB
HardwareCorrupted:     0 kB
AnonHugePages:    366592 kB
HugePages_Total:       0
HugePages_Free:        0
HugePages_Rsvd:        0
HugePages_Surp:        0
Hugepagesize:       2048 kB
DirectMap4k:       24568 kB
DirectMap2M:      888832 kB


CPU:total 2 (initial active 2) (2 cores per cpu, 1 threads per core) family 6 model 23 stepping 10, cmov, cx8, fxsr, mmx, sse, sse2, sse3, ssse3, tsc

/proc/cpuinfo:
processor	: 0
vendor_id	: GenuineIntel
cpu family	: 6
model		: 23
model name	: Pentium(R) Dual-Core  CPU      E5300  @ 2.60GHz
stepping	: 10
microcode	: 0xa07
cpu MHz		: 1200.000
cache size	: 2048 KB
physical id	: 0
siblings	: 2
core id		: 0
cpu cores	: 2
apicid		: 0
initial apicid	: 0
fdiv_bug	: no
f00f_bug	: no
coma_bug	: no
fpu		: yes
fpu_exception	: yes
cpuid level	: 13
wp		: yes
flags		: fpu vme de pse tsc msr pae mce cx8 apic sep mtrr pge mca cmov pat pse36 clflush dts acpi mmx fxsr sse sse2 ss ht tm pbe nx lm constant_tsc arch_perfmon pebs bts aperfmperf pni dtes64 monitor ds_cpl vmx est tm2 ssse3 cx16 xtpr pdcm xsave lahf_lm dtherm tpr_shadow vnmi flexpriority
bogomips	: 5199.78
clflush size	: 64
cache_alignment	: 64
address sizes	: 36 bits physical, 48 bits virtual
power management:

processor	: 1
vendor_id	: GenuineIntel
cpu family	: 6
model		: 23
model name	: Pentium(R) Dual-Core  CPU      E5300  @ 2.60GHz
stepping	: 10
microcode	: 0xa07
cpu MHz		: 2600.000
cache size	: 2048 KB
physical id	: 0
siblings	: 2
core id		: 1
cpu cores	: 2
apicid		: 1
initial apicid	: 1
fdiv_bug	: no
f00f_bug	: no
coma_bug	: no
fpu		: yes
fpu_exception	: yes
cpuid level	: 13
wp		: yes
flags		: fpu vme de pse tsc msr pae mce cx8 apic sep mtrr pge mca cmov pat pse36 clflush dts acpi mmx fxsr sse sse2 ss ht tm pbe nx lm constant_tsc arch_perfmon pebs bts aperfmperf pni dtes64 monitor ds_cpl vmx est tm2 ssse3 cx16 xtpr pdcm xsave lahf_lm dtherm tpr_shadow vnmi flexpriority
bogomips	: 5199.78
clflush size	: 64
cache_alignment	: 64
address sizes	: 36 bits physical, 48 bits virtual
power management:



Memory: 4k page, physical 2054616k(661308k free), swap 2084860k(1944140k free)

vm_info: Java HotSpot(TM) Server VM (25.181-b13) for linux-x86 JRE (1.8.0_181-b13), built on Jul  7 2018 01:05:52 by "java_re" with gcc 4.3.0 20080428 (Red Hat 4.3.0-8)

time: Thu Sep 13 10:30:13 2018
elapsed time: 2301 seconds (0d 0h 38m 21s)

