#
# A fatal error has been detected by the Java Runtime Environment:
#
#  SIGSEGV (0xb) at pc=0xb6c2c12b, pid=15921, tid=0xb6689b40
#
# JRE version: Java(TM) SE Runtime Environment (8.0_181-b13) (build 1.8.0_181-b13)
# Java VM: Java HotSpot(TM) Server VM (25.181-b13 mixed mode linux-x86 )
# Problematic frame:
# V  [libjvm.so+0x55c12b]  jni_GetArrayLength+0x9b
#
# Core dump written. Default location: /opt/apache-tomcat-9.0.10/bin/core or core.15921
#
# If you would like to submit a bug report, please visit:
#   http://bugreport.java.com/bugreport/crash.jsp
#

---------------  T H R E A D  ---------------

Current thread (0xb6508400):  JavaThread "main" [_thread_in_vm, id=15922, stack(0xb6639000,0xb668a000)]

siginfo: si_signo: 11 (SIGSEGV), si_code: 1 (SEGV_MAPERR), si_addr: 0x00000000

Registers:
EAX=0x00000000, EBX=0xb70b8e34, ECX=0x00000ffc, EDX=0xb70e9ca0
ESP=0xb6686dc0, EBP=0xb6686dd8, ESI=0xb6508400, EDI=0xb76f3000
EIP=0xb6c2c12b, EFLAGS=0x00010246, CR2=0x00000000

Top of Stack: (sp=0xb6686dc0)
0xb6686dc0:   82d123b0 b6508400 b6686df8 82d123b0
0xb6686dd0:   82d123b0 b6508400 b6686df8 841af83a
0xb6686de0:   b6508538 00000000 b6686e0c 83648000
0xb6686df0:   b70b8e34 b762c0cb b6687378 841af092
0xb6686e00:   b6508538 00000000 85c1a468 83647ffc
0xb6686e10:   b6687380 b66873c0 b66873b8 b6508538
0xb6686e20:   00000000 00000000 00000000 83647ff0
0xb6686e30:   82cfb160 82cfb164 82cfb168 82cfb16c 

Instructions: (pc=0xb6c2c12b)
0xb6c2c10b:   a9 00 00 00 30 74 0c 83 ec 0c 56 e8 35 2d 33 00
0xb6c2c11b:   83 c4 10 c7 86 74 01 00 00 06 00 00 00 8b 45 0c
0xb6c2c12b:   8b 00 8b 78 08 8b 83 8c dd ff ff c7 86 74 01 00
0xb6c2c13b:   00 07 00 00 00 8b 10 83 fa 01 74 71 8b 83 70 e8 

Register to memory mapping:

EAX=0x00000000 is an unknown value
EBX=0xb70b8e34: <offset 0x9e8e34> in /usr/java/jdk1.8.0_181/jre/lib/i386/server/libjvm.so at 0xb66d0000
ECX=0x00000ffc is an unknown value
EDX=0xb70e9ca0: <offset 0xa19ca0> in /usr/java/jdk1.8.0_181/jre/lib/i386/server/libjvm.so at 0xb66d0000
ESP=0xb6686dc0 is pointing into the stack for thread: 0xb6508400
EBP=0xb6686dd8 is pointing into the stack for thread: 0xb6508400
ESI=0xb6508400 is a thread
EDI=0xb76f3000 is an unknown value


Stack: [0xb6639000,0xb668a000],  sp=0xb6686dc0,  free space=311k
Native frames: (J=compiled Java code, j=interpreted, Vv=VM code, C=native code)
V  [libjvm.so+0x55c12b]  jni_GetArrayLength+0x9b
C  [calcfee.so+0x1583a]  JNIEnv_::GetArrayLength(_jarray*)+0x20
C  [calcfee.so+0x15092]  Java_com_project_communication_action_DoCostServiceSo_calcFee+0x837
j  com.project.communication.action.DoCostServiceSo.calcFee(Lcom/project/communication/model/CostServiceInputBean;)Lcom/project/communication/model/CostServiceOutputBean;+0
j  com.project.communication.action.DoCostServiceSo.initso()V+66
v  ~StubRoutines::call_stub
V  [libjvm.so+0x50696f]  JavaCalls::call_helper(JavaValue*, methodHandle*, JavaCallArguments*, Thread*)+0x101f
V  [libjvm.so+0x75bb49]  os::os_exception_wrapper(void (*)(JavaValue*, methodHandle*, JavaCallArguments*, Thread*), JavaValue*, methodHandle*, JavaCallArguments*, Thread*)+0x19
V  [libjvm.so+0x504f3f]  JavaCalls::call(JavaValue*, methodHandle, JavaCallArguments*, Thread*)+0x2f
V  [libjvm.so+0x7ce542]  Reflection::invoke(instanceKlassHandle, methodHandle, Handle, bool, objArrayHandle, BasicType, objArrayHandle, bool, Thread*)+0x4d2
V  [libjvm.so+0x7d18d8]  Reflection::invoke_method(oopDesc*, Handle, objArrayHandle, Thread*)+0x148
V  [libjvm.so+0x599d5f]  JVM_InvokeMethod+0x25f
C  [libjava.so+0xd562]  Java_sun_reflect_NativeMethodAccessorImpl_invoke0+0x32
J 1964  sun.reflect.NativeMethodAccessorImpl.invoke0(Ljava/lang/reflect/Method;Ljava/lang/Object;[Ljava/lang/Object;)Ljava/lang/Object; (0 bytes) @ 0xa79ecda2 [0xa79ecce0+0xc2]
J 1886 C1 sun.reflect.NativeMethodAccessorImpl.invoke(Ljava/lang/Object;[Ljava/lang/Object;)Ljava/lang/Object; (104 bytes) @ 0xa79cf934 [0xa79cf660+0x2d4]
J 563 C1 sun.reflect.DelegatingMethodAccessorImpl.invoke(Ljava/lang/Object;[Ljava/lang/Object;)Ljava/lang/Object; (10 bytes) @ 0xa7643a44 [0xa7643960+0xe4]
J 560 C1 java.lang.reflect.Method.invoke(Ljava/lang/Object;[Ljava/lang/Object;)Ljava/lang/Object; (62 bytes) @ 0xa763b71c [0xa763b400+0x31c]
j  org.springframework.beans.factory.support.AbstractAutowireCapableBeanFactory.invokeCustomInitMethod(Ljava/lang/String;Ljava/lang/Object;Lorg/springframework/beans/factory/support/RootBeanDefinition;)V+287
j  org.springframework.beans.factory.support.AbstractAutowireCapableBeanFactory.invokeInitMethods(Ljava/lang/String;Ljava/lang/Object;Lorg/springframework/beans/factory/support/RootBeanDefinition;)V+158
j  org.springframework.beans.factory.support.AbstractAutowireCapableBeanFactory.initializeBean(Ljava/lang/String;Ljava/lang/Object;Lorg/springframework/beans/factory/support/RootBeanDefinition;)Ljava/lang/Object;+61
j  org.springframework.beans.factory.support.AbstractAutowireCapableBeanFactory.doCreateBean(Ljava/lang/String;Lorg/springframework/beans/factory/support/RootBeanDefinition;[Ljava/lang/Object;)Ljava/lang/Object;+235
j  org.springframework.beans.factory.support.AbstractAutowireCapableBeanFactory.createBean(Ljava/lang/String;Lorg/springframework/beans/factory/support/RootBeanDefinition;[Ljava/lang/Object;)Ljava/lang/Object;+169
j  org.springframework.beans.factory.support.AbstractBeanFactory$1.getObject()Ljava/lang/Object;+16
j  org.springframework.beans.factory.support.DefaultSingletonBeanRegistry.getSingleton(Ljava/lang/String;Lorg/springframework/beans/factory/ObjectFactory;)Ljava/lang/Object;+132
j  org.springframework.beans.factory.support.AbstractBeanFactory.doGetBean(Ljava/lang/String;Ljava/lang/Class;[Ljava/lang/Object;Z)Ljava/lang/Object;+375
j  org.springframework.beans.factory.support.AbstractBeanFactory.getBean(Ljava/lang/String;)Ljava/lang/Object;+5
j  org.springframework.beans.factory.support.DefaultListableBeanFactory.preInstantiateSingletons()V+231
j  org.springframework.context.support.AbstractApplicationContext.finishBeanFactoryInitialization(Lorg/springframework/beans/factory/config/ConfigurableListableBeanFactory;)V+126
j  org.springframework.context.support.AbstractApplicationContext.refresh()V+54
j  org.springframework.web.servlet.FrameworkServlet.configureAndRefreshWebApplicationContext(Lorg/springframework/web/context/ConfigurableWebApplicationContext;)V+180
j  org.springframework.web.servlet.FrameworkServlet.createWebApplicationContext(Lorg/springframework/context/ApplicationContext;)Lorg/springframework/web/context/WebApplicationContext;+172
j  org.springframework.web.servlet.FrameworkServlet.createWebApplicationContext(Lorg/springframework/web/context/WebApplicationContext;)Lorg/springframework/web/context/WebApplicationContext;+2
j  org.springframework.web.servlet.FrameworkServlet.initWebApplicationContext()Lorg/springframework/web/context/WebApplicationContext;+79
j  org.springframework.web.servlet.FrameworkServlet.initServletBean()V+90
j  org.springframework.web.servlet.HttpServletBean.init()V+158
j  javax.servlet.GenericServlet.init(Ljavax/servlet/ServletConfig;)V+6
j  org.apache.catalina.core.StandardWrapper.initServlet(Ljavax/servlet/Servlet;)V+79
j  org.apache.catalina.core.StandardWrapper.loadServlet()Ljavax/servlet/Servlet;+330
j  org.apache.catalina.core.StandardWrapper.load()V+2
j  org.apache.catalina.core.StandardContext.loadOnStartup([Lorg/apache/catalina/Container;)Z+157
j  org.apache.catalina.core.StandardContext.startInternal()V+1280
j  org.apache.catalina.util.LifecycleBase.start()V+210
j  org.apache.catalina.core.ContainerBase.addChildInternal(Lorg/apache/catalina/Container;)V+170
j  org.apache.catalina.core.ContainerBase.addChild(Lorg/apache/catalina/Container;)V+26
j  org.apache.catalina.core.StandardHost.addChild(Lorg/apache/catalina/Container;)V+40
j  org.apache.catalina.startup.HostConfig.deployWAR(Lorg/apache/catalina/util/ContextName;Ljava/io/File;)V+1905
j  org.apache.catalina.startup.HostConfig$DeployWar.run()V+12
j  java.util.concurrent.Executors$RunnableAdapter.call()Ljava/lang/Object;+4
j  java.util.concurrent.FutureTask.run()V+42
j  org.apache.tomcat.util.threads.InlineExecutorService.execute(Ljava/lang/Runnable;)V+38
j  java.util.concurrent.AbstractExecutorService.submit(Ljava/lang/Runnable;)Ljava/util/concurrent/Future;+21
j  org.apache.catalina.startup.HostConfig.deployWARs(Ljava/io/File;[Ljava/lang/String;)V+400
j  org.apache.catalina.startup.HostConfig.deployApps()V+41
j  org.apache.catalina.startup.HostConfig.start()V+233
j  org.apache.catalina.startup.HostConfig.lifecycleEvent(Lorg/apache/catalina/LifecycleEvent;)V+161
j  org.apache.catalina.util.LifecycleBase.fireLifecycleEvent(Ljava/lang/String;Ljava/lang/Object;)V+47
j  org.apache.catalina.util.LifecycleBase.setStateInternal(Lorg/apache/catalina/LifecycleState;Ljava/lang/Object;Z)V+140
j  org.apache.catalina.util.LifecycleBase.setState(Lorg/apache/catalina/LifecycleState;)V+4
j  org.apache.catalina.core.ContainerBase.startInternal()V+228
j  org.apache.catalina.core.StandardHost.startInternal()V+153
j  org.apache.catalina.util.LifecycleBase.start()V+210
j  org.apache.catalina.core.ContainerBase$StartChild.call()Ljava/lang/Void;+4
j  org.apache.catalina.core.ContainerBase$StartChild.call()Ljava/lang/Object;+1
j  java.util.concurrent.FutureTask.run()V+42
j  org.apache.tomcat.util.threads.InlineExecutorService.execute(Ljava/lang/Runnable;)V+38
j  java.util.concurrent.AbstractExecutorService.submit(Ljava/util/concurrent/Callable;)Ljava/util/concurrent/Future;+20
j  org.apache.catalina.core.ContainerBase.startInternal()V+93
j  org.apache.catalina.core.StandardEngine.startInternal()V+41
j  org.apache.catalina.util.LifecycleBase.start()V+210
j  org.apache.catalina.core.StandardService.startInternal()V+63
j  org.apache.catalina.util.LifecycleBase.start()V+210
j  org.apache.catalina.core.StandardServer.startInternal()V+45
j  org.apache.catalina.util.LifecycleBase.start()V+210
j  org.apache.catalina.startup.Catalina.start()V+37
v  ~StubRoutines::call_stub
V  [libjvm.so+0x50696f]  JavaCalls::call_helper(JavaValue*, methodHandle*, JavaCallArguments*, Thread*)+0x101f
V  [libjvm.so+0x75bb49]  os::os_exception_wrapper(void (*)(JavaValue*, methodHandle*, JavaCallArguments*, Thread*), JavaValue*, methodHandle*, JavaCallArguments*, Thread*)+0x19
V  [libjvm.so+0x504f3f]  JavaCalls::call(JavaValue*, methodHandle, JavaCallArguments*, Thread*)+0x2f
V  [libjvm.so+0x7ce542]  Reflection::invoke(instanceKlassHandle, methodHandle, Handle, bool, objArrayHandle, BasicType, objArrayHandle, bool, Thread*)+0x4d2
V  [libjvm.so+0x7d18d8]  Reflection::invoke_method(oopDesc*, Handle, objArrayHandle, Thread*)+0x148
V  [libjvm.so+0x599d5f]  JVM_InvokeMethod+0x25f
C  [libjava.so+0xd562]  Java_sun_reflect_NativeMethodAccessorImpl_invoke0+0x32
j  sun.reflect.NativeMethodAccessorImpl.invoke0(Ljava/lang/reflect/Method;Ljava/lang/Object;[Ljava/lang/Object;)Ljava/lang/Object;+0
j  sun.reflect.NativeMethodAccessorImpl.invoke(Ljava/lang/Object;[Ljava/lang/Object;)Ljava/lang/Object;+100
J 563 C1 sun.reflect.DelegatingMethodAccessorImpl.invoke(Ljava/lang/Object;[Ljava/lang/Object;)Ljava/lang/Object; (10 bytes) @ 0xa7643a44 [0xa7643960+0xe4]
J 560 C1 java.lang.reflect.Method.invoke(Ljava/lang/Object;[Ljava/lang/Object;)Ljava/lang/Object; (62 bytes) @ 0xa763b71c [0xa763b400+0x31c]
j  org.apache.catalina.startup.Bootstrap.start()V+37
j  org.apache.catalina.startup.Bootstrap.main([Ljava/lang/String;)V+170
v  ~StubRoutines::call_stub
V  [libjvm.so+0x50696f]  JavaCalls::call_helper(JavaValue*, methodHandle*, JavaCallArguments*, Thread*)+0x101f
V  [libjvm.so+0x75bb49]  os::os_exception_wrapper(void (*)(JavaValue*, methodHandle*, JavaCallArguments*, Thread*), JavaValue*, methodHandle*, JavaCallArguments*, Thread*)+0x19
V  [libjvm.so+0x504f3f]  JavaCalls::call(JavaValue*, methodHandle, JavaCallArguments*, Thread*)+0x2f
V  [libjvm.so+0x54f227]  jni_invoke_static(JNIEnv_*, JavaValue*, _jobject*, JNICallType, _jmethodID*, JNI_ArgumentPusher*, Thread*)+0x387
V  [libjvm.so+0x561caf]  jni_CallStaticVoidMethod+0xdf
C  [libjli.so+0x78a9]  JavaMain+0x8e9
C  [libpthread.so.0+0x6f70]  start_thread+0xd0
C  [libc.so.6+0xec70e]  clone+0x5e

Java frames: (J=compiled Java code, j=interpreted, Vv=VM code)
j  com.project.communication.action.DoCostServiceSo.calcFee(Lcom/project/communication/model/CostServiceInputBean;)Lcom/project/communication/model/CostServiceOutputBean;+0
j  com.project.communication.action.DoCostServiceSo.initso()V+66
v  ~StubRoutines::call_stub
J 1964  sun.reflect.NativeMethodAccessorImpl.invoke0(Ljava/lang/reflect/Method;Ljava/lang/Object;[Ljava/lang/Object;)Ljava/lang/Object; (0 bytes) @ 0xa79ecd5e [0xa79ecce0+0x7e]
J 1886 C1 sun.reflect.NativeMethodAccessorImpl.invoke(Ljava/lang/Object;[Ljava/lang/Object;)Ljava/lang/Object; (104 bytes) @ 0xa79cf934 [0xa79cf660+0x2d4]
J 563 C1 sun.reflect.DelegatingMethodAccessorImpl.invoke(Ljava/lang/Object;[Ljava/lang/Object;)Ljava/lang/Object; (10 bytes) @ 0xa7643a44 [0xa7643960+0xe4]
J 560 C1 java.lang.reflect.Method.invoke(Ljava/lang/Object;[Ljava/lang/Object;)Ljava/lang/Object; (62 bytes) @ 0xa763b71c [0xa763b400+0x31c]
j  org.springframework.beans.factory.support.AbstractAutowireCapableBeanFactory.invokeCustomInitMethod(Ljava/lang/String;Ljava/lang/Object;Lorg/springframework/beans/factory/support/RootBeanDefinition;)V+287
j  org.springframework.beans.factory.support.AbstractAutowireCapableBeanFactory.invokeInitMethods(Ljava/lang/String;Ljava/lang/Object;Lorg/springframework/beans/factory/support/RootBeanDefinition;)V+158
j  org.springframework.beans.factory.support.AbstractAutowireCapableBeanFactory.initializeBean(Ljava/lang/String;Ljava/lang/Object;Lorg/springframework/beans/factory/support/RootBeanDefinition;)Ljava/lang/Object;+61
j  org.springframework.beans.factory.support.AbstractAutowireCapableBeanFactory.doCreateBean(Ljava/lang/String;Lorg/springframework/beans/factory/support/RootBeanDefinition;[Ljava/lang/Object;)Ljava/lang/Object;+235
j  org.springframework.beans.factory.support.AbstractAutowireCapableBeanFactory.createBean(Ljava/lang/String;Lorg/springframework/beans/factory/support/RootBeanDefinition;[Ljava/lang/Object;)Ljava/lang/Object;+169
j  org.springframework.beans.factory.support.AbstractBeanFactory$1.getObject()Ljava/lang/Object;+16
j  org.springframework.beans.factory.support.DefaultSingletonBeanRegistry.getSingleton(Ljava/lang/String;Lorg/springframework/beans/factory/ObjectFactory;)Ljava/lang/Object;+132
j  org.springframework.beans.factory.support.AbstractBeanFactory.doGetBean(Ljava/lang/String;Ljava/lang/Class;[Ljava/lang/Object;Z)Ljava/lang/Object;+375
j  org.springframework.beans.factory.support.AbstractBeanFactory.getBean(Ljava/lang/String;)Ljava/lang/Object;+5
j  org.springframework.beans.factory.support.DefaultListableBeanFactory.preInstantiateSingletons()V+231
j  org.springframework.context.support.AbstractApplicationContext.finishBeanFactoryInitialization(Lorg/springframework/beans/factory/config/ConfigurableListableBeanFactory;)V+126
j  org.springframework.context.support.AbstractApplicationContext.refresh()V+54
j  org.springframework.web.servlet.FrameworkServlet.configureAndRefreshWebApplicationContext(Lorg/springframework/web/context/ConfigurableWebApplicationContext;)V+180
j  org.springframework.web.servlet.FrameworkServlet.createWebApplicationContext(Lorg/springframework/context/ApplicationContext;)Lorg/springframework/web/context/WebApplicationContext;+172
j  org.springframework.web.servlet.FrameworkServlet.createWebApplicationContext(Lorg/springframework/web/context/WebApplicationContext;)Lorg/springframework/web/context/WebApplicationContext;+2
j  org.springframework.web.servlet.FrameworkServlet.initWebApplicationContext()Lorg/springframework/web/context/WebApplicationContext;+79
j  org.springframework.web.servlet.FrameworkServlet.initServletBean()V+90
j  org.springframework.web.servlet.HttpServletBean.init()V+158
j  javax.servlet.GenericServlet.init(Ljavax/servlet/ServletConfig;)V+6
j  org.apache.catalina.core.StandardWrapper.initServlet(Ljavax/servlet/Servlet;)V+79
j  org.apache.catalina.core.StandardWrapper.loadServlet()Ljavax/servlet/Servlet;+330
j  org.apache.catalina.core.StandardWrapper.load()V+2
j  org.apache.catalina.core.StandardContext.loadOnStartup([Lorg/apache/catalina/Container;)Z+157
j  org.apache.catalina.core.StandardContext.startInternal()V+1280
j  org.apache.catalina.util.LifecycleBase.start()V+210
j  org.apache.catalina.core.ContainerBase.addChildInternal(Lorg/apache/catalina/Container;)V+170
j  org.apache.catalina.core.ContainerBase.addChild(Lorg/apache/catalina/Container;)V+26
j  org.apache.catalina.core.StandardHost.addChild(Lorg/apache/catalina/Container;)V+40
j  org.apache.catalina.startup.HostConfig.deployWAR(Lorg/apache/catalina/util/ContextName;Ljava/io/File;)V+1905
j  org.apache.catalina.startup.HostConfig$DeployWar.run()V+12
j  java.util.concurrent.Executors$RunnableAdapter.call()Ljava/lang/Object;+4
j  java.util.concurrent.FutureTask.run()V+42
j  org.apache.tomcat.util.threads.InlineExecutorService.execute(Ljava/lang/Runnable;)V+38
j  java.util.concurrent.AbstractExecutorService.submit(Ljava/lang/Runnable;)Ljava/util/concurrent/Future;+21
j  org.apache.catalina.startup.HostConfig.deployWARs(Ljava/io/File;[Ljava/lang/String;)V+400
j  org.apache.catalina.startup.HostConfig.deployApps()V+41
j  org.apache.catalina.startup.HostConfig.start()V+233
j  org.apache.catalina.startup.HostConfig.lifecycleEvent(Lorg/apache/catalina/LifecycleEvent;)V+161
j  org.apache.catalina.util.LifecycleBase.fireLifecycleEvent(Ljava/lang/String;Ljava/lang/Object;)V+47
j  org.apache.catalina.util.LifecycleBase.setStateInternal(Lorg/apache/catalina/LifecycleState;Ljava/lang/Object;Z)V+140
j  org.apache.catalina.util.LifecycleBase.setState(Lorg/apache/catalina/LifecycleState;)V+4
j  org.apache.catalina.core.ContainerBase.startInternal()V+228
j  org.apache.catalina.core.StandardHost.startInternal()V+153
j  org.apache.catalina.util.LifecycleBase.start()V+210
j  org.apache.catalina.core.ContainerBase$StartChild.call()Ljava/lang/Void;+4
j  org.apache.catalina.core.ContainerBase$StartChild.call()Ljava/lang/Object;+1
j  java.util.concurrent.FutureTask.run()V+42
j  org.apache.tomcat.util.threads.InlineExecutorService.execute(Ljava/lang/Runnable;)V+38
j  java.util.concurrent.AbstractExecutorService.submit(Ljava/util/concurrent/Callable;)Ljava/util/concurrent/Future;+20
j  org.apache.catalina.core.ContainerBase.startInternal()V+93
j  org.apache.catalina.core.StandardEngine.startInternal()V+41
j  org.apache.catalina.util.LifecycleBase.start()V+210
j  org.apache.catalina.core.StandardService.startInternal()V+63
j  org.apache.catalina.util.LifecycleBase.start()V+210
j  org.apache.catalina.core.StandardServer.startInternal()V+45
j  org.apache.catalina.util.LifecycleBase.start()V+210
j  org.apache.catalina.startup.Catalina.start()V+37
v  ~StubRoutines::call_stub
j  sun.reflect.NativeMethodAccessorImpl.invoke0(Ljava/lang/reflect/Method;Ljava/lang/Object;[Ljava/lang/Object;)Ljava/lang/Object;+0
j  sun.reflect.NativeMethodAccessorImpl.invoke(Ljava/lang/Object;[Ljava/lang/Object;)Ljava/lang/Object;+100
J 563 C1 sun.reflect.DelegatingMethodAccessorImpl.invoke(Ljava/lang/Object;[Ljava/lang/Object;)Ljava/lang/Object; (10 bytes) @ 0xa7643a44 [0xa7643960+0xe4]
J 560 C1 java.lang.reflect.Method.invoke(Ljava/lang/Object;[Ljava/lang/Object;)Ljava/lang/Object; (62 bytes) @ 0xa763b71c [0xa763b400+0x31c]
j  org.apache.catalina.startup.Bootstrap.start()V+37
j  org.apache.catalina.startup.Bootstrap.main([Ljava/lang/String;)V+170
v  ~StubRoutines::call_stub

---------------  P R O C E S S  ---------------

Java Threads: ( => current thread )
  0x84b7a000 JavaThread "NioBlockingSelector.BlockPoller-2" daemon [_thread_in_native, id=15937, stack(0x84926000,0x84977000)]
  0x84b6a400 JavaThread "NioBlockingSelector.BlockPoller-1" daemon [_thread_in_native, id=15936, stack(0x84977000,0x849c8000)]
  0x84b08400 JavaThread "GC Daemon" daemon [_thread_blocked, id=15935, stack(0x8535a000,0x853ab000)]
  0x85cfac00 JavaThread "FileHandlerLogFilesCleaner-1" daemon [_thread_blocked, id=15934, stack(0x85502000,0x85553000)]
  0x85cd0400 JavaThread "AsyncFileHandlerWriter-17699851" daemon [_thread_blocked, id=15933, stack(0x85553000,0x855a4000)]
  0x85c39c00 JavaThread "Service Thread" daemon [_thread_blocked, id=15931, stack(0x85625000,0x85676000)]
  0x85c36c00 JavaThread "C1 CompilerThread1" daemon [_thread_blocked, id=15930, stack(0x85676000,0x856f7000)]
  0x85c34c00 JavaThread "C2 CompilerThread0" daemon [_thread_in_native, id=15929, stack(0x856f7000,0x85778000)]
  0x85c33400 JavaThread "Signal Dispatcher" daemon [_thread_blocked, id=15928, stack(0x85778000,0x857c9000)]
  0x85c17800 JavaThread "Finalizer" daemon [_thread_blocked, id=15927, stack(0x85b2e000,0x85b7f000)]
  0x85c15c00 JavaThread "Reference Handler" daemon [_thread_blocked, id=15926, stack(0x87605000,0x87656000)]
=>0xb6508400 JavaThread "main" [_thread_in_vm, id=15922, stack(0xb6639000,0xb668a000)]

Other Threads:
  0x85c10400 VMThread [stack: 0x85b7f000,0x85c00000] [id=15925]
  0x85c45400 WatcherThread [stack: 0x855a4000,0x85625000] [id=15932]

VM state:not at safepoint (normal execution)

VM Mutex/Monitor currently owned by a thread: None

Heap:
 PSYoungGen      total 136960K, used 21269K [0x9c8c0000, 0xa6e80000, 0xa7000000)
  eden space 131328K, 11% used [0x9c8c0000,0x9d81db00,0xa4900000)
  from space 5632K, 98% used [0xa4900000,0xa4e67ba0,0xa4e80000)
  to   space 19200K, 0% used [0xa5bc0000,0xa5bc0000,0xa6e80000)
 ParOldGen       total 35840K, used 15116K [0x87a00000, 0x89d00000, 0x9c8c0000)
  object space 35840K, 42% used [0x87a00000,0x888c32d0,0x89d00000)
 Metaspace       used 21980K, capacity 22779K, committed 22912K, reserved 23856K

Card table byte_map: [0x87904000,0x87a00000] byte_map_base: 0x874c7000

Marking Bits: (ParMarkBitMap*) 0xb70e9560
 Begin Bits: [0x86550000, 0x86d28000)
 End Bits:   [0x86d28000, 0x87500000)

Polling page: 0xb76f4000

CodeCache: size=245760Kb used=7189Kb max_used=7498Kb free=238570Kb
 bounds [0xa74b3000, 0xa7c23000, 0xb64b3000]
 total_blobs=3288 nmethods=3079 adapters=124
 compilation: enabled

Compilation events (10 events):
Event: 8.644 Thread 0x85c36c00 3394       2       java.beans.PropertyDescriptor::<init> (63 bytes)
Event: 8.645 Thread 0x85c36c00 nmethod 3394 0xa7904fc8 code [0xa7905120, 0xa79053a4]
Event: 8.648 Thread 0x85c36c00 3395       2       org.apache.logging.log4j.spi.LoggerRegistry::factoryKey (18 bytes)
Event: 8.648 Thread 0x85c36c00 nmethod 3395 0xa7602208 code [0xa7602320, 0xa760242c]
Event: 8.648 Thread 0x85c36c00 3396       2       org.apache.logging.log4j.spi.LoggerRegistry::getOrCreateInnerMap (42 bytes)
Event: 8.649 Thread 0x85c36c00 nmethod 3396 0xa7904b48 code [0xa7904c80, 0xa7904e78]
Event: 8.649 Thread 0x85c36c00 3397       1       java.beans.Introspector::getTargetDefaultEventIndex (5 bytes)
Event: 8.649 Thread 0x85c36c00 nmethod 3397 0xa77760c8 code [0xa77761c0, 0xa7776260]
Event: 8.649 Thread 0x85c36c00 3398       1       java.beans.Introspector::getTargetDefaultPropertyIndex (5 bytes)
Event: 8.649 Thread 0x85c36c00 nmethod 3398 0xa7775ec8 code [0xa7775fc0, 0xa7776060]

GC Heap History (10 events):
Event: 4.488 GC heap before
{Heap before GC invocations=11 (full 1):
 PSYoungGen      total 140032K, used 140028K [0x9c8c0000, 0xa7000000, 0xa7000000)
  eden space 128512K, 100% used [0x9c8c0000,0xa4640000,0xa4640000)
  from space 11520K, 99% used [0xa4640000,0xa517f218,0xa5180000)
  to   space 14336K, 0% used [0xa6200000,0xa6200000,0xa7000000)
 ParOldGen       total 38400K, used 24470K [0x87a00000, 0x89f80000, 0x9c8c0000)
  object space 38400K, 63% used [0x87a00000,0x891e59a0,0x89f80000)
 Metaspace       used 11784K, capacity 12002K, committed 12056K, reserved 12592K
Event: 4.542 GC heap after
Heap after GC invocations=11 (full 1):
 PSYoungGen      total 148224K, used 14331K [0x9c8c0000, 0xa7000000, 0xa7000000)
  eden space 133888K, 0% used [0x9c8c0000,0x9c8c0000,0xa4b80000)
  from space 14336K, 99% used [0xa6200000,0xa6ffef80,0xa7000000)
  to   space 18688K, 0% used [0xa4b80000,0xa4b80000,0xa5dc0000)
 ParOldGen       total 38400K, used 30639K [0x87a00000, 0x89f80000, 0x9c8c0000)
  object space 38400K, 79% used [0x87a00000,0x897ebe50,0x89f80000)
 Metaspace       used 11784K, capacity 12002K, committed 12056K, reserved 12592K
}
Event: 6.470 GC heap before
{Heap before GC invocations=12 (full 1):
 PSYoungGen      total 148224K, used 148219K [0x9c8c0000, 0xa7000000, 0xa7000000)
  eden space 133888K, 100% used [0x9c8c0000,0xa4b80000,0xa4b80000)
  from space 14336K, 99% used [0xa6200000,0xa6ffef80,0xa7000000)
  to   space 18688K, 0% used [0xa4b80000,0xa4b80000,0xa5dc0000)
 ParOldGen       total 38400K, used 30639K [0x87a00000, 0x89f80000, 0x9c8c0000)
  object space 38400K, 79% used [0x87a00000,0x897ebe50,0x89f80000)
 Metaspace       used 17956K, capacity 18733K, committed 18840K, reserved 19760K
Event: 6.510 GC heap after
Heap after GC invocations=12 (full 1):
 PSYoungGen      total 148224K, used 14308K [0x9c8c0000, 0xa7000000, 0xa7000000)
  eden space 133888K, 0% used [0x9c8c0000,0x9c8c0000,0xa4b80000)
  from space 14336K, 99% used [0xa4b80000,0xa59791f8,0xa5980000)
  to   space 19968K, 0% used [0xa5c80000,0xa5c80000,0xa7000000)
 ParOldGen       total 38400K, used 31343K [0x87a00000, 0x89f80000, 0x9c8c0000)
  object space 38400K, 81% used [0x87a00000,0x8989be70,0x89f80000)
 Metaspace       used 17956K, capacity 18733K, committed 18840K, reserved 19760K
}
Event: 7.030 GC heap before
{Heap before GC invocations=13 (full 1):
 PSYoungGen      total 148224K, used 54906K [0x9c8c0000, 0xa7000000, 0xa7000000)
  eden space 133888K, 30% used [0x9c8c0000,0x9f0657f0,0xa4b80000)
  from space 14336K, 99% used [0xa4b80000,0xa59791f8,0xa5980000)
  to   space 19968K, 0% used [0xa5c80000,0xa5c80000,0xa7000000)
 ParOldGen       total 38400K, used 31343K [0x87a00000, 0x89f80000, 0x9c8c0000)
  object space 38400K, 81% used [0x87a00000,0x8989be70,0x89f80000)
 Metaspace       used 19292K, capacity 20079K, committed 20096K, reserved 20784K
Event: 7.062 GC heap after
Heap after GC invocations=13 (full 1):
 PSYoungGen      total 151296K, used 3115K [0x9c8c0000, 0xa7000000, 0xa7000000)
  eden space 131328K, 0% used [0x9c8c0000,0x9c8c0000,0xa4900000)
  from space 19968K, 15% used [0xa5c80000,0xa5f8ad80,0xa7000000)
  to   space 19968K, 0% used [0xa4900000,0xa4900000,0xa5c80000)
 ParOldGen       total 38400K, used 34216K [0x87a00000, 0x89f80000, 0x9c8c0000)
  object space 38400K, 89% used [0x87a00000,0x89b6a1a8,0x89f80000)
 Metaspace       used 19292K, capacity 20079K, committed 20096K, reserved 20784K
}
Event: 7.062 GC heap before
{Heap before GC invocations=14 (full 2):
 PSYoungGen      total 151296K, used 3115K [0x9c8c0000, 0xa7000000, 0xa7000000)
  eden space 131328K, 0% used [0x9c8c0000,0x9c8c0000,0xa4900000)
  from space 19968K, 15% used [0xa5c80000,0xa5f8ad80,0xa7000000)
  to   space 19968K, 0% used [0xa4900000,0xa4900000,0xa5c80000)
 ParOldGen       total 38400K, used 34216K [0x87a00000, 0x89f80000, 0x9c8c0000)
  object space 38400K, 89% used [0x87a00000,0x89b6a1a8,0x89f80000)
 Metaspace       used 19292K, capacity 20079K, committed 20096K, reserved 20784K
Event: 7.161 GC heap after
Heap after GC invocations=14 (full 2):
 PSYoungGen      total 151296K, used 0K [0x9c8c0000, 0xa7000000, 0xa7000000)
  eden space 131328K, 0% used [0x9c8c0000,0x9c8c0000,0xa4900000)
  from space 19968K, 0% used [0xa5c80000,0xa5c80000,0xa7000000)
  to   space 19968K, 0% used [0xa4900000,0xa4900000,0xa5c80000)
 ParOldGen       total 35840K, used 15112K [0x87a00000, 0x89d00000, 0x9c8c0000)
  object space 35840K, 42% used [0x87a00000,0x888c22d0,0x89d00000)
 Metaspace       used 19292K, capacity 20079K, committed 20096K, reserved 20784K
}
Event: 8.520 GC heap before
{Heap before GC invocations=15 (full 2):
 PSYoungGen      total 151296K, used 131328K [0x9c8c0000, 0xa7000000, 0xa7000000)
  eden space 131328K, 100% used [0x9c8c0000,0xa4900000,0xa4900000)
  from space 19968K, 0% used [0xa5c80000,0xa5c80000,0xa7000000)
  to   space 19968K, 0% used [0xa4900000,0xa4900000,0xa5c80000)
 ParOldGen       total 35840K, used 15112K [0x87a00000, 0x89d00000, 0x9c8c0000)
  object space 35840K, 42% used [0x87a00000,0x888c22d0,0x89d00000)
 Metaspace       used 21896K, capacity 22683K, committed 22784K, reserved 22832K
Event: 8.533 GC heap after
Heap after GC invocations=15 (full 2):
 PSYoungGen      total 136960K, used 5534K [0x9c8c0000, 0xa6e80000, 0xa7000000)
  eden space 131328K, 0% used [0x9c8c0000,0x9c8c0000,0xa4900000)
  from space 5632K, 98% used [0xa4900000,0xa4e67ba0,0xa4e80000)
  to   space 19200K, 0% used [0xa5bc0000,0xa5bc0000,0xa6e80000)
 ParOldGen       total 35840K, used 15116K [0x87a00000, 0x89d00000, 0x9c8c0000)
  object space 35840K, 42% used [0x87a00000,0x888c32d0,0x89d00000)
 Metaspace       used 21896K, capacity 22683K, committed 22784K, reserved 22832K
}

Deoptimization events (10 events):
Event: 7.238 Thread 0xb6508400 Uncommon trap: reason=unstable_if action=reinterpret pc=0xa7873640 method=org.apache.catalina.webresources.AbstractArchiveResourceSet.getResource(Ljava/lang/String;)Lorg/apache/catalina/WebResource; @ 190
Event: 7.443 Thread 0xb6508400 Uncommon trap: reason=unstable_if action=reinterpret pc=0xa7958c2c method=java.io.UnixFileSystem.parentOrNull(Ljava/lang/String;)Ljava/lang/String; @ 81
Event: 7.607 Thread 0xb6508400 Uncommon trap: reason=bimorphic action=maybe_recompile pc=0xa7925e9c method=java.io.BufferedInputStream.read1([BII)I @ 39
Event: 7.615 Thread 0xb6508400 Uncommon trap: reason=bimorphic action=maybe_recompile pc=0xa7925e9c method=java.io.BufferedInputStream.read1([BII)I @ 39
Event: 7.681 Thread 0xb6508400 Uncommon trap: reason=range_check action=make_not_entrant pc=0xa7b9a784 method=sun.reflect.generics.parser.SignatureParser.current()C @ 34
Event: 7.992 Thread 0xb6508400 Uncommon trap: reason=class_check action=maybe_recompile pc=0xa78e989c method=java.util.concurrent.ConcurrentHashMap.putVal(Ljava/lang/Object;Ljava/lang/Object;Z)Ljava/lang/Object; @ 192
Event: 7.992 Thread 0xb6508400 Uncommon trap: reason=class_check action=maybe_recompile pc=0xa78e989c method=java.util.concurrent.ConcurrentHashMap.putVal(Ljava/lang/Object;Ljava/lang/Object;Z)Ljava/lang/Object; @ 192
Event: 7.992 Thread 0xb6508400 Uncommon trap: reason=class_check action=maybe_recompile pc=0xa78e989c method=java.util.concurrent.ConcurrentHashMap.putVal(Ljava/lang/Object;Ljava/lang/Object;Z)Ljava/lang/Object; @ 192
Event: 7.992 Thread 0xb6508400 Uncommon trap: reason=unstable_if action=reinterpret pc=0xa7baa370 method=java.util.concurrent.ConcurrentHashMap.get(Ljava/lang/Object;)Ljava/lang/Object; @ 76
Event: 8.728 Thread 0xb6508400 Uncommon trap: reason=unstable_if action=reinterpret pc=0xa7bbbc84 method=java.lang.StringCoding.encode(Ljava/lang/String;[CII)[B @ 38

Classes redefined (0 events):
No events

Internal exceptions (10 events):
Event: 8.634 Thread 0xb6508400 Exception <a 'java/lang/ClassNotFoundException': com/project/base/exception/GlobalExceptionHandlerBeanInfo> (0x9d472ec8) thrown at [/HUDSON/workspace/8-2-build-linux-i586/jdk8u181/11358/hotspot/src/share/vm/classfile/systemDictionary.cpp, line 210]
Event: 8.635 Thread 0xb6508400 Exception <a 'java/lang/ClassNotFoundException': org/springframework/web/servlet/mvc/method/annotation/ResponseEntityExceptionHandlerBeanInfo> (0x9d4d5d30) thrown at [/HUDSON/workspace/8-2-build-linux-i586/jdk8u181/11358/hotspot/src/share/vm/classfile/sys
Event: 8.636 Thread 0xb6508400 Exception <a 'java/lang/ClassNotFoundException': org/springframework/web/servlet/mvc/method/annotation/ResponseEntityExceptionHandlerCustomizer> (0x9d539e18) thrown at [/HUDSON/workspace/8-2-build-linux-i586/jdk8u181/11358/hotspot/src/share/vm/classfile/s
Event: 8.637 Thread 0xb6508400 Exception <a 'java/lang/ArrayIndexOutOfBoundsException': 136> (0x9d53c060) thrown at [/HUDSON/workspace/8-2-build-linux-i586/jdk8u181/11358/hotspot/src/share/vm/interpreter/interpreterRuntime.cpp, line 366]
Event: 8.637 Thread 0xb6508400 Exception <a 'java/lang/ArrayIndexOutOfBoundsException': 64> (0x9d53d570) thrown at [/HUDSON/workspace/8-2-build-linux-i586/jdk8u181/11358/hotspot/src/share/vm/interpreter/interpreterRuntime.cpp, line 366]
Event: 8.643 Thread 0xb6508400 Exception <a 'java/lang/ClassNotFoundException': com/project/base/exception/GlobalExceptionHandlerCustomizer> (0x9d5850e8) thrown at [/HUDSON/workspace/8-2-build-linux-i586/jdk8u181/11358/hotspot/src/share/vm/classfile/systemDictionary.cpp, line 210]
Event: 8.646 Thread 0xb6508400 Exception <a 'java/lang/ClassNotFoundException': com/project/communication/action/DoCostServiceSoBeanInfo> (0x9d5d8120) thrown at [/HUDSON/workspace/8-2-build-linux-i586/jdk8u181/11358/hotspot/src/share/vm/classfile/systemDictionary.cpp, line 210]
Event: 8.647 Thread 0xb6508400 Exception <a 'java/lang/ClassNotFoundException': com/project/communication/action/DoCostServiceSoCustomizer> (0x9d61e208) thrown at [/HUDSON/workspace/8-2-build-linux-i586/jdk8u181/11358/hotspot/src/share/vm/classfile/systemDictionary.cpp, line 210]
Event: 8.728 Thread 0xb6508400 Exception <a 'java/lang/NullPointerException'> (0x9d623658) thrown at [/HUDSON/workspace/8-2-build-linux-i586/jdk8u181/11358/hotspot/src/share/vm/prims/jni.cpp, line 1340]
Event: 8.728 Thread 0xb6508400 Exception <a 'java/lang/NullPointerException'> (0x9d623c18) thrown at [/HUDSON/workspace/8-2-build-linux-i586/jdk8u181/11358/hotspot/src/share/vm/prims/jni.cpp, line 1340]

Events (10 events):
Event: 8.646 loading class com/project/communication/action/DoCostServiceSoBeanInfo done
Event: 8.647 loading class com/project/communication/action/DoCostServiceSoCustomizer
Event: 8.647 loading class com/project/communication/action/DoCostServiceSoCustomizer done
Event: 8.647 loading class com/project/communication/action/DoCostServiceSoCustomizer
Event: 8.647 loading class com/project/communication/action/DoCostServiceSoCustomizer done
Event: 8.647 loading class com/project/communication/action/DoCostServiceSoCustomizer
Event: 8.647 loading class com/project/communication/action/DoCostServiceSoCustomizer done
Event: 8.728 Thread 0xb6508400 Uncommon trap: trap_request=0xffffff65 fr.pc=0xa7bbbc84
Event: 8.728 Thread 0xb6508400 DEOPT PACKING pc=0xa7bbbc84 sp=0xb66869d0
Event: 8.728 Thread 0xb6508400 DEOPT UNPACKING pc=0xa74edbdf sp=0xb6686990 mode 2


Dynamic libraries:
08048000-08049000 r-xp 00000000 fc:00 28585588   /usr/java/jdk1.8.0_181/bin/java
08049000-0804a000 rw-p 00000000 fc:00 28585588   /usr/java/jdk1.8.0_181/bin/java
09fe2000-0ad60000 rw-p 00000000 00:00 0          [heap]
7eb28000-7ed7f000 rw-p 00000000 00:00 0 
7ed7f000-7f743000 rw-s 00000000 00:04 2031663    /SYSV00000120 (deleted)
7f743000-80107000 rw-s 00000000 00:04 1998894    /SYSV0000011f (deleted)
80107000-80acb000 rw-s 00000000 00:04 1966125    /SYSV0000011d (deleted)
80acb000-8148f000 rw-s 00000000 00:04 1933356    /SYSV0000011c (deleted)
8148f000-81e53000 rw-s 00000000 00:04 1900587    /SYSV0000011b (deleted)
81e53000-82817000 rw-s 00000000 00:04 1867818    /SYSV0000011a (deleted)
82817000-828f3000 r-xp 00000000 fc:00 28055636   /usr/lib/i386-linux-gnu/libstdc++.so.6.0.19
828f3000-828f4000 ---p 000dc000 fc:00 28055636   /usr/lib/i386-linux-gnu/libstdc++.so.6.0.19
828f4000-828f8000 r--p 000dc000 fc:00 28055636   /usr/lib/i386-linux-gnu/libstdc++.so.6.0.19
828f8000-828f9000 rw-p 000e0000 fc:00 28055636   /usr/lib/i386-linux-gnu/libstdc++.so.6.0.19
828f9000-82920000 rw-p 00000000 00:00 0 
82920000-82a00000 ---p 00000000 00:00 0 
82a00000-82a25000 rw-p 00000000 00:00 0 
82a25000-82b00000 ---p 00000000 00:00 0 
82b00000-82c00000 rw-p 00000000 00:00 0 
82c00000-82cfc000 rw-p 00000000 00:00 0 
82cfc000-82d00000 ---p 00000000 00:00 0 
82d00000-82e00000 rw-p 00000000 00:00 0 
82e00000-82efa000 rw-p 00000000 00:00 0 
82efa000-82f00000 ---p 00000000 00:00 0 
82f00000-83000000 rw-p 00000000 00:00 0 
83000000-830fc000 rw-p 00000000 00:00 0 
830fc000-83100000 ---p 00000000 00:00 0 
83100000-831f4000 rw-p 00000000 00:00 0 
831f4000-83200000 ---p 00000000 00:00 0 
83200000-83300000 rw-p 00000000 00:00 0 
83300000-83400000 rw-p 00000000 00:00 0 
83400000-83500000 rw-p 00000000 00:00 0 
83500000-83600000 rw-p 00000000 00:00 0 
83600000-83700000 rw-p 00000000 00:00 0 
83700000-837fc000 rw-p 00000000 00:00 0 
837fc000-83800000 ---p 00000000 00:00 0 
83800000-83900000 rw-p 00000000 00:00 0 
83900000-839f4000 rw-p 00000000 00:00 0 
839f4000-83a00000 ---p 00000000 00:00 0 
83a00000-83af9000 rw-p 00000000 00:00 0 
83af9000-83b00000 ---p 00000000 00:00 0 
83b00000-83c00000 rw-p 00000000 00:00 0 
83c00000-83cfe000 rw-p 00000000 00:00 0 
83cfe000-83d00000 ---p 00000000 00:00 0 
83d00000-83dfd000 rw-p 00000000 00:00 0 
83dfd000-83e00000 ---p 00000000 00:00 0 
83e00000-83eff000 rw-p 00000000 00:00 0 
83eff000-83f00000 ---p 00000000 00:00 0 
83f00000-83ffe000 rw-p 00000000 00:00 0 
83ffe000-84000000 ---p 00000000 00:00 0 
84000000-84100000 rw-p 00000000 00:00 0 
84196000-8419a000 rw-p 00000000 00:00 0 
8419a000-841c8000 r-xp 00000000 fc:00 3813673    /opt/costso/feeso/ext/calcfee.so
841c8000-841c9000 r--p 0002d000 fc:00 3813673    /opt/costso/feeso/ext/calcfee.so
841c9000-841ca000 rw-p 0002e000 fc:00 3813673    /opt/costso/feeso/ext/calcfee.so
841ca000-841e5000 r--s 001d4000 fc:00 1182482    /usr/java/jdk1.8.0_181/jre/lib/ext/nashorn.jar
841e5000-842e5000 rw-p 00000000 00:00 0 
842e5000-842ea000 r--s 002f9000 fc:00 29104404   /usr/java/jdk1.8.0_181/jre/lib/charsets.jar
842ea000-843ea000 rw-p 00000000 00:00 0 
843ea000-843fd000 r--s 00345000 fc:00 29104410   /usr/java/jdk1.8.0_181/jre/lib/resources.jar
843fd000-84416000 r--s 000fc000 fc:00 4331422    /opt/apache-tomcat-9.0.10/webapps/cost_webservice/WEB-INF/lib/spring-context-4.3.2.RELEASE.jar
84416000-8441b000 r--s 0002f000 fc:00 4331390    /opt/apache-tomcat-9.0.10/webapps/cost_webservice/WEB-INF/lib/gson-2.3.1.jar
8441b000-84420000 r--s 00048000 fc:00 4331388    /opt/apache-tomcat-9.0.10/webapps/cost_webservice/WEB-INF/lib/dom4j-1.6.1.jar
84420000-84422000 r--s 00018000 fc:00 4331418    /opt/apache-tomcat-9.0.10/webapps/cost_webservice/WEB-INF/lib/servlet-api-2.5.jar
84422000-84425000 r--s 0000f000 fc:00 4331380    /opt/apache-tomcat-9.0.10/webapps/cost_webservice/WEB-INF/lib/commons-fileupload-1.3.2.jar
84425000-8442b000 r--s 0003f000 fc:00 4331385    /opt/apache-tomcat-9.0.10/webapps/cost_webservice/WEB-INF/lib/commons-net-3.3.jar
8442b000-8442c000 r--s 00000000 fc:00 4331412    /opt/apache-tomcat-9.0.10/webapps/cost_webservice/WEB-INF/lib/oak-mybatisBaseService-1.0.jar
8442c000-8442e000 r--s 0000a000 fc:00 4331401    /opt/apache-tomcat-9.0.10/webapps/cost_webservice/WEB-INF/lib/json.jar
8442e000-84431000 r--s 00013000 fc:00 4331389    /opt/apache-tomcat-9.0.10/webapps/cost_webservice/WEB-INF/lib/ezmorph-1.0.6.jar
84431000-84443000 r--s 000b5000 fc:00 4331430    /opt/apache-tomcat-9.0.10/webapps/cost_webservice/WEB-INF/lib/spring-web-4.3.2.RELEASE.jar
84443000-8444b000 r--s 0007c000 fc:00 4331387    /opt/apache-tomcat-9.0.10/webapps/cost_webservice/WEB-INF/lib/core-3.1.0.jar
8444b000-8445b000 r--s 000a8000 fc:00 4331379    /opt/apache-tomcat-9.0.10/webapps/cost_webservice/WEB-INF/lib/commons-collections4-4.1.jar
8445b000-8445d000 r--s 0000d000 fc:00 4331404    /opt/apache-tomcat-9.0.10/webapps/cost_webservice/WEB-INF/lib/log4j-1.2-api-2.7.jar
8445d000-84467000 r--s 0006b000 fc:00 4331427    /opt/apache-tomcat-9.0.10/webapps/cost_webservice/WEB-INF/lib/spring-orm-4.3.2.RELEASE.jar
84467000-84470000 r--s 000e9000 fc:00 4331410    /opt/apache-tomcat-9.0.10/webapps/cost_webservice/WEB-INF/lib/mysql-connector-java-5.1.40-bin.jar
84470000-84474000 r--s 0002a000 fc:00 4331381    /opt/apache-tomcat-9.0.10/webapps/cost_webservice/WEB-INF/lib/commons-io-2.4.jar
84474000-8448a000 r--s 00110000 fc:00 4331434    /opt/apache-tomcat-9.0.10/webapps/cost_webservice/WEB-INF/lib/xercesImpl-2.7.1.jar
8448a000-8448c000 r--s 0000a000 fc:00 4331399    /opt/apache-tomcat-9.0.10/webapps/cost_webservice/WEB-INF/lib/json-1.0.jar
8448c000-84499000 r--s 000ba000 fc:00 4331393    /opt/apache-tomcat-9.0.10/webapps/cost_webservice/WEB-INF/lib/jaudiotagger-2.0.3.jar
84499000-8449a000 r--s 00001000 fc:00 4331413    /opt/apache-tomcat-9.0.10/webapps/cost_webservice/WEB-INF/lib/oak-springmvcBase-1.0.jar
8449a000-8449c000 r--s 0000c000 fc:00 4331409    /opt/apache-tomcat-9.0.10/webapps/cost_webservice/WEB-INF/lib/mybatis-spring-1.3.0.jar
8449c000-8449f000 r--s 00024000 fc:00 4331400    /opt/apache-tomcat-9.0.10/webapps/cost_webservice/WEB-INF/lib/json-lib-2.4-jdk15.jar
8449f000-844ac000 r--s 000ac000 fc:00 4331421    /opt/apache-tomcat-9.0.10/webapps/cost_webservice/WEB-INF/lib/spring-beans-4.3.2.RELEASE.jar
844ac000-844b1000 r--s 00034000 fc:00 4331375    /opt/apache-tomcat-9.0.10/webapps/cost_webservice/WEB-INF/lib/commons-beanutils-1.8.0.jar
844b1000-844b6000 r--s 0003e000 fc:00 4331374    /opt/apache-tomcat-9.0.10/webapps/cost_webservice/WEB-INF/lib/barcode4j-2.1.jar
844b6000-844d6000 r--s 001a9000 fc:00 4331417    /opt/apache-tomcat-9.0.10/webapps/cost_webservice/WEB-INF/lib/poi-3.9.jar
844d6000-844df000 r--s 00054000 fc:00 4331420    /opt/apache-tomcat-9.0.10/webapps/cost_webservice/WEB-INF/lib/spring-aop-4.3.2.RELEASE.jar
844df000-844eb000 r--s 0007c000 fc:00 4331395    /opt/apache-tomcat-9.0.10/webapps/cost_webservice/WEB-INF/lib/jedis-2.9.0.jar
844eb000-844f9000 r--s 0007f000 fc:00 4331378    /opt/apache-tomcat-9.0.10/webapps/cost_webservice/WEB-INF/lib/commons-collections-3.2.1.jar
844f9000-84500000 r--s 0003a000 fc:00 4331377    /opt/apache-tomcat-9.0.10/webapps/cost_webservice/WEB-INF/lib/commons-codec-1.9.jar
84500000-84600000 rw-p 00000000 00:00 0 
84600000-84601000 r--s 00004000 fc:00 4331415    /opt/apache-tomcat-9.0.10/webapps/cost_webservice/WEB-INF/lib/oak-util-1.0.jar
84601000-84603000 r--s 00009000 fc:00 4331419    /opt/apache-tomcat-9.0.10/webapps/cost_webservice/WEB-INF/lib/slf4j-api-1.7.21.jar
84603000-84605000 r--s 0000e000 fc:00 4331416    /opt/apache-tomcat-9.0.10/webapps/cost_webservice/WEB-INF/lib/oro-2.0.8.jar
84605000-8460c000 r--s 00062000 fc:00 4331372    /opt/apache-tomcat-9.0.10/webapps/cost_webservice/WEB-INF/lib/JNative.jar
8460c000-84623000 r--s 000f9000 fc:00 4331424    /opt/apache-tomcat-9.0.10/webapps/cost_webservice/WEB-INF/lib/spring-core-4.3.2.RELEASE.jar
84623000-84628000 r--s 0003c000 fc:00 4331425    /opt/apache-tomcat-9.0.10/webapps/cost_webservice/WEB-INF/lib/spring-expression-4.3.2.RELEASE.jar
84628000-8462b000 r--s 00019000 fc:00 4331386    /opt/apache-tomcat-9.0.10/webapps/cost_webservice/WEB-INF/lib/commons-pool2-2.4.2.jar
8462b000-84630000 r--s 00029000 fc:00 4331423    /opt/apache-tomcat-9.0.10/webapps/cost_webservice/WEB-INF/lib/spring-context-support-4.3.2.RELEASE.jar
84630000-84632000 r--s 0000b000 fc:00 4331394    /opt/apache-tomcat-9.0.10/webapps/cost_webservice/WEB-INF/lib/javax.servlet.jsp-api-2.3.1.jar
84632000-84634000 r--s 0000a000 fc:00 4331396    /opt/apache-tomcat-9.0.10/webapps/cost_webservice/WEB-INF/lib/jmimemagic-0.1.2.jar
84634000-8463b000 r--s 00089000 fc:00 4331437    /opt/apache-tomcat-9.0.10/webapps/cost_webservice/WEB-INF/lib/zxing3.2.2.jar
8463b000-84643000 r--s 0003a000 fc:00 4331429    /opt/apache-tomcat-9.0.10/webapps/cost_webservice/WEB-INF/lib/spring-tx-4.3.2.RELEASE.jar
84643000-8465f000 r--s 001b3000 fc:00 4331373    /opt/apache-tomcat-9.0.10/webapps/cost_webservice/WEB-INF/lib/aspectjweaver-1.5.4.jar
8465f000-84664000 r--s 00031000 fc:00 4331405    /opt/apache-tomcat-9.0.10/webapps/cost_webservice/WEB-INF/lib/log4j-api-2.7.jar
84664000-8466f000 r--s 0009d000 fc:00 4331403    /opt/apache-tomcat-9.0.10/webapps/cost_webservice/WEB-INF/lib/jxl.jar
8466f000-84679000 r--s 0005f000 fc:00 4331426    /opt/apache-tomcat-9.0.10/webapps/cost_webservice/WEB-INF/lib/spring-jdbc-4.3.2.RELEASE.jar
84679000-84693000 r--s 0021f000 fc:00 4331397    /opt/apache-tomcat-9.0.10/webapps/cost_webservice/WEB-INF/lib/jna-platform.jar
84693000-846a1000 r--s 00083000 fc:00 4331428    /opt/apache-tomcat-9.0.10/webapps/cost_webservice/WEB-INF/lib/spring-test-4.3.2.RELEASE.jar
846a1000-846ad000 r--s 00085000 fc:00 4331391    /opt/apache-tomcat-9.0.10/webapps/cost_webservice/WEB-INF/lib/httpclient-4.3.4.jar
846ad000-846b3000 r--s 0003f000 fc:00 4331392    /opt/apache-tomcat-9.0.10/webapps/cost_webservice/WEB-INF/lib/httpcore-4.3.2.jar
846b3000-846cd000 r--s 00169000 fc:00 4331408    /opt/apache-tomcat-9.0.10/webapps/cost_webservice/WEB-INF/lib/mybatis-3.4.1.jar
846cd000-846d4000 r--s 00064000 fc:00 4331383    /opt/apache-tomcat-9.0.10/webapps/cost_webservice/WEB-INF/lib/commons-lang3-3.4.jar
846d4000-846d6000 r--s 0000a000 fc:00 4331376    /opt/apache-tomcat-9.0.10/webapps/cost_webservice/WEB-INF/lib/commons-codec-1.3.jar
846d6000-846e5000 r--s 00080000 fc:00 4331432    /opt/apache-tomcat-9.0.10/webapps/cost_webservice/WEB-INF/lib/taobao-sdk-java-auto_1455552377940-20160607.jar
846e5000-84700000 r--s 00122000 fc:00 4331406    /opt/apache-tomcat-9.0.10/webapps/cost_webservice/WEB-INF/lib/log4j-core-2.7.jar
84700000-847fd000 rw-p 00000000 00:00 0 
847fd000-84800000 ---p 00000000 00:00 0 
84800000-84801000 r--s 00001000 fc:00 4331414    /opt/apache-tomcat-9.0.10/webapps/cost_webservice/WEB-INF/lib/oak-tag-1.0.jar
84801000-84805000 r--s 00010000 fc:00 4331436    /opt/apache-tomcat-9.0.10/webapps/cost_webservice/WEB-INF/lib/xmlParserAPIs-2.0.2.jar
84805000-8480a000 r--s 00040000 fc:00 4331382    /opt/apache-tomcat-9.0.10/webapps/cost_webservice/WEB-INF/lib/commons-lang-2.5.jar
8480a000-8481c000 r--s 000ce000 fc:00 4331431    /opt/apache-tomcat-9.0.10/webapps/cost_webservice/WEB-INF/lib/spring-webmvc-4.3.2.RELEASE.jar
8481c000-84826000 r--s 0005c000 fc:00 4331402    /opt/apache-tomcat-9.0.10/webapps/cost_webservice/WEB-INF/lib/jstl-1.2.jar
84826000-84926000 rw-p 00000000 00:00 0 
84926000-84929000 ---p 00000000 00:00 0 
84929000-84977000 rw-p 00000000 00:00 0          [stack:15937]
84977000-8497a000 ---p 00000000 00:00 0 
8497a000-849c8000 rw-p 00000000 00:00 0          [stack:15936]
849c8000-849e4000 r-xp 00000000 fc:00 5768208    /lib/i386-linux-gnu/libgcc_s.so.1
849e4000-849e5000 rw-p 0001b000 fc:00 5768208    /lib/i386-linux-gnu/libgcc_s.so.1
849e5000-849e6000 r--s 00007000 fc:00 4331433    /opt/apache-tomcat-9.0.10/webapps/cost_webservice/WEB-INF/lib/ueditor-1.1.2.jar
849e6000-849e8000 r--s 0000d000 fc:00 4331384    /opt/apache-tomcat-9.0.10/webapps/cost_webservice/WEB-INF/lib/commons-logging-1.1.1.jar
849e8000-849ec000 r--s 0015c000 fc:00 4331398    /opt/apache-tomcat-9.0.10/webapps/cost_webservice/WEB-INF/lib/jna.jar
849ec000-84a00000 r--p 00000000 fc:00 29759663   /usr/share/locale-langpack/zh_CN/LC_MESSAGES/libc.mo
84a00000-84b00000 rw-p 00000000 00:00 0 
84b00000-84c00000 rw-p 00000000 00:00 0 
84c00000-84cff000 rw-p 00000000 00:00 0 
84cff000-84d00000 ---p 00000000 00:00 0 
84d00000-84e00000 rw-p 00000000 00:00 0 
84e00000-84f00000 rw-p 00000000 00:00 0 
84f00000-85000000 rw-p 00000000 00:00 0 
85000000-850fb000 rw-p 00000000 00:00 0 
850fb000-85100000 ---p 00000000 00:00 0 
85100000-85200000 rw-p 00000000 00:00 0 
85200000-852fe000 rw-p 00000000 00:00 0 
852fe000-85300000 ---p 00000000 00:00 0 
85300000-85302000 r--s 00005000 fc:00 4331407    /opt/apache-tomcat-9.0.10/webapps/cost_webservice/WEB-INF/lib/log4j-web-2.7.jar
85302000-85307000 r--s 00016000 fc:00 4331435    /opt/apache-tomcat-9.0.10/webapps/cost_webservice/WEB-INF/lib/xml-apis-1.0.b2.jar
85307000-8530e000 r--s 00000000 fc:00 28056572   /usr/lib/i386-linux-gnu/gconv/gconv-modules.cache
8530e000-85313000 r--s 0003f000 fc:00 1182475    /usr/java/jdk1.8.0_181/jre/lib/ext/sunjce_provider.jar
85313000-85346000 r-xp 00000000 fc:00 1182438    /usr/java/jdk1.8.0_181/jre/lib/i386/libsunec.so
85346000-8534a000 rw-p 00032000 fc:00 1182438    /usr/java/jdk1.8.0_181/jre/lib/i386/libsunec.so
8534a000-8534e000 rw-p 00000000 00:00 0 
8534e000-85352000 r--s 0003a000 fc:00 1182478    /usr/java/jdk1.8.0_181/jre/lib/ext/sunpkcs11.jar
85352000-85355000 r--s 0001a000 fc:00 29104398   /usr/java/jdk1.8.0_181/jre/lib/jce.jar
85355000-8535a000 r--s 0009d000 fc:00 29104420   /usr/java/jdk1.8.0_181/jre/lib/jsse.jar
8535a000-8535d000 ---p 00000000 00:00 0 
8535d000-853ab000 rw-p 00000000 00:00 0          [stack:15935]
853ab000-853b5000 r--s 00116000 fc:00 1182477    /usr/java/jdk1.8.0_181/jre/lib/ext/localedata.jar
853b5000-853d1000 r--s 00393000 fc:00 1182473    /usr/java/jdk1.8.0_181/jre/lib/ext/cldrdata.jar
853d1000-853d9000 r-xp 00000000 fc:00 1182400    /usr/java/jdk1.8.0_181/jre/lib/i386/libmanagement.so
853d9000-853da000 rw-p 00007000 fc:00 1182400    /usr/java/jdk1.8.0_181/jre/lib/i386/libmanagement.so
853da000-853f1000 r--s 0028e000 fc:00 2758341    /opt/apache-tomcat-9.0.10/lib/ecj-4.7.3a.jar
853f1000-853f6000 r--s 00046000 fc:00 2758340    /opt/apache-tomcat-9.0.10/lib/tomcat-dbcp.jar
853f6000-853fb000 r--s 00034000 fc:00 2758338    /opt/apache-tomcat-9.0.10/lib/tomcat-websocket.jar
853fb000-85400000 r--s 0002f000 fc:00 2758337    /opt/apache-tomcat-9.0.10/lib/tomcat-util-scan.jar
85400000-854fd000 rw-p 00000000 00:00 0 
854fd000-85500000 ---p 00000000 00:00 0 
85500000-85502000 r--s 00009000 fc:00 1182474    /usr/java/jdk1.8.0_181/jre/lib/ext/sunec.jar
85502000-85505000 ---p 00000000 00:00 0 
85505000-85553000 rw-p 00000000 00:00 0          [stack:15934]
85553000-85556000 ---p 00000000 00:00 0 
85556000-855a4000 rw-p 00000000 00:00 0          [stack:15933]
855a4000-855a5000 ---p 00000000 00:00 0 
855a5000-85625000 rw-p 00000000 00:00 0          [stack:15932]
85625000-85628000 ---p 00000000 00:00 0 
85628000-85676000 rw-p 00000000 00:00 0          [stack:15931]
85676000-85679000 ---p 00000000 00:00 0 
85679000-856f7000 rw-p 00000000 00:00 0          [stack:15930]
856f7000-856fa000 ---p 00000000 00:00 0 
856fa000-85778000 rw-p 00000000 00:00 0          [stack:15929]
85778000-8577b000 ---p 00000000 00:00 0 
8577b000-857c9000 rw-p 00000000 00:00 0          [stack:15928]
857c9000-8592e000 r--p 001c8000 fc:00 28057757   /usr/lib/locale/locale-archive
8592e000-85b2e000 r--p 00000000 fc:00 28057757   /usr/lib/locale/locale-archive
85b2e000-85b31000 ---p 00000000 00:00 0 
85b31000-85b7f000 rw-p 00000000 00:00 0          [stack:15927]
85b7f000-85b80000 ---p 00000000 00:00 0 
85b80000-85c00000 rw-p 00000000 00:00 0          [stack:15925]
85c00000-85d00000 rw-p 00000000 00:00 0 
85d00000-85d02000 r--s 00013000 fc:00 2758344    /opt/apache-tomcat-9.0.10/lib/el-api.jar
85d02000-85d04000 r--s 0000c000 fc:00 2758343    /opt/apache-tomcat-9.0.10/lib/catalina-ant.jar
85d04000-85d08000 r--s 0001f000 fc:00 2758336    /opt/apache-tomcat-9.0.10/lib/tomcat-util.jar
85d08000-85d0b000 r--s 0000d000 fc:00 2758335    /opt/apache-tomcat-9.0.10/lib/jsp-api.jar
85d0b000-85d20000 r-xp 00000000 fc:00 1182463    /usr/java/jdk1.8.0_181/jre/lib/i386/libnet.so
85d20000-85d21000 rw-p 00015000 fc:00 1182463    /usr/java/jdk1.8.0_181/jre/lib/i386/libnet.so
85d21000-85d34000 r--s 0017f000 fc:00 2758333    /opt/apache-tomcat-9.0.10/lib/catalina.jar
85d34000-85f0e000 r--s 03d6b000 fc:00 29104416   /usr/java/jdk1.8.0_181/jre/lib/rt.jar
85f0e000-86354000 rw-p 00000000 00:00 0 
86354000-8635a000 ---p 00000000 00:00 0 
8635a000-87500000 rw-p 00000000 00:00 0 
87500000-875f4000 rw-p 00000000 00:00 0 
875f4000-87600000 ---p 00000000 00:00 0 
87600000-87602000 r--s 0000e000 fc:00 2758342    /opt/apache-tomcat-9.0.10/lib/tomcat-i18n-es.jar
87602000-87605000 r--s 00022000 fc:00 2758334    /opt/apache-tomcat-9.0.10/lib/tomcat-jdbc.jar
87605000-87608000 ---p 00000000 00:00 0 
87608000-87700000 rw-p 00000000 00:00 0          [stack:15926]
87700000-87721000 rw-p 00000000 00:00 0 
87721000-87800000 ---p 00000000 00:00 0 
87800000-87802000 r--s 00009000 fc:00 2758339    /opt/apache-tomcat-9.0.10/lib/tomcat-i18n-ja.jar
87802000-87803000 ---p 00000000 00:00 0 
87803000-87883000 rw-p 00000000 00:00 0          [stack:15924]
87883000-87884000 ---p 00000000 00:00 0 
87884000-87916000 rw-p 00000000 00:00 0          [stack:15923]
87916000-879ab000 ---p 00000000 00:00 0 
879ab000-879ff000 rw-p 00000000 00:00 0 
879ff000-89d00000 rw-p 00000000 00:00 0 
89d00000-9c8c0000 ---p 00000000 00:00 0 
9c8c0000-a6e80000 rw-p 00000000 00:00 0 
a6e80000-a7000000 ---p 00000000 00:00 0 
a7000000-a700f000 r-xp 00000000 fc:00 1182415    /usr/java/jdk1.8.0_181/jre/lib/i386/libnio.so
a700f000-a7010000 rw-p 0000e000 fc:00 1182415    /usr/java/jdk1.8.0_181/jre/lib/i386/libnio.so
a7010000-a7012000 r--s 00008000 fc:00 2758332    /opt/apache-tomcat-9.0.10/lib/tomcat-i18n-fr.jar
a7012000-a7015000 r--s 00042000 fc:00 2758331    /opt/apache-tomcat-9.0.10/lib/servlet-api.jar
a7015000-a7017000 r--s 00002000 fc:00 2758330    /opt/apache-tomcat-9.0.10/lib/annotations-api.jar
a7017000-a701e000 r--s 00081000 fc:00 2758328    /opt/apache-tomcat-9.0.10/lib/jasper.jar
a701e000-a7021000 r--s 0001b000 fc:00 2758327    /opt/apache-tomcat-9.0.10/lib/catalina-ha.jar
a7021000-a7023000 r--s 00008000 fc:00 2758326    /opt/apache-tomcat-9.0.10/lib/websocket-api.jar
a7023000-a7026000 r--s 00026000 fc:00 2758325    /opt/apache-tomcat-9.0.10/lib/jasper-el.jar
a7026000-a702b000 r--s 00043000 fc:00 2758324    /opt/apache-tomcat-9.0.10/lib/catalina-tribes.jar
a702b000-a7037000 r--s 000c0000 fc:00 2758323    /opt/apache-tomcat-9.0.10/lib/tomcat-coyote.jar
a7037000-a7039000 r--s 00011000 fc:00 2758322    /opt/apache-tomcat-9.0.10/lib/catalina-storeconfig.jar
a7039000-a703b000 r--s 00007000 fc:00 2758321    /opt/apache-tomcat-9.0.10/lib/tomcat-jni.jar
a703b000-a703d000 r--s 00005000 fc:00 2758320    /opt/apache-tomcat-9.0.10/lib/jaspic-api.jar
a703d000-a703f000 r--s 0000a000 fc:00 2758292    /opt/apache-tomcat-9.0.10/bin/tomcat-juli.jar
a703f000-a705d000 rw-p 00000000 00:00 0 
a705d000-a70f3000 ---p 00000000 00:00 0 
a70f3000-a7111000 rw-p 00000000 00:00 0 
a7111000-a74b3000 ---p 00000000 00:00 0 
a74b3000-a7c23000 rwxp 00000000 00:00 0 
a7c23000-b64b3000 ---p 00000000 00:00 0 
b64b3000-b64be000 r-xp 00000000 fc:00 5768256    /lib/i386-linux-gnu/libnss_files-2.19.so
b64be000-b64bf000 r--p 0000a000 fc:00 5768256    /lib/i386-linux-gnu/libnss_files-2.19.so
b64bf000-b64c0000 rw-p 0000b000 fc:00 5768256    /lib/i386-linux-gnu/libnss_files-2.19.so
b64c0000-b64ca000 r-xp 00000000 fc:00 5768266    /lib/i386-linux-gnu/libnss_nis-2.19.so
b64ca000-b64cb000 r--p 00009000 fc:00 5768266    /lib/i386-linux-gnu/libnss_nis-2.19.so
b64cb000-b64cc000 rw-p 0000a000 fc:00 5768266    /lib/i386-linux-gnu/libnss_nis-2.19.so
b64cc000-b64e1000 r-xp 00000000 fc:00 5768250    /lib/i386-linux-gnu/libnsl-2.19.so
b64e1000-b64e2000 r--p 00015000 fc:00 5768250    /lib/i386-linux-gnu/libnsl-2.19.so
b64e2000-b64e3000 rw-p 00016000 fc:00 5768250    /lib/i386-linux-gnu/libnsl-2.19.so
b64e3000-b64e5000 rw-p 00000000 00:00 0 
b64e5000-b64ff000 r-xp 00000000 fc:00 1182465    /usr/java/jdk1.8.0_181/jre/lib/i386/libzip.so
b64ff000-b6500000 rw-p 00019000 fc:00 1182465    /usr/java/jdk1.8.0_181/jre/lib/i386/libzip.so
b6500000-b65fa000 rw-p 00000000 00:00 0 
b65fa000-b6600000 ---p 00000000 00:00 0 
b6600000-b6601000 r--s 00001000 fc:00 4331411    /opt/apache-tomcat-9.0.10/webapps/cost_webservice/WEB-INF/lib/oak-baseMode-1.0.jar
b6601000-b6603000 r--s 00005000 fc:00 2758299    /opt/apache-tomcat-9.0.10/bin/commons-daemon.jar
b6603000-b660b000 rw-s 00000000 fc:00 20709402   /tmp/hsperfdata_root/15921
b660b000-b662f000 r-xp 00000000 fc:00 1182459    /usr/java/jdk1.8.0_181/jre/lib/i386/libjava.so
b662f000-b6630000 rw-p 00024000 fc:00 1182459    /usr/java/jdk1.8.0_181/jre/lib/i386/libjava.so
b6630000-b6637000 r-xp 00000000 fc:00 5768309    /lib/i386-linux-gnu/librt-2.19.so
b6637000-b6638000 r--p 00006000 fc:00 5768309    /lib/i386-linux-gnu/librt-2.19.so
b6638000-b6639000 rw-p 00007000 fc:00 5768309    /lib/i386-linux-gnu/librt-2.19.so
b6639000-b663c000 ---p 00000000 00:00 0 
b663c000-b668a000 rw-p 00000000 00:00 0          [stack:15922]
b668a000-b66ce000 r-xp 00000000 fc:00 5768231    /lib/i386-linux-gnu/libm-2.19.so
b66ce000-b66cf000 r--p 00043000 fc:00 5768231    /lib/i386-linux-gnu/libm-2.19.so
b66cf000-b66d0000 rw-p 00044000 fc:00 5768231    /lib/i386-linux-gnu/libm-2.19.so
b66d0000-b7067000 r-xp 00000000 fc:00 1182444    /usr/java/jdk1.8.0_181/jre/lib/i386/server/libjvm.so
b7067000-b70d5000 rw-p 00996000 fc:00 1182444    /usr/java/jdk1.8.0_181/jre/lib/i386/server/libjvm.so
b70d5000-b74ff000 rw-p 00000000 00:00 0 
b74ff000-b76a8000 r-xp 00000000 fc:00 5768181    /lib/i386-linux-gnu/libc-2.19.so
b76a8000-b76aa000 r--p 001a9000 fc:00 5768181    /lib/i386-linux-gnu/libc-2.19.so
b76aa000-b76ab000 rw-p 001ab000 fc:00 5768181    /lib/i386-linux-gnu/libc-2.19.so
b76ab000-b76ae000 rw-p 00000000 00:00 0 
b76ae000-b76b1000 r-xp 00000000 fc:00 5768198    /lib/i386-linux-gnu/libdl-2.19.so
b76b1000-b76b2000 r--p 00002000 fc:00 5768198    /lib/i386-linux-gnu/libdl-2.19.so
b76b2000-b76b3000 rw-p 00003000 fc:00 5768198    /lib/i386-linux-gnu/libdl-2.19.so
b76b3000-b76b4000 rw-p 00000000 00:00 0 
b76b4000-b76c9000 r-xp 00000000 fc:00 29382823   /usr/java/jdk1.8.0_181/lib/i386/jli/libjli.so
b76c9000-b76ca000 rw-p 00014000 fc:00 29382823   /usr/java/jdk1.8.0_181/lib/i386/jli/libjli.so
b76ca000-b76e2000 r-xp 00000000 fc:00 5768301    /lib/i386-linux-gnu/libpthread-2.19.so
b76e2000-b76e3000 r--p 00017000 fc:00 5768301    /lib/i386-linux-gnu/libpthread-2.19.so
b76e3000-b76e4000 rw-p 00018000 fc:00 5768301    /lib/i386-linux-gnu/libpthread-2.19.so
b76e4000-b76e6000 rw-p 00000000 00:00 0 
b76e6000-b76e7000 r--s 00002000 fc:00 2758329    /opt/apache-tomcat-9.0.10/lib/tomcat-api.jar
b76e7000-b76e9000 r--s 00007000 fc:00 2758296    /opt/apache-tomcat-9.0.10/bin/bootstrap.jar
b76e9000-b76ea000 r--p 00855000 fc:00 28057757   /usr/lib/locale/locale-archive
b76ea000-b76f1000 r-xp 00000000 fc:00 5768252    /lib/i386-linux-gnu/libnss_compat-2.19.so
b76f1000-b76f2000 r--p 00006000 fc:00 5768252    /lib/i386-linux-gnu/libnss_compat-2.19.so
b76f2000-b76f3000 rw-p 00007000 fc:00 5768252    /lib/i386-linux-gnu/libnss_compat-2.19.so
b76f3000-b76f4000 rw-p 00000000 00:00 0 
b76f4000-b76f5000 r--p 00000000 00:00 0 
b76f5000-b7700000 r-xp 00000000 fc:00 1182407    /usr/java/jdk1.8.0_181/jre/lib/i386/libverify.so
b7700000-b7701000 rw-p 0000b000 fc:00 1182407    /usr/java/jdk1.8.0_181/jre/lib/i386/libverify.so
b7701000-b7703000 rw-p 00000000 00:00 0 
b7703000-b7704000 r-xp 00000000 00:00 0          [vdso]
b7704000-b7724000 r-xp 00000000 fc:00 5768157    /lib/i386-linux-gnu/ld-2.19.so
b7724000-b7725000 r--p 0001f000 fc:00 5768157    /lib/i386-linux-gnu/ld-2.19.so
b7725000-b7726000 rw-p 00020000 fc:00 5768157    /lib/i386-linux-gnu/ld-2.19.so
bfa9e000-bfa9f000 rwxp 00000000 00:00 0 
bfad0000-bfaf2000 rw-p 00000000 00:00 0          [stack]

VM Arguments:
jvm_args: -Djava.util.logging.config.file=/opt/apache-tomcat-9.0.10/conf/logging.properties -Djava.util.logging.manager=org.apache.juli.ClassLoaderLogManager -Djdk.tls.ephemeralDHKeySize=2048 -Djava.protocol.handler.pkgs=org.apache.catalina.webresources -Dorg.apache.catalina.security.SecurityListener.UMASK=0027 -Dignore.endorsed.dirs= -Dcatalina.base=/opt/apache-tomcat-9.0.10 -Dcatalina.home=/opt/apache-tomcat-9.0.10 -Djava.io.tmpdir=/opt/apache-tomcat-9.0.10/temp 
java_command: org.apache.catalina.startup.Bootstrap start
java_class_path (initial): /opt/apache-tomcat-9.0.10/bin/bootstrap.jar:/opt/apache-tomcat-9.0.10/bin/tomcat-juli.jar
Launcher Type: SUN_STANDARD

Environment Variables:
JAVA_HOME=/usr/java/jdk1.8.0_181
CLASSPATH=/opt/apache-tomcat-9.0.10/bin/bootstrap.jar:/opt/apache-tomcat-9.0.10/bin/tomcat-juli.jar
PATH=/usr/java/jdk1.8.0_181/bin:/usr/local/sbin:/usr/local/bin:/usr/sbin:/usr/bin:/sbin:/bin:/usr/games:/usr/local/games:/usr/lib/jvm/java-8-oracle/bin:/usr/lib/jvm/java-8-oracle/db/bin:/usr/lib/jvm/java-8-oracle/jre/bin
SHELL=/bin/bash
DISPLAY=:0.0

Signal Handlers:
SIGSEGV: [libjvm.so+0x8e14c0], sa_mask[0]=11111111011111111101111111111110, sa_flags=SA_RESTART|SA_SIGINFO
SIGBUS: [libjvm.so+0x8e14c0], sa_mask[0]=11111111011111111101111111111110, sa_flags=SA_RESTART|SA_SIGINFO
SIGFPE: [libjvm.so+0x75d7d0], sa_mask[0]=11111111011111111101111111111110, sa_flags=SA_RESTART|SA_SIGINFO
SIGPIPE: [libjvm.so+0x75d7d0], sa_mask[0]=11111111011111111101111111111110, sa_flags=SA_RESTART|SA_SIGINFO
SIGXFSZ: [libjvm.so+0x75d7d0], sa_mask[0]=11111111011111111101111111111110, sa_flags=SA_RESTART|SA_SIGINFO
SIGILL: [libjvm.so+0x75d7d0], sa_mask[0]=11111111011111111101111111111110, sa_flags=SA_RESTART|SA_SIGINFO
SIGUSR1: SIG_DFL, sa_mask[0]=00000000000000000000000000000000, sa_flags=none
SIGUSR2: [libjvm.so+0x75f0b0], sa_mask[0]=00000000000000000000000000000000, sa_flags=SA_RESTART|SA_SIGINFO
SIGHUP: [libjvm.so+0x760560], sa_mask[0]=11111111011111111101111111111110, sa_flags=SA_RESTART|SA_SIGINFO
SIGINT: SIG_IGN, sa_mask[0]=00000000000000000000000000000000, sa_flags=none
SIGTERM: [libjvm.so+0x760560], sa_mask[0]=11111111011111111101111111111110, sa_flags=SA_RESTART|SA_SIGINFO
SIGQUIT: [libjvm.so+0x760560], sa_mask[0]=11111111011111111101111111111110, sa_flags=SA_RESTART|SA_SIGINFO


---------------  S Y S T E M  ---------------

OS:DISTRIB_ID=Ubuntu
DISTRIB_RELEASE=14.04
DISTRIB_CODENAME=trusty
DISTRIB_DESCRIPTION="Ubuntu 14.04.1 LTS"

uname:Linux 3.13.0-32-generic #57-Ubuntu SMP Tue Jul 15 03:51:12 UTC 2014 i686
libc:glibc 2.19 NPTL 2.19 
rlimit: STACK 8192k, CORE infinity, NPROC 15895, NOFILE 4096, AS infinity
load average:0.31 0.08 0.07

/proc/meminfo:
MemTotal:        2054616 kB
MemFree:          165952 kB
Buffers:          131288 kB
Cached:           954412 kB
SwapCached:            0 kB
Active:           678740 kB
Inactive:         985420 kB
Active(anon):     348544 kB
Inactive(anon):   326244 kB
Active(file):     330196 kB
Inactive(file):   659176 kB
Unevictable:           0 kB
Mlocked:               0 kB
HighTotal:       1174088 kB
HighFree:          69308 kB
LowTotal:         880528 kB
LowFree:           96644 kB
SwapTotal:       2084860 kB
SwapFree:        2084812 kB
Dirty:               176 kB
Writeback:             0 kB
AnonPages:        578508 kB
Mapped:            84660 kB
Shmem:             96328 kB
Slab:             166396 kB
SReclaimable:     152060 kB
SUnreclaim:        14336 kB
KernelStack:        2680 kB
PageTables:         7004 kB
NFS_Unstable:          0 kB
Bounce:                0 kB
WritebackTmp:          0 kB
CommitLimit:     3112168 kB
Committed_AS:    2604328 kB
VmallocTotal:     122880 kB
VmallocUsed:        9768 kB
VmallocChunk:     104784 kB
HardwareCorrupted:     0 kB
AnonHugePages:    356352 kB
HugePages_Total:       0
HugePages_Free:        0
HugePages_Rsvd:        0
HugePages_Surp:        0
Hugepagesize:       2048 kB
DirectMap4k:       20472 kB
DirectMap2M:      892928 kB


CPU:total 2 (initial active 2) (2 cores per cpu, 1 threads per core) family 6 model 23 stepping 10, cmov, cx8, fxsr, mmx, sse, sse2, sse3, ssse3, tsc

/proc/cpuinfo:
processor	: 0
vendor_id	: GenuineIntel
cpu family	: 6
model		: 23
model name	: Pentium(R) Dual-Core  CPU      E5300  @ 2.60GHz
stepping	: 10
microcode	: 0xa07
cpu MHz		: 2600.000
cache size	: 2048 KB
physical id	: 0
siblings	: 2
core id		: 0
cpu cores	: 2
apicid		: 0
initial apicid	: 0
fdiv_bug	: no
f00f_bug	: no
coma_bug	: no
fpu		: yes
fpu_exception	: yes
cpuid level	: 13
wp		: yes
flags		: fpu vme de pse tsc msr pae mce cx8 apic sep mtrr pge mca cmov pat pse36 clflush dts acpi mmx fxsr sse sse2 ss ht tm pbe nx lm constant_tsc arch_perfmon pebs bts aperfmperf pni dtes64 monitor ds_cpl vmx est tm2 ssse3 cx16 xtpr pdcm xsave lahf_lm dtherm tpr_shadow vnmi flexpriority
bogomips	: 5199.48
clflush size	: 64
cache_alignment	: 64
address sizes	: 36 bits physical, 48 bits virtual
power management:

processor	: 1
vendor_id	: GenuineIntel
cpu family	: 6
model		: 23
model name	: Pentium(R) Dual-Core  CPU      E5300  @ 2.60GHz
stepping	: 10
microcode	: 0xa07
cpu MHz		: 2600.000
cache size	: 2048 KB
physical id	: 0
siblings	: 2
core id		: 1
cpu cores	: 2
apicid		: 1
initial apicid	: 1
fdiv_bug	: no
f00f_bug	: no
coma_bug	: no
fpu		: yes
fpu_exception	: yes
cpuid level	: 13
wp		: yes
flags		: fpu vme de pse tsc msr pae mce cx8 apic sep mtrr pge mca cmov pat pse36 clflush dts acpi mmx fxsr sse sse2 ss ht tm pbe nx lm constant_tsc arch_perfmon pebs bts aperfmperf pni dtes64 monitor ds_cpl vmx est tm2 ssse3 cx16 xtpr pdcm xsave lahf_lm dtherm tpr_shadow vnmi flexpriority
bogomips	: 5199.48
clflush size	: 64
cache_alignment	: 64
address sizes	: 36 bits physical, 48 bits virtual
power management:



Memory: 4k page, physical 2054616k(165952k free), swap 2084860k(2084812k free)

vm_info: Java HotSpot(TM) Server VM (25.181-b13) for linux-x86 JRE (1.8.0_181-b13), built on Jul  7 2018 01:05:52 by "java_re" with gcc 4.3.0 20080428 (Red Hat 4.3.0-8)

time: Sat Sep  1 16:18:56 2018
elapsed time: 8 seconds (0d 0h 0m 8s)

