03-Sep-2018 09:56:44.499 信息 [ContainerBackgroundProcessor[StandardEngine[Catalina]]] org.apache.catalina.startup.HostConfig.reload Reloading context [/cost_webservice]
03-Sep-2018 09:56:44.501 信息 [ContainerBackgroundProcessor[StandardEngine[Catalina]]] org.apache.catalina.core.StandardContext.reload Reloading Context with name [/cost_webservice] has started
03-Sep-2018 09:56:46.940 信息 [ContainerBackgroundProcessor[StandardEngine[Catalina]]] org.apache.jasper.servlet.TldScanner.scanJars At least one JAR was scanned for TLDs yet contained no TLDs. Enable debug logging for this logger for a complete list of JARs that were scanned but no TLDs were found in them. Skipping unneeded JARs during scanning can improve startup time and JSP compilation time.
03-Sep-2018 09:56:47.685 严重 [ContainerBackgroundProcessor[StandardEngine[Catalina]]] org.apache.catalina.core.StandardContext.startInternal One or more listeners failed to start. Full details will be found in the appropriate container log file
03-Sep-2018 09:56:47.686 严重 [ContainerBackgroundProcessor[StandardEngine[Catalina]]] org.apache.catalina.core.StandardContext.startInternal Context [/cost_webservice] startup failed due to previous errors
03-Sep-2018 09:56:47.747 信息 [ContainerBackgroundProcessor[StandardEngine[Catalina]]] org.apache.catalina.core.StandardContext.reload Reloading Context with name [/cost_webservice] is completed
03-Sep-2018 09:56:56.392 信息 [main] org.apache.catalina.core.StandardServer.await A valid shutdown command was received via the shutdown port. Stopping the Server instance.
03-Sep-2018 09:56:56.392 信息 [main] org.apache.coyote.AbstractProtocol.pause Pausing ProtocolHandler ["http-nio-8080"]
03-Sep-2018 09:56:56.401 信息 [main] org.apache.coyote.AbstractProtocol.pause Pausing ProtocolHandler ["ajp-nio-8009"]
03-Sep-2018 09:56:56.403 信息 [main] org.apache.catalina.core.StandardService.stopInternal Stopping service [Catalina]
03-Sep-2018 09:56:56.439 信息 [main] org.apache.coyote.AbstractProtocol.stop Stopping ProtocolHandler ["http-nio-8080"]
03-Sep-2018 09:56:56.441 信息 [main] org.apache.coyote.AbstractProtocol.stop Stopping ProtocolHandler ["ajp-nio-8009"]
03-Sep-2018 09:56:56.450 信息 [main] org.apache.coyote.AbstractProtocol.destroy Destroying ProtocolHandler ["http-nio-8080"]
03-Sep-2018 09:56:56.455 信息 [main] org.apache.coyote.AbstractProtocol.destroy Destroying ProtocolHandler ["ajp-nio-8009"]
03-Sep-2018 09:56:58.869 信息 [main] org.apache.catalina.startup.VersionLoggerListener.log Server version:        Apache Tomcat/9.0.10
03-Sep-2018 09:56:58.879 信息 [main] org.apache.catalina.startup.VersionLoggerListener.log Server built:          Jun 20 2018 17:32:21 UTC
03-Sep-2018 09:56:58.880 信息 [main] org.apache.catalina.startup.VersionLoggerListener.log Server number:         9.0.10.0
03-Sep-2018 09:56:58.880 信息 [main] org.apache.catalina.startup.VersionLoggerListener.log OS Name:               Linux
03-Sep-2018 09:56:58.880 信息 [main] org.apache.catalina.startup.VersionLoggerListener.log OS Version:            3.13.0-32-generic
03-Sep-2018 09:56:58.880 信息 [main] org.apache.catalina.startup.VersionLoggerListener.log Architecture:          i386
03-Sep-2018 09:56:58.880 信息 [main] org.apache.catalina.startup.VersionLoggerListener.log Java Home:             /usr/java/jdk1.8.0_181/jre
03-Sep-2018 09:56:58.880 信息 [main] org.apache.catalina.startup.VersionLoggerListener.log JVM Version:           1.8.0_181-b13
03-Sep-2018 09:56:58.880 信息 [main] org.apache.catalina.startup.VersionLoggerListener.log JVM Vendor:            Oracle Corporation
03-Sep-2018 09:56:58.880 信息 [main] org.apache.catalina.startup.VersionLoggerListener.log CATALINA_BASE:         /opt/apache-tomcat-9.0.10
03-Sep-2018 09:56:58.880 信息 [main] org.apache.catalina.startup.VersionLoggerListener.log CATALINA_HOME:         /opt/apache-tomcat-9.0.10
03-Sep-2018 09:56:58.881 信息 [main] org.apache.catalina.startup.VersionLoggerListener.log Command line argument: -Djava.util.logging.config.file=/opt/apache-tomcat-9.0.10/conf/logging.properties
03-Sep-2018 09:56:58.882 信息 [main] org.apache.catalina.startup.VersionLoggerListener.log Command line argument: -Djava.util.logging.manager=org.apache.juli.ClassLoaderLogManager
03-Sep-2018 09:56:58.882 信息 [main] org.apache.catalina.startup.VersionLoggerListener.log Command line argument: -Djdk.tls.ephemeralDHKeySize=2048
03-Sep-2018 09:56:58.883 信息 [main] org.apache.catalina.startup.VersionLoggerListener.log Command line argument: -Djava.protocol.handler.pkgs=org.apache.catalina.webresources
03-Sep-2018 09:56:58.883 信息 [main] org.apache.catalina.startup.VersionLoggerListener.log Command line argument: -Dorg.apache.catalina.security.SecurityListener.UMASK=0027
03-Sep-2018 09:56:58.885 信息 [main] org.apache.catalina.startup.VersionLoggerListener.log Command line argument: -Dignore.endorsed.dirs=
03-Sep-2018 09:56:58.885 信息 [main] org.apache.catalina.startup.VersionLoggerListener.log Command line argument: -Dcatalina.base=/opt/apache-tomcat-9.0.10
03-Sep-2018 09:56:58.885 信息 [main] org.apache.catalina.startup.VersionLoggerListener.log Command line argument: -Dcatalina.home=/opt/apache-tomcat-9.0.10
03-Sep-2018 09:56:58.885 信息 [main] org.apache.catalina.startup.VersionLoggerListener.log Command line argument: -Djava.io.tmpdir=/opt/apache-tomcat-9.0.10/temp
03-Sep-2018 09:56:58.886 信息 [main] org.apache.catalina.core.AprLifecycleListener.lifecycleEvent The APR based Apache Tomcat Native library which allows optimal performance in production environments was not found on the java.library.path: [/usr/java/packages/lib/i386:/lib:/usr/lib]
03-Sep-2018 09:56:59.152 信息 [main] org.apache.coyote.AbstractProtocol.init Initializing ProtocolHandler ["http-nio-8080"]
03-Sep-2018 09:56:59.168 信息 [main] org.apache.tomcat.util.net.NioSelectorPool.getSharedSelector Using a shared selector for servlet write/read
03-Sep-2018 09:56:59.180 信息 [main] org.apache.coyote.AbstractProtocol.init Initializing ProtocolHandler ["ajp-nio-8009"]
03-Sep-2018 09:56:59.182 信息 [main] org.apache.tomcat.util.net.NioSelectorPool.getSharedSelector Using a shared selector for servlet write/read
03-Sep-2018 09:56:59.183 信息 [main] org.apache.catalina.startup.Catalina.load Initialization processed in 1009 ms
03-Sep-2018 09:56:59.242 信息 [main] org.apache.catalina.core.StandardService.startInternal Starting service [Catalina]
03-Sep-2018 09:56:59.243 信息 [main] org.apache.catalina.core.StandardEngine.startInternal Starting Servlet Engine: Apache Tomcat/9.0.10
03-Sep-2018 09:56:59.297 信息 [main] org.apache.catalina.startup.HostConfig.deployWAR Deploying web application archive [/opt/apache-tomcat-9.0.10/webapps/cost_webservice.war]
03-Sep-2018 09:57:03.179 信息 [main] org.apache.jasper.servlet.TldScanner.scanJars At least one JAR was scanned for TLDs yet contained no TLDs. Enable debug logging for this logger for a complete list of JARs that were scanned but no TLDs were found in them. Skipping unneeded JARs during scanning can improve startup time and JSP compilation time.
03-Sep-2018 09:57:04.701 严重 [main] org.apache.catalina.core.StandardContext.startInternal One or more listeners failed to start. Full details will be found in the appropriate container log file
03-Sep-2018 09:57:04.708 严重 [main] org.apache.catalina.core.StandardContext.startInternal Context [/cost_webservice] startup failed due to previous errors
03-Sep-2018 09:57:04.811 信息 [main] org.apache.catalina.startup.HostConfig.deployWAR Deployment of web application archive [/opt/apache-tomcat-9.0.10/webapps/cost_webservice.war] has finished in [5,511] ms
03-Sep-2018 09:57:04.812 信息 [main] org.apache.catalina.startup.HostConfig.deployDirectory Deploying web application directory [/opt/apache-tomcat-9.0.10/webapps/manager]
03-Sep-2018 09:57:04.868 信息 [main] org.apache.catalina.startup.HostConfig.deployDirectory Deployment of web application directory [/opt/apache-tomcat-9.0.10/webapps/manager] has finished in [56] ms
03-Sep-2018 09:57:04.868 信息 [main] org.apache.catalina.startup.HostConfig.deployDirectory Deploying web application directory [/opt/apache-tomcat-9.0.10/webapps/examples]
03-Sep-2018 09:57:05.048 信息 [main] org.apache.catalina.startup.HostConfig.deployDirectory Deployment of web application directory [/opt/apache-tomcat-9.0.10/webapps/examples] has finished in [180] ms
03-Sep-2018 09:57:05.051 信息 [main] org.apache.catalina.startup.HostConfig.deployDirectory Deploying web application directory [/opt/apache-tomcat-9.0.10/webapps/docs]
03-Sep-2018 09:57:05.078 信息 [main] org.apache.catalina.startup.HostConfig.deployDirectory Deployment of web application directory [/opt/apache-tomcat-9.0.10/webapps/docs] has finished in [26] ms
03-Sep-2018 09:57:05.078 信息 [main] org.apache.catalina.startup.HostConfig.deployDirectory Deploying web application directory [/opt/apache-tomcat-9.0.10/webapps/ROOT]
03-Sep-2018 09:57:05.102 信息 [main] org.apache.catalina.startup.HostConfig.deployDirectory Deployment of web application directory [/opt/apache-tomcat-9.0.10/webapps/ROOT] has finished in [23] ms
03-Sep-2018 09:57:05.102 信息 [main] org.apache.catalina.startup.HostConfig.deployDirectory Deploying web application directory [/opt/apache-tomcat-9.0.10/webapps/host-manager]
03-Sep-2018 09:57:05.142 信息 [main] org.apache.catalina.startup.HostConfig.deployDirectory Deployment of web application directory [/opt/apache-tomcat-9.0.10/webapps/host-manager] has finished in [40] ms
03-Sep-2018 09:57:05.154 信息 [main] org.apache.coyote.AbstractProtocol.start Starting ProtocolHandler ["http-nio-8080"]
03-Sep-2018 09:57:05.178 信息 [main] org.apache.coyote.AbstractProtocol.start Starting ProtocolHandler ["ajp-nio-8009"]
03-Sep-2018 09:57:05.186 信息 [main] org.apache.catalina.startup.Catalina.start Server startup in 6003 ms
03-Sep-2018 09:59:55.201 信息 [ContainerBackgroundProcessor[StandardEngine[Catalina]]] org.apache.catalina.startup.HostConfig.reload Reloading context [/cost_webservice]
03-Sep-2018 09:59:57.834 信息 [ContainerBackgroundProcessor[StandardEngine[Catalina]]] org.apache.jasper.servlet.TldScanner.scanJars At least one JAR was scanned for TLDs yet contained no TLDs. Enable debug logging for this logger for a complete list of JARs that were scanned but no TLDs were found in them. Skipping unneeded JARs during scanning can improve startup time and JSP compilation time.
03-Sep-2018 09:59:58.565 严重 [ContainerBackgroundProcessor[StandardEngine[Catalina]]] org.apache.catalina.core.StandardContext.startInternal One or more listeners failed to start. Full details will be found in the appropriate container log file
03-Sep-2018 09:59:58.566 严重 [ContainerBackgroundProcessor[StandardEngine[Catalina]]] org.apache.catalina.core.StandardContext.startInternal Context [/cost_webservice] startup failed due to previous errors
03-Sep-2018 10:00:07.126 信息 [main] org.apache.catalina.core.StandardServer.await A valid shutdown command was received via the shutdown port. Stopping the Server instance.
03-Sep-2018 10:00:07.127 信息 [main] org.apache.coyote.AbstractProtocol.pause Pausing ProtocolHandler ["http-nio-8080"]
03-Sep-2018 10:00:07.132 信息 [main] org.apache.coyote.AbstractProtocol.pause Pausing ProtocolHandler ["ajp-nio-8009"]
03-Sep-2018 10:00:07.134 信息 [main] org.apache.catalina.core.StandardService.stopInternal Stopping service [Catalina]
03-Sep-2018 10:00:07.194 信息 [main] org.apache.coyote.AbstractProtocol.stop Stopping ProtocolHandler ["http-nio-8080"]
03-Sep-2018 10:00:07.197 信息 [main] org.apache.coyote.AbstractProtocol.stop Stopping ProtocolHandler ["ajp-nio-8009"]
03-Sep-2018 10:00:07.201 信息 [main] org.apache.coyote.AbstractProtocol.destroy Destroying ProtocolHandler ["http-nio-8080"]
03-Sep-2018 10:00:07.201 信息 [main] org.apache.coyote.AbstractProtocol.destroy Destroying ProtocolHandler ["ajp-nio-8009"]
03-Sep-2018 10:00:09.774 信息 [main] org.apache.catalina.startup.VersionLoggerListener.log Server version:        Apache Tomcat/9.0.10
03-Sep-2018 10:00:09.782 信息 [main] org.apache.catalina.startup.VersionLoggerListener.log Server built:          Jun 20 2018 17:32:21 UTC
03-Sep-2018 10:00:09.782 信息 [main] org.apache.catalina.startup.VersionLoggerListener.log Server number:         9.0.10.0
03-Sep-2018 10:00:09.782 信息 [main] org.apache.catalina.startup.VersionLoggerListener.log OS Name:               Linux
03-Sep-2018 10:00:09.783 信息 [main] org.apache.catalina.startup.VersionLoggerListener.log OS Version:            3.13.0-32-generic
03-Sep-2018 10:00:09.783 信息 [main] org.apache.catalina.startup.VersionLoggerListener.log Architecture:          i386
03-Sep-2018 10:00:09.783 信息 [main] org.apache.catalina.startup.VersionLoggerListener.log Java Home:             /usr/java/jdk1.8.0_181/jre
03-Sep-2018 10:00:09.783 信息 [main] org.apache.catalina.startup.VersionLoggerListener.log JVM Version:           1.8.0_181-b13
03-Sep-2018 10:00:09.783 信息 [main] org.apache.catalina.startup.VersionLoggerListener.log JVM Vendor:            Oracle Corporation
03-Sep-2018 10:00:09.783 信息 [main] org.apache.catalina.startup.VersionLoggerListener.log CATALINA_BASE:         /opt/apache-tomcat-9.0.10
03-Sep-2018 10:00:09.783 信息 [main] org.apache.catalina.startup.VersionLoggerListener.log CATALINA_HOME:         /opt/apache-tomcat-9.0.10
03-Sep-2018 10:00:09.783 信息 [main] org.apache.catalina.startup.VersionLoggerListener.log Command line argument: -Djava.util.logging.config.file=/opt/apache-tomcat-9.0.10/conf/logging.properties
03-Sep-2018 10:00:09.784 信息 [main] org.apache.catalina.startup.VersionLoggerListener.log Command line argument: -Djava.util.logging.manager=org.apache.juli.ClassLoaderLogManager
03-Sep-2018 10:00:09.784 信息 [main] org.apache.catalina.startup.VersionLoggerListener.log Command line argument: -Djdk.tls.ephemeralDHKeySize=2048
03-Sep-2018 10:00:09.784 信息 [main] org.apache.catalina.startup.VersionLoggerListener.log Command line argument: -Djava.protocol.handler.pkgs=org.apache.catalina.webresources
03-Sep-2018 10:00:09.784 信息 [main] org.apache.catalina.startup.VersionLoggerListener.log Command line argument: -Dorg.apache.catalina.security.SecurityListener.UMASK=0027
03-Sep-2018 10:00:09.784 信息 [main] org.apache.catalina.startup.VersionLoggerListener.log Command line argument: -Dignore.endorsed.dirs=
03-Sep-2018 10:00:09.784 信息 [main] org.apache.catalina.startup.VersionLoggerListener.log Command line argument: -Dcatalina.base=/opt/apache-tomcat-9.0.10
03-Sep-2018 10:00:09.784 信息 [main] org.apache.catalina.startup.VersionLoggerListener.log Command line argument: -Dcatalina.home=/opt/apache-tomcat-9.0.10
03-Sep-2018 10:00:09.784 信息 [main] org.apache.catalina.startup.VersionLoggerListener.log Command line argument: -Djava.io.tmpdir=/opt/apache-tomcat-9.0.10/temp
03-Sep-2018 10:00:09.784 信息 [main] org.apache.catalina.core.AprLifecycleListener.lifecycleEvent The APR based Apache Tomcat Native library which allows optimal performance in production environments was not found on the java.library.path: [/usr/java/packages/lib/i386:/lib:/usr/lib]
03-Sep-2018 10:00:10.006 信息 [main] org.apache.coyote.AbstractProtocol.init Initializing ProtocolHandler ["http-nio-8080"]
03-Sep-2018 10:00:10.021 信息 [main] org.apache.tomcat.util.net.NioSelectorPool.getSharedSelector Using a shared selector for servlet write/read
03-Sep-2018 10:00:10.033 信息 [main] org.apache.coyote.AbstractProtocol.init Initializing ProtocolHandler ["ajp-nio-8009"]
03-Sep-2018 10:00:10.035 信息 [main] org.apache.tomcat.util.net.NioSelectorPool.getSharedSelector Using a shared selector for servlet write/read
03-Sep-2018 10:00:10.035 信息 [main] org.apache.catalina.startup.Catalina.load Initialization processed in 993 ms
03-Sep-2018 10:00:10.077 信息 [main] org.apache.catalina.core.StandardService.startInternal Starting service [Catalina]
03-Sep-2018 10:00:10.078 信息 [main] org.apache.catalina.core.StandardEngine.startInternal Starting Servlet Engine: Apache Tomcat/9.0.10
03-Sep-2018 10:00:10.107 信息 [main] org.apache.catalina.startup.HostConfig.deployWAR Deploying web application archive [/opt/apache-tomcat-9.0.10/webapps/cost_webservice.war]
03-Sep-2018 10:00:13.757 信息 [main] org.apache.jasper.servlet.TldScanner.scanJars At least one JAR was scanned for TLDs yet contained no TLDs. Enable debug logging for this logger for a complete list of JARs that were scanned but no TLDs were found in them. Skipping unneeded JARs during scanning can improve startup time and JSP compilation time.
03-Sep-2018 10:00:15.301 严重 [main] org.apache.catalina.core.StandardContext.startInternal One or more listeners failed to start. Full details will be found in the appropriate container log file
03-Sep-2018 10:00:15.309 严重 [main] org.apache.catalina.core.StandardContext.startInternal Context [/cost_webservice] startup failed due to previous errors
03-Sep-2018 10:00:15.471 信息 [main] org.apache.catalina.startup.HostConfig.deployWAR Deployment of web application archive [/opt/apache-tomcat-9.0.10/webapps/cost_webservice.war] has finished in [5,363] ms
03-Sep-2018 10:00:15.473 信息 [main] org.apache.catalina.startup.HostConfig.deployDirectory Deploying web application directory [/opt/apache-tomcat-9.0.10/webapps/manager]
03-Sep-2018 10:00:15.549 信息 [main] org.apache.catalina.startup.HostConfig.deployDirectory Deployment of web application directory [/opt/apache-tomcat-9.0.10/webapps/manager] has finished in [76] ms
03-Sep-2018 10:00:15.550 信息 [main] org.apache.catalina.startup.HostConfig.deployDirectory Deploying web application directory [/opt/apache-tomcat-9.0.10/webapps/examples]
03-Sep-2018 10:00:15.818 信息 [main] org.apache.catalina.startup.HostConfig.deployDirectory Deployment of web application directory [/opt/apache-tomcat-9.0.10/webapps/examples] has finished in [268] ms
03-Sep-2018 10:00:15.819 信息 [main] org.apache.catalina.startup.HostConfig.deployDirectory Deploying web application directory [/opt/apache-tomcat-9.0.10/webapps/docs]
03-Sep-2018 10:00:15.842 信息 [main] org.apache.catalina.startup.HostConfig.deployDirectory Deployment of web application directory [/opt/apache-tomcat-9.0.10/webapps/docs] has finished in [23] ms
03-Sep-2018 10:00:15.842 信息 [main] org.apache.catalina.startup.HostConfig.deployDirectory Deploying web application directory [/opt/apache-tomcat-9.0.10/webapps/ROOT]
03-Sep-2018 10:00:15.868 信息 [main] org.apache.catalina.startup.HostConfig.deployDirectory Deployment of web application directory [/opt/apache-tomcat-9.0.10/webapps/ROOT] has finished in [25] ms
03-Sep-2018 10:00:15.868 信息 [main] org.apache.catalina.startup.HostConfig.deployDirectory Deploying web application directory [/opt/apache-tomcat-9.0.10/webapps/host-manager]
03-Sep-2018 10:00:15.905 信息 [main] org.apache.catalina.startup.HostConfig.deployDirectory Deployment of web application directory [/opt/apache-tomcat-9.0.10/webapps/host-manager] has finished in [36] ms
03-Sep-2018 10:00:15.913 信息 [main] org.apache.coyote.AbstractProtocol.start Starting ProtocolHandler ["http-nio-8080"]
03-Sep-2018 10:00:15.931 信息 [main] org.apache.coyote.AbstractProtocol.start Starting ProtocolHandler ["ajp-nio-8009"]
03-Sep-2018 10:00:15.939 信息 [main] org.apache.catalina.startup.Catalina.start Server startup in 5903 ms
03-Sep-2018 10:01:15.827 信息 [main] org.apache.catalina.core.StandardServer.await A valid shutdown command was received via the shutdown port. Stopping the Server instance.
03-Sep-2018 10:01:15.828 信息 [main] org.apache.coyote.AbstractProtocol.pause Pausing ProtocolHandler ["http-nio-8080"]
03-Sep-2018 10:01:15.883 信息 [main] org.apache.coyote.AbstractProtocol.pause Pausing ProtocolHandler ["ajp-nio-8009"]
03-Sep-2018 10:01:15.888 信息 [main] org.apache.catalina.core.StandardService.stopInternal Stopping service [Catalina]
03-Sep-2018 10:01:15.942 信息 [main] org.apache.coyote.AbstractProtocol.stop Stopping ProtocolHandler ["http-nio-8080"]
03-Sep-2018 10:01:15.957 信息 [main] org.apache.coyote.AbstractProtocol.stop Stopping ProtocolHandler ["ajp-nio-8009"]
03-Sep-2018 10:01:15.965 信息 [main] org.apache.coyote.AbstractProtocol.destroy Destroying ProtocolHandler ["http-nio-8080"]
03-Sep-2018 10:01:15.967 信息 [main] org.apache.coyote.AbstractProtocol.destroy Destroying ProtocolHandler ["ajp-nio-8009"]
03-Sep-2018 10:01:18.150 信息 [main] org.apache.catalina.startup.VersionLoggerListener.log Server version:        Apache Tomcat/9.0.10
03-Sep-2018 10:01:18.159 信息 [main] org.apache.catalina.startup.VersionLoggerListener.log Server built:          Jun 20 2018 17:32:21 UTC
03-Sep-2018 10:01:18.159 信息 [main] org.apache.catalina.startup.VersionLoggerListener.log Server number:         9.0.10.0
03-Sep-2018 10:01:18.159 信息 [main] org.apache.catalina.startup.VersionLoggerListener.log OS Name:               Linux
03-Sep-2018 10:01:18.159 信息 [main] org.apache.catalina.startup.VersionLoggerListener.log OS Version:            3.13.0-32-generic
03-Sep-2018 10:01:18.159 信息 [main] org.apache.catalina.startup.VersionLoggerListener.log Architecture:          i386
03-Sep-2018 10:01:18.159 信息 [main] org.apache.catalina.startup.VersionLoggerListener.log Java Home:             /usr/java/jdk1.8.0_181/jre
03-Sep-2018 10:01:18.159 信息 [main] org.apache.catalina.startup.VersionLoggerListener.log JVM Version:           1.8.0_181-b13
03-Sep-2018 10:01:18.160 信息 [main] org.apache.catalina.startup.VersionLoggerListener.log JVM Vendor:            Oracle Corporation
03-Sep-2018 10:01:18.160 信息 [main] org.apache.catalina.startup.VersionLoggerListener.log CATALINA_BASE:         /opt/apache-tomcat-9.0.10
03-Sep-2018 10:01:18.160 信息 [main] org.apache.catalina.startup.VersionLoggerListener.log CATALINA_HOME:         /opt/apache-tomcat-9.0.10
03-Sep-2018 10:01:18.160 信息 [main] org.apache.catalina.startup.VersionLoggerListener.log Command line argument: -Djava.util.logging.config.file=/opt/apache-tomcat-9.0.10/conf/logging.properties
03-Sep-2018 10:01:18.162 信息 [main] org.apache.catalina.startup.VersionLoggerListener.log Command line argument: -Djava.util.logging.manager=org.apache.juli.ClassLoaderLogManager
03-Sep-2018 10:01:18.162 信息 [main] org.apache.catalina.startup.VersionLoggerListener.log Command line argument: -Djdk.tls.ephemeralDHKeySize=2048
03-Sep-2018 10:01:18.162 信息 [main] org.apache.catalina.startup.VersionLoggerListener.log Command line argument: -Djava.protocol.handler.pkgs=org.apache.catalina.webresources
03-Sep-2018 10:01:18.162 信息 [main] org.apache.catalina.startup.VersionLoggerListener.log Command line argument: -Dorg.apache.catalina.security.SecurityListener.UMASK=0027
03-Sep-2018 10:01:18.163 信息 [main] org.apache.catalina.startup.VersionLoggerListener.log Command line argument: -Dignore.endorsed.dirs=
03-Sep-2018 10:01:18.165 信息 [main] org.apache.catalina.startup.VersionLoggerListener.log Command line argument: -Dcatalina.base=/opt/apache-tomcat-9.0.10
03-Sep-2018 10:01:18.165 信息 [main] org.apache.catalina.startup.VersionLoggerListener.log Command line argument: -Dcatalina.home=/opt/apache-tomcat-9.0.10
03-Sep-2018 10:01:18.166 信息 [main] org.apache.catalina.startup.VersionLoggerListener.log Command line argument: -Djava.io.tmpdir=/opt/apache-tomcat-9.0.10/temp
03-Sep-2018 10:01:18.166 信息 [main] org.apache.catalina.core.AprLifecycleListener.lifecycleEvent The APR based Apache Tomcat Native library which allows optimal performance in production environments was not found on the java.library.path: [/usr/java/packages/lib/i386:/lib:/usr/lib]
03-Sep-2018 10:01:18.394 信息 [main] org.apache.coyote.AbstractProtocol.init Initializing ProtocolHandler ["http-nio-8080"]
03-Sep-2018 10:01:18.409 信息 [main] org.apache.tomcat.util.net.NioSelectorPool.getSharedSelector Using a shared selector for servlet write/read
03-Sep-2018 10:01:18.421 信息 [main] org.apache.coyote.AbstractProtocol.init Initializing ProtocolHandler ["ajp-nio-8009"]
03-Sep-2018 10:01:18.423 信息 [main] org.apache.tomcat.util.net.NioSelectorPool.getSharedSelector Using a shared selector for servlet write/read
03-Sep-2018 10:01:18.426 信息 [main] org.apache.catalina.startup.Catalina.load Initialization processed in 1001 ms
03-Sep-2018 10:01:18.476 信息 [main] org.apache.catalina.core.StandardService.startInternal Starting service [Catalina]
03-Sep-2018 10:01:18.476 信息 [main] org.apache.catalina.core.StandardEngine.startInternal Starting Servlet Engine: Apache Tomcat/9.0.10
03-Sep-2018 10:01:18.517 信息 [main] org.apache.catalina.startup.HostConfig.deployWAR Deploying web application archive [/opt/apache-tomcat-9.0.10/webapps/cost_webservice.war]
03-Sep-2018 10:01:22.196 信息 [main] org.apache.jasper.servlet.TldScanner.scanJars At least one JAR was scanned for TLDs yet contained no TLDs. Enable debug logging for this logger for a complete list of JARs that were scanned but no TLDs were found in them. Skipping unneeded JARs during scanning can improve startup time and JSP compilation time.
03-Sep-2018 10:01:25.693 信息 [main] org.apache.catalina.startup.HostConfig.deployWAR Deployment of web application archive [/opt/apache-tomcat-9.0.10/webapps/cost_webservice.war] has finished in [7,174] ms
03-Sep-2018 10:01:25.694 信息 [main] org.apache.catalina.startup.HostConfig.deployDirectory Deploying web application directory [/opt/apache-tomcat-9.0.10/webapps/manager]
03-Sep-2018 10:01:25.747 信息 [main] org.apache.catalina.startup.HostConfig.deployDirectory Deployment of web application directory [/opt/apache-tomcat-9.0.10/webapps/manager] has finished in [53] ms
03-Sep-2018 10:01:25.748 信息 [main] org.apache.catalina.startup.HostConfig.deployDirectory Deploying web application directory [/opt/apache-tomcat-9.0.10/webapps/examples]
03-Sep-2018 10:01:26.000 信息 [main] org.apache.catalina.startup.HostConfig.deployDirectory Deployment of web application directory [/opt/apache-tomcat-9.0.10/webapps/examples] has finished in [252] ms
03-Sep-2018 10:01:26.001 信息 [main] org.apache.catalina.startup.HostConfig.deployDirectory Deploying web application directory [/opt/apache-tomcat-9.0.10/webapps/docs]
03-Sep-2018 10:01:26.025 信息 [main] org.apache.catalina.startup.HostConfig.deployDirectory Deployment of web application directory [/opt/apache-tomcat-9.0.10/webapps/docs] has finished in [24] ms
03-Sep-2018 10:01:26.025 信息 [main] org.apache.catalina.startup.HostConfig.deployDirectory Deploying web application directory [/opt/apache-tomcat-9.0.10/webapps/ROOT]
03-Sep-2018 10:01:26.051 信息 [main] org.apache.catalina.startup.HostConfig.deployDirectory Deployment of web application directory [/opt/apache-tomcat-9.0.10/webapps/ROOT] has finished in [26] ms
03-Sep-2018 10:01:26.052 信息 [main] org.apache.catalina.startup.HostConfig.deployDirectory Deploying web application directory [/opt/apache-tomcat-9.0.10/webapps/host-manager]
03-Sep-2018 10:01:26.086 信息 [main] org.apache.catalina.startup.HostConfig.deployDirectory Deployment of web application directory [/opt/apache-tomcat-9.0.10/webapps/host-manager] has finished in [33] ms
03-Sep-2018 10:01:26.091 信息 [main] org.apache.coyote.AbstractProtocol.start Starting ProtocolHandler ["http-nio-8080"]
03-Sep-2018 10:01:26.108 信息 [main] org.apache.coyote.AbstractProtocol.start Starting ProtocolHandler ["ajp-nio-8009"]
03-Sep-2018 10:01:26.111 信息 [main] org.apache.catalina.startup.Catalina.start Server startup in 7684 ms
03-Sep-2018 10:02:26.726 信息 [main] org.apache.catalina.core.StandardServer.await A valid shutdown command was received via the shutdown port. Stopping the Server instance.
03-Sep-2018 10:02:26.727 信息 [main] org.apache.coyote.AbstractProtocol.pause Pausing ProtocolHandler ["http-nio-8080"]
03-Sep-2018 10:02:26.739 信息 [main] org.apache.coyote.AbstractProtocol.pause Pausing ProtocolHandler ["ajp-nio-8009"]
03-Sep-2018 10:02:26.740 信息 [main] org.apache.catalina.core.StandardService.stopInternal Stopping service [Catalina]
03-Sep-2018 10:02:26.841 信息 [main] org.apache.coyote.AbstractProtocol.stop Stopping ProtocolHandler ["http-nio-8080"]
03-Sep-2018 10:02:26.850 信息 [main] org.apache.coyote.AbstractProtocol.stop Stopping ProtocolHandler ["ajp-nio-8009"]
03-Sep-2018 10:02:26.856 信息 [main] org.apache.coyote.AbstractProtocol.destroy Destroying ProtocolHandler ["http-nio-8080"]
03-Sep-2018 10:02:26.857 信息 [main] org.apache.coyote.AbstractProtocol.destroy Destroying ProtocolHandler ["ajp-nio-8009"]
03-Sep-2018 10:03:24.765 信息 [main] org.apache.catalina.startup.VersionLoggerListener.log Server version:        Apache Tomcat/9.0.10
03-Sep-2018 10:03:24.773 信息 [main] org.apache.catalina.startup.VersionLoggerListener.log Server built:          Jun 20 2018 17:32:21 UTC
03-Sep-2018 10:03:24.773 信息 [main] org.apache.catalina.startup.VersionLoggerListener.log Server number:         9.0.10.0
03-Sep-2018 10:03:24.774 信息 [main] org.apache.catalina.startup.VersionLoggerListener.log OS Name:               Linux
03-Sep-2018 10:03:24.774 信息 [main] org.apache.catalina.startup.VersionLoggerListener.log OS Version:            3.13.0-32-generic
03-Sep-2018 10:03:24.774 信息 [main] org.apache.catalina.startup.VersionLoggerListener.log Architecture:          i386
03-Sep-2018 10:03:24.774 信息 [main] org.apache.catalina.startup.VersionLoggerListener.log Java Home:             /usr/java/jdk1.8.0_181/jre
03-Sep-2018 10:03:24.774 信息 [main] org.apache.catalina.startup.VersionLoggerListener.log JVM Version:           1.8.0_181-b13
03-Sep-2018 10:03:24.774 信息 [main] org.apache.catalina.startup.VersionLoggerListener.log JVM Vendor:            Oracle Corporation
03-Sep-2018 10:03:24.774 信息 [main] org.apache.catalina.startup.VersionLoggerListener.log CATALINA_BASE:         /opt/apache-tomcat-9.0.10
03-Sep-2018 10:03:24.774 信息 [main] org.apache.catalina.startup.VersionLoggerListener.log CATALINA_HOME:         /opt/apache-tomcat-9.0.10
03-Sep-2018 10:03:24.775 信息 [main] org.apache.catalina.startup.VersionLoggerListener.log Command line argument: -Djava.util.logging.config.file=/opt/apache-tomcat-9.0.10/conf/logging.properties
03-Sep-2018 10:03:24.775 信息 [main] org.apache.catalina.startup.VersionLoggerListener.log Command line argument: -Djava.util.logging.manager=org.apache.juli.ClassLoaderLogManager
03-Sep-2018 10:03:24.775 信息 [main] org.apache.catalina.startup.VersionLoggerListener.log Command line argument: -Djdk.tls.ephemeralDHKeySize=2048
03-Sep-2018 10:03:24.775 信息 [main] org.apache.catalina.startup.VersionLoggerListener.log Command line argument: -Djava.protocol.handler.pkgs=org.apache.catalina.webresources
03-Sep-2018 10:03:24.775 信息 [main] org.apache.catalina.startup.VersionLoggerListener.log Command line argument: -Dorg.apache.catalina.security.SecurityListener.UMASK=0027
03-Sep-2018 10:03:24.775 信息 [main] org.apache.catalina.startup.VersionLoggerListener.log Command line argument: -Dignore.endorsed.dirs=
03-Sep-2018 10:03:24.775 信息 [main] org.apache.catalina.startup.VersionLoggerListener.log Command line argument: -Dcatalina.base=/opt/apache-tomcat-9.0.10
03-Sep-2018 10:03:24.775 信息 [main] org.apache.catalina.startup.VersionLoggerListener.log Command line argument: -Dcatalina.home=/opt/apache-tomcat-9.0.10
03-Sep-2018 10:03:24.776 信息 [main] org.apache.catalina.startup.VersionLoggerListener.log Command line argument: -Djava.io.tmpdir=/opt/apache-tomcat-9.0.10/temp
03-Sep-2018 10:03:24.776 信息 [main] org.apache.catalina.core.AprLifecycleListener.lifecycleEvent The APR based Apache Tomcat Native library which allows optimal performance in production environments was not found on the java.library.path: [/usr/java/packages/lib/i386:/lib:/usr/lib]
03-Sep-2018 10:03:24.997 信息 [main] org.apache.coyote.AbstractProtocol.init Initializing ProtocolHandler ["http-nio-8080"]
03-Sep-2018 10:03:25.016 信息 [main] org.apache.tomcat.util.net.NioSelectorPool.getSharedSelector Using a shared selector for servlet write/read
03-Sep-2018 10:03:25.033 信息 [main] org.apache.coyote.AbstractProtocol.init Initializing ProtocolHandler ["ajp-nio-8009"]
03-Sep-2018 10:03:25.035 信息 [main] org.apache.tomcat.util.net.NioSelectorPool.getSharedSelector Using a shared selector for servlet write/read
03-Sep-2018 10:03:25.035 信息 [main] org.apache.catalina.startup.Catalina.load Initialization processed in 959 ms
03-Sep-2018 10:03:25.072 信息 [main] org.apache.catalina.core.StandardService.startInternal Starting service [Catalina]
03-Sep-2018 10:03:25.072 信息 [main] org.apache.catalina.core.StandardEngine.startInternal Starting Servlet Engine: Apache Tomcat/9.0.10
03-Sep-2018 10:03:25.103 信息 [main] org.apache.catalina.startup.HostConfig.deployWAR Deploying web application archive [/opt/apache-tomcat-9.0.10/webapps/cost_webservice.war]
03-Sep-2018 10:03:29.175 信息 [main] org.apache.jasper.servlet.TldScanner.scanJars At least one JAR was scanned for TLDs yet contained no TLDs. Enable debug logging for this logger for a complete list of JARs that were scanned but no TLDs were found in them. Skipping unneeded JARs during scanning can improve startup time and JSP compilation time.
03-Sep-2018 10:03:33.072 信息 [main] org.apache.catalina.startup.HostConfig.deployWAR Deployment of web application archive [/opt/apache-tomcat-9.0.10/webapps/cost_webservice.war] has finished in [7,967] ms
03-Sep-2018 10:03:33.073 信息 [main] org.apache.catalina.startup.HostConfig.deployDirectory Deploying web application directory [/opt/apache-tomcat-9.0.10/webapps/manager]
03-Sep-2018 10:03:33.107 信息 [main] org.apache.catalina.startup.HostConfig.deployDirectory Deployment of web application directory [/opt/apache-tomcat-9.0.10/webapps/manager] has finished in [34] ms
03-Sep-2018 10:03:33.107 信息 [main] org.apache.catalina.startup.HostConfig.deployDirectory Deploying web application directory [/opt/apache-tomcat-9.0.10/webapps/examples]
03-Sep-2018 10:03:33.365 信息 [main] org.apache.catalina.startup.HostConfig.deployDirectory Deployment of web application directory [/opt/apache-tomcat-9.0.10/webapps/examples] has finished in [258] ms
03-Sep-2018 10:03:33.366 信息 [main] org.apache.catalina.startup.HostConfig.deployDirectory Deploying web application directory [/opt/apache-tomcat-9.0.10/webapps/docs]
03-Sep-2018 10:03:33.398 信息 [main] org.apache.catalina.startup.HostConfig.deployDirectory Deployment of web application directory [/opt/apache-tomcat-9.0.10/webapps/docs] has finished in [32] ms
03-Sep-2018 10:03:33.398 信息 [main] org.apache.catalina.startup.HostConfig.deployDirectory Deploying web application directory [/opt/apache-tomcat-9.0.10/webapps/ROOT]
03-Sep-2018 10:03:33.425 信息 [main] org.apache.catalina.startup.HostConfig.deployDirectory Deployment of web application directory [/opt/apache-tomcat-9.0.10/webapps/ROOT] has finished in [26] ms
03-Sep-2018 10:03:33.426 信息 [main] org.apache.catalina.startup.HostConfig.deployDirectory Deploying web application directory [/opt/apache-tomcat-9.0.10/webapps/host-manager]
03-Sep-2018 10:03:33.470 信息 [main] org.apache.catalina.startup.HostConfig.deployDirectory Deployment of web application directory [/opt/apache-tomcat-9.0.10/webapps/host-manager] has finished in [43] ms
03-Sep-2018 10:03:33.480 信息 [main] org.apache.coyote.AbstractProtocol.start Starting ProtocolHandler ["http-nio-8080"]
03-Sep-2018 10:03:33.506 信息 [main] org.apache.coyote.AbstractProtocol.start Starting ProtocolHandler ["ajp-nio-8009"]
03-Sep-2018 10:03:33.518 信息 [main] org.apache.catalina.startup.Catalina.start Server startup in 8482 ms
03-Sep-2018 19:29:55.790 信息 [Thread-5] org.apache.coyote.AbstractProtocol.pause Pausing ProtocolHandler ["http-nio-8080"]
03-Sep-2018 19:29:55.958 信息 [Thread-5] org.apache.coyote.AbstractProtocol.pause Pausing ProtocolHandler ["ajp-nio-8009"]
03-Sep-2018 19:29:55.959 信息 [Thread-5] org.apache.catalina.core.StandardService.stopInternal Stopping service [Catalina]
03-Sep-2018 19:29:56.228 信息 [Thread-5] org.apache.coyote.AbstractProtocol.stop Stopping ProtocolHandler ["http-nio-8080"]
03-Sep-2018 19:29:56.235 信息 [Thread-5] org.apache.coyote.AbstractProtocol.stop Stopping ProtocolHandler ["ajp-nio-8009"]
03-Sep-2018 19:29:56.238 信息 [Thread-5] org.apache.coyote.AbstractProtocol.destroy Destroying ProtocolHandler ["http-nio-8080"]
03-Sep-2018 19:29:56.240 信息 [Thread-5] org.apache.coyote.AbstractProtocol.destroy Destroying ProtocolHandler ["ajp-nio-8009"]
