31-Aug-2018 08:50:08.535 信息 [main] org.apache.catalina.core.ApplicationContext.log SessionListener: contextDestroyed()
31-Aug-2018 08:50:08.536 信息 [main] org.apache.catalina.core.ApplicationContext.log ContextListener: contextDestroyed()
31-Aug-2018 08:50:08.558 信息 [main] org.apache.catalina.core.ApplicationContext.log Destroying Spring FrameworkServlet 'spring-mvc'
31-Aug-2018 08:50:17.651 信息 [main] org.apache.catalina.core.ApplicationContext.log No Spring WebApplicationInitializer types detected on classpath
31-Aug-2018 08:50:18.019 信息 [main] org.apache.catalina.core.ApplicationContext.log Initializing Spring FrameworkServlet 'spring-mvc'
31-Aug-2018 08:50:20.200 信息 [main] org.apache.catalina.core.ApplicationContext.log ContextListener: contextInitialized()
31-Aug-2018 08:50:20.200 信息 [main] org.apache.catalina.core.ApplicationContext.log SessionListener: contextInitialized()
31-Aug-2018 08:50:20.202 信息 [main] org.apache.catalina.core.ApplicationContext.log ContextListener: attributeAdded('StockTicker', 'async.Stockticker@10df168')
31-Aug-2018 08:58:08.832 信息 [main] org.apache.catalina.core.ApplicationContext.log SessionListener: contextDestroyed()
31-Aug-2018 08:58:08.833 信息 [main] org.apache.catalina.core.ApplicationContext.log ContextListener: contextDestroyed()
31-Aug-2018 08:58:08.842 信息 [main] org.apache.catalina.core.ApplicationContext.log Destroying Spring FrameworkServlet 'spring-mvc'
31-Aug-2018 08:58:17.414 信息 [main] org.apache.catalina.core.ApplicationContext.log No Spring WebApplicationInitializer types detected on classpath
31-Aug-2018 08:58:17.730 信息 [main] org.apache.catalina.core.ApplicationContext.log Initializing Spring FrameworkServlet 'spring-mvc'
31-Aug-2018 08:58:20.231 信息 [main] org.apache.catalina.core.ApplicationContext.log ContextListener: contextInitialized()
31-Aug-2018 08:58:20.232 信息 [main] org.apache.catalina.core.ApplicationContext.log SessionListener: contextInitialized()
31-Aug-2018 08:58:20.234 信息 [main] org.apache.catalina.core.ApplicationContext.log ContextListener: attributeAdded('StockTicker', 'async.Stockticker@a32c25')
31-Aug-2018 09:53:18.355 信息 [main] org.apache.catalina.core.ApplicationContext.log SessionListener: contextDestroyed()
31-Aug-2018 09:53:18.356 信息 [main] org.apache.catalina.core.ApplicationContext.log ContextListener: contextDestroyed()
31-Aug-2018 09:53:18.373 信息 [main] org.apache.catalina.core.ApplicationContext.log Destroying Spring FrameworkServlet 'spring-mvc'
31-Aug-2018 09:54:07.736 信息 [main] org.apache.catalina.core.ApplicationContext.log No Spring WebApplicationInitializer types detected on classpath
31-Aug-2018 09:54:08.052 信息 [main] org.apache.catalina.core.ApplicationContext.log Initializing Spring FrameworkServlet 'spring-mvc'
31-Aug-2018 09:54:10.735 信息 [main] org.apache.catalina.core.ApplicationContext.log ContextListener: contextInitialized()
31-Aug-2018 09:54:10.735 信息 [main] org.apache.catalina.core.ApplicationContext.log SessionListener: contextInitialized()
31-Aug-2018 09:54:10.737 信息 [main] org.apache.catalina.core.ApplicationContext.log ContextListener: attributeAdded('StockTicker', 'async.Stockticker@ba90c1')
31-Aug-2018 09:55:46.345 信息 [main] org.apache.catalina.core.ApplicationContext.log SessionListener: contextDestroyed()
31-Aug-2018 09:55:46.345 信息 [main] org.apache.catalina.core.ApplicationContext.log ContextListener: contextDestroyed()
31-Aug-2018 09:55:46.357 信息 [main] org.apache.catalina.core.ApplicationContext.log Destroying Spring FrameworkServlet 'spring-mvc'
31-Aug-2018 09:55:55.974 信息 [main] org.apache.catalina.core.ApplicationContext.log No Spring WebApplicationInitializer types detected on classpath
31-Aug-2018 09:55:56.426 信息 [main] org.apache.catalina.core.ApplicationContext.log Initializing Spring FrameworkServlet 'spring-mvc'
31-Aug-2018 09:55:59.173 信息 [main] org.apache.catalina.core.ApplicationContext.log ContextListener: contextInitialized()
31-Aug-2018 09:55:59.174 信息 [main] org.apache.catalina.core.ApplicationContext.log SessionListener: contextInitialized()
31-Aug-2018 09:55:59.176 信息 [main] org.apache.catalina.core.ApplicationContext.log ContextListener: attributeAdded('StockTicker', 'async.Stockticker@1cf2780')
31-Aug-2018 10:02:39.214 信息 [main] org.apache.catalina.core.ApplicationContext.log SessionListener: contextDestroyed()
31-Aug-2018 10:02:39.214 信息 [main] org.apache.catalina.core.ApplicationContext.log ContextListener: contextDestroyed()
31-Aug-2018 10:02:39.229 信息 [main] org.apache.catalina.core.ApplicationContext.log Destroying Spring FrameworkServlet 'spring-mvc'
31-Aug-2018 10:02:49.424 信息 [main] org.apache.catalina.core.ApplicationContext.log No Spring WebApplicationInitializer types detected on classpath
31-Aug-2018 10:02:49.789 信息 [main] org.apache.catalina.core.ApplicationContext.log Initializing Spring FrameworkServlet 'spring-mvc'
31-Aug-2018 10:02:52.304 信息 [main] org.apache.catalina.core.ApplicationContext.log ContextListener: contextInitialized()
31-Aug-2018 10:02:52.305 信息 [main] org.apache.catalina.core.ApplicationContext.log SessionListener: contextInitialized()
31-Aug-2018 10:02:52.307 信息 [main] org.apache.catalina.core.ApplicationContext.log ContextListener: attributeAdded('StockTicker', 'async.Stockticker@2fa67a')
31-Aug-2018 10:07:04.620 信息 [main] org.apache.catalina.core.ApplicationContext.log SessionListener: contextDestroyed()
31-Aug-2018 10:07:04.620 信息 [main] org.apache.catalina.core.ApplicationContext.log ContextListener: contextDestroyed()
31-Aug-2018 10:07:04.638 信息 [main] org.apache.catalina.core.ApplicationContext.log Destroying Spring FrameworkServlet 'spring-mvc'
31-Aug-2018 10:07:13.282 信息 [main] org.apache.catalina.core.ApplicationContext.log No Spring WebApplicationInitializer types detected on classpath
31-Aug-2018 10:07:13.657 信息 [main] org.apache.catalina.core.ApplicationContext.log Initializing Spring FrameworkServlet 'spring-mvc'
31-Aug-2018 10:07:15.968 信息 [main] org.apache.catalina.core.ApplicationContext.log ContextListener: contextInitialized()
31-Aug-2018 10:07:15.969 信息 [main] org.apache.catalina.core.ApplicationContext.log SessionListener: contextInitialized()
31-Aug-2018 10:07:15.971 信息 [main] org.apache.catalina.core.ApplicationContext.log ContextListener: attributeAdded('StockTicker', 'async.Stockticker@1cf2780')
31-Aug-2018 10:08:45.520 信息 [main] org.apache.catalina.core.ApplicationContext.log No Spring WebApplicationInitializer types detected on classpath
31-Aug-2018 10:08:45.881 信息 [main] org.apache.catalina.core.ApplicationContext.log Initializing Spring FrameworkServlet 'spring-mvc'
31-Aug-2018 10:08:48.403 信息 [main] org.apache.catalina.core.ApplicationContext.log ContextListener: contextInitialized()
31-Aug-2018 10:08:48.404 信息 [main] org.apache.catalina.core.ApplicationContext.log SessionListener: contextInitialized()
31-Aug-2018 10:08:48.406 信息 [main] org.apache.catalina.core.ApplicationContext.log ContextListener: attributeAdded('StockTicker', 'async.Stockticker@27c8f6')
31-Aug-2018 10:39:05.253 信息 [main] org.apache.catalina.core.ApplicationContext.log SessionListener: contextDestroyed()
31-Aug-2018 10:39:05.253 信息 [main] org.apache.catalina.core.ApplicationContext.log ContextListener: contextDestroyed()
31-Aug-2018 10:39:05.274 信息 [main] org.apache.catalina.core.ApplicationContext.log Destroying Spring FrameworkServlet 'spring-mvc'
31-Aug-2018 10:39:13.353 信息 [main] org.apache.catalina.core.ApplicationContext.log No Spring WebApplicationInitializer types detected on classpath
31-Aug-2018 10:39:13.884 信息 [main] org.apache.catalina.core.ApplicationContext.log Initializing Spring FrameworkServlet 'spring-mvc'
31-Aug-2018 10:39:16.173 信息 [main] org.apache.catalina.core.ApplicationContext.log ContextListener: contextInitialized()
31-Aug-2018 10:39:16.174 信息 [main] org.apache.catalina.core.ApplicationContext.log SessionListener: contextInitialized()
31-Aug-2018 10:39:16.176 信息 [main] org.apache.catalina.core.ApplicationContext.log ContextListener: attributeAdded('StockTicker', 'async.Stockticker@bd11f7')
31-Aug-2018 11:13:12.474 信息 [main] org.apache.catalina.core.ApplicationContext.log SessionListener: contextDestroyed()
31-Aug-2018 11:13:12.474 信息 [main] org.apache.catalina.core.ApplicationContext.log ContextListener: contextDestroyed()
31-Aug-2018 11:13:12.487 信息 [main] org.apache.catalina.core.ApplicationContext.log Destroying Spring FrameworkServlet 'spring-mvc'
31-Aug-2018 11:13:25.079 信息 [main] org.apache.catalina.core.ApplicationContext.log No Spring WebApplicationInitializer types detected on classpath
31-Aug-2018 11:13:25.424 信息 [main] org.apache.catalina.core.ApplicationContext.log Initializing Spring FrameworkServlet 'spring-mvc'
31-Aug-2018 11:13:27.762 信息 [main] org.apache.catalina.core.ApplicationContext.log ContextListener: contextInitialized()
31-Aug-2018 11:13:27.763 信息 [main] org.apache.catalina.core.ApplicationContext.log SessionListener: contextInitialized()
31-Aug-2018 11:13:27.765 信息 [main] org.apache.catalina.core.ApplicationContext.log ContextListener: attributeAdded('StockTicker', 'async.Stockticker@27c8f6')
31-Aug-2018 11:14:38.307 信息 [main] org.apache.catalina.core.ApplicationContext.log SessionListener: contextDestroyed()
31-Aug-2018 11:14:38.308 信息 [main] org.apache.catalina.core.ApplicationContext.log ContextListener: contextDestroyed()
31-Aug-2018 11:14:38.331 信息 [main] org.apache.catalina.core.ApplicationContext.log Destroying Spring FrameworkServlet 'spring-mvc'
31-Aug-2018 11:14:49.888 信息 [main] org.apache.catalina.core.ApplicationContext.log No Spring WebApplicationInitializer types detected on classpath
31-Aug-2018 11:14:50.248 信息 [main] org.apache.catalina.core.ApplicationContext.log Initializing Spring FrameworkServlet 'spring-mvc'
31-Aug-2018 11:14:52.695 信息 [main] org.apache.catalina.core.ApplicationContext.log ContextListener: contextInitialized()
31-Aug-2018 11:14:52.696 信息 [main] org.apache.catalina.core.ApplicationContext.log SessionListener: contextInitialized()
31-Aug-2018 11:14:52.697 信息 [main] org.apache.catalina.core.ApplicationContext.log ContextListener: attributeAdded('StockTicker', 'async.Stockticker@1cf2780')
31-Aug-2018 12:11:53.558 信息 [main] org.apache.catalina.core.ApplicationContext.log SessionListener: contextDestroyed()
31-Aug-2018 12:11:53.558 信息 [main] org.apache.catalina.core.ApplicationContext.log ContextListener: contextDestroyed()
31-Aug-2018 12:11:53.578 信息 [main] org.apache.catalina.core.ApplicationContext.log Destroying Spring FrameworkServlet 'spring-mvc'
31-Aug-2018 12:12:05.344 信息 [main] org.apache.catalina.core.ApplicationContext.log No Spring WebApplicationInitializer types detected on classpath
31-Aug-2018 12:12:05.718 信息 [main] org.apache.catalina.core.ApplicationContext.log Initializing Spring FrameworkServlet 'spring-mvc'
31-Aug-2018 12:12:08.194 信息 [main] org.apache.catalina.core.ApplicationContext.log ContextListener: contextInitialized()
31-Aug-2018 12:12:08.195 信息 [main] org.apache.catalina.core.ApplicationContext.log SessionListener: contextInitialized()
31-Aug-2018 12:12:08.196 信息 [main] org.apache.catalina.core.ApplicationContext.log ContextListener: attributeAdded('StockTicker', 'async.Stockticker@bd11f7')
31-Aug-2018 13:36:18.968 信息 [Thread-5] org.apache.catalina.core.ApplicationContext.log SessionListener: contextDestroyed()
31-Aug-2018 13:36:18.968 信息 [Thread-5] org.apache.catalina.core.ApplicationContext.log ContextListener: contextDestroyed()
31-Aug-2018 13:36:19.002 信息 [Thread-5] org.apache.catalina.core.ApplicationContext.log Destroying Spring FrameworkServlet 'spring-mvc'
31-Aug-2018 13:41:11.005 信息 [main] org.apache.catalina.core.ApplicationContext.log No Spring WebApplicationInitializer types detected on classpath
31-Aug-2018 13:41:11.340 信息 [main] org.apache.catalina.core.ApplicationContext.log Initializing Spring FrameworkServlet 'spring-mvc'
31-Aug-2018 13:41:14.109 信息 [main] org.apache.catalina.core.ApplicationContext.log ContextListener: contextInitialized()
31-Aug-2018 13:41:14.110 信息 [main] org.apache.catalina.core.ApplicationContext.log SessionListener: contextInitialized()
31-Aug-2018 13:41:14.111 信息 [main] org.apache.catalina.core.ApplicationContext.log ContextListener: attributeAdded('StockTicker', 'async.Stockticker@27c8f6')
31-Aug-2018 13:48:22.299 信息 [main] org.apache.catalina.core.ApplicationContext.log SessionListener: contextDestroyed()
31-Aug-2018 13:48:22.299 信息 [main] org.apache.catalina.core.ApplicationContext.log ContextListener: contextDestroyed()
31-Aug-2018 13:48:22.313 信息 [main] org.apache.catalina.core.ApplicationContext.log Destroying Spring FrameworkServlet 'spring-mvc'
31-Aug-2018 13:48:32.897 信息 [main] org.apache.catalina.core.ApplicationContext.log No Spring WebApplicationInitializer types detected on classpath
31-Aug-2018 13:48:33.290 信息 [main] org.apache.catalina.core.ApplicationContext.log Initializing Spring FrameworkServlet 'spring-mvc'
31-Aug-2018 13:48:35.481 信息 [main] org.apache.catalina.core.ApplicationContext.log ContextListener: contextInitialized()
31-Aug-2018 13:48:35.481 信息 [main] org.apache.catalina.core.ApplicationContext.log SessionListener: contextInitialized()
31-Aug-2018 13:48:35.483 信息 [main] org.apache.catalina.core.ApplicationContext.log ContextListener: attributeAdded('StockTicker', 'async.Stockticker@2fa67a')
31-Aug-2018 14:51:20.948 信息 [main] org.apache.catalina.core.ApplicationContext.log SessionListener: contextDestroyed()
31-Aug-2018 14:51:20.948 信息 [main] org.apache.catalina.core.ApplicationContext.log ContextListener: contextDestroyed()
31-Aug-2018 14:51:20.959 信息 [main] org.apache.catalina.core.ApplicationContext.log Destroying Spring FrameworkServlet 'spring-mvc'
31-Aug-2018 14:51:33.923 信息 [main] org.apache.catalina.core.ApplicationContext.log No Spring WebApplicationInitializer types detected on classpath
31-Aug-2018 14:51:34.273 信息 [main] org.apache.catalina.core.ApplicationContext.log Initializing Spring FrameworkServlet 'spring-mvc'
31-Aug-2018 14:51:36.717 信息 [main] org.apache.catalina.core.ApplicationContext.log ContextListener: contextInitialized()
31-Aug-2018 14:51:36.718 信息 [main] org.apache.catalina.core.ApplicationContext.log SessionListener: contextInitialized()
31-Aug-2018 14:51:36.719 信息 [main] org.apache.catalina.core.ApplicationContext.log ContextListener: attributeAdded('StockTicker', 'async.Stockticker@27c8f6')
31-Aug-2018 14:53:02.849 信息 [main] org.apache.catalina.core.ApplicationContext.log SessionListener: contextDestroyed()
31-Aug-2018 14:53:02.849 信息 [main] org.apache.catalina.core.ApplicationContext.log ContextListener: contextDestroyed()
31-Aug-2018 14:53:02.862 信息 [main] org.apache.catalina.core.ApplicationContext.log Destroying Spring FrameworkServlet 'spring-mvc'
31-Aug-2018 14:53:12.369 信息 [main] org.apache.catalina.core.ApplicationContext.log No Spring WebApplicationInitializer types detected on classpath
31-Aug-2018 14:53:12.830 信息 [main] org.apache.catalina.core.ApplicationContext.log Initializing Spring FrameworkServlet 'spring-mvc'
31-Aug-2018 14:53:14.968 信息 [main] org.apache.catalina.core.ApplicationContext.log ContextListener: contextInitialized()
31-Aug-2018 14:53:14.969 信息 [main] org.apache.catalina.core.ApplicationContext.log SessionListener: contextInitialized()
31-Aug-2018 14:53:14.970 信息 [main] org.apache.catalina.core.ApplicationContext.log ContextListener: attributeAdded('StockTicker', 'async.Stockticker@2fa67a')
31-Aug-2018 15:07:06.914 信息 [main] org.apache.catalina.core.ApplicationContext.log SessionListener: contextDestroyed()
31-Aug-2018 15:07:06.914 信息 [main] org.apache.catalina.core.ApplicationContext.log ContextListener: contextDestroyed()
31-Aug-2018 15:07:06.950 信息 [main] org.apache.catalina.core.ApplicationContext.log Destroying Spring FrameworkServlet 'spring-mvc'
31-Aug-2018 15:07:10.920 信息 [main] org.apache.catalina.core.ApplicationContext.log No Spring WebApplicationInitializer types detected on classpath
31-Aug-2018 15:07:11.303 信息 [main] org.apache.catalina.core.ApplicationContext.log Initializing Spring FrameworkServlet 'spring-mvc'
31-Aug-2018 15:07:13.579 信息 [main] org.apache.catalina.core.ApplicationContext.log ContextListener: contextInitialized()
31-Aug-2018 15:07:13.580 信息 [main] org.apache.catalina.core.ApplicationContext.log SessionListener: contextInitialized()
31-Aug-2018 15:07:13.581 信息 [main] org.apache.catalina.core.ApplicationContext.log ContextListener: attributeAdded('StockTicker', 'async.Stockticker@19e9c95')
31-Aug-2018 15:07:41.385 信息 [main] org.apache.catalina.core.ApplicationContext.log No Spring WebApplicationInitializer types detected on classpath
31-Aug-2018 15:07:41.720 信息 [main] org.apache.catalina.core.ApplicationContext.log Initializing Spring FrameworkServlet 'spring-mvc'
31-Aug-2018 15:07:44.104 信息 [main] org.apache.catalina.core.ApplicationContext.log ContextListener: contextInitialized()
31-Aug-2018 15:07:44.104 信息 [main] org.apache.catalina.core.ApplicationContext.log SessionListener: contextInitialized()
31-Aug-2018 15:07:44.106 信息 [main] org.apache.catalina.core.ApplicationContext.log ContextListener: attributeAdded('StockTicker', 'async.Stockticker@27c8f6')
31-Aug-2018 15:07:44.289 信息 [main] org.apache.catalina.core.ApplicationContext.log SessionListener: contextDestroyed()
31-Aug-2018 15:07:44.294 信息 [main] org.apache.catalina.core.ApplicationContext.log ContextListener: contextDestroyed()
31-Aug-2018 15:07:44.311 信息 [main] org.apache.catalina.core.ApplicationContext.log Destroying Spring FrameworkServlet 'spring-mvc'
31-Aug-2018 15:08:12.875 信息 [main] org.apache.catalina.core.ApplicationContext.log No Spring WebApplicationInitializer types detected on classpath
31-Aug-2018 15:08:13.183 信息 [main] org.apache.catalina.core.ApplicationContext.log Initializing Spring FrameworkServlet 'spring-mvc'
31-Aug-2018 15:08:15.775 信息 [main] org.apache.catalina.core.ApplicationContext.log ContextListener: contextInitialized()
31-Aug-2018 15:08:15.776 信息 [main] org.apache.catalina.core.ApplicationContext.log SessionListener: contextInitialized()
31-Aug-2018 15:08:15.777 信息 [main] org.apache.catalina.core.ApplicationContext.log ContextListener: attributeAdded('StockTicker', 'async.Stockticker@27c8f6')
31-Aug-2018 15:08:15.993 信息 [main] org.apache.catalina.core.ApplicationContext.log SessionListener: contextDestroyed()
31-Aug-2018 15:08:15.993 信息 [main] org.apache.catalina.core.ApplicationContext.log ContextListener: contextDestroyed()
31-Aug-2018 15:08:16.018 信息 [main] org.apache.catalina.core.ApplicationContext.log Destroying Spring FrameworkServlet 'spring-mvc'
31-Aug-2018 15:08:30.983 信息 [main] org.apache.catalina.core.ApplicationContext.log SessionListener: contextDestroyed()
31-Aug-2018 15:08:30.983 信息 [main] org.apache.catalina.core.ApplicationContext.log ContextListener: contextDestroyed()
31-Aug-2018 15:08:30.992 信息 [main] org.apache.catalina.core.ApplicationContext.log Destroying Spring FrameworkServlet 'spring-mvc'
31-Aug-2018 15:08:40.918 信息 [main] org.apache.catalina.core.ApplicationContext.log No Spring WebApplicationInitializer types detected on classpath
31-Aug-2018 15:08:41.463 信息 [main] org.apache.catalina.core.ApplicationContext.log Initializing Spring FrameworkServlet 'spring-mvc'
31-Aug-2018 15:08:43.799 信息 [main] org.apache.catalina.core.ApplicationContext.log ContextListener: contextInitialized()
31-Aug-2018 15:08:43.800 信息 [main] org.apache.catalina.core.ApplicationContext.log SessionListener: contextInitialized()
31-Aug-2018 15:08:43.801 信息 [main] org.apache.catalina.core.ApplicationContext.log ContextListener: attributeAdded('StockTicker', 'async.Stockticker@1cf2780')
31-Aug-2018 17:48:56.507 信息 [main] org.apache.catalina.core.ApplicationContext.log SessionListener: contextDestroyed()
31-Aug-2018 17:48:56.508 信息 [main] org.apache.catalina.core.ApplicationContext.log ContextListener: contextDestroyed()
31-Aug-2018 17:48:56.522 信息 [main] org.apache.catalina.core.ApplicationContext.log Destroying Spring FrameworkServlet 'spring-mvc'
31-Aug-2018 17:49:10.176 信息 [main] org.apache.catalina.core.ApplicationContext.log No Spring WebApplicationInitializer types detected on classpath
31-Aug-2018 17:49:10.663 信息 [main] org.apache.catalina.core.ApplicationContext.log Initializing Spring FrameworkServlet 'spring-mvc'
31-Aug-2018 17:49:12.856 信息 [main] org.apache.catalina.core.ApplicationContext.log ContextListener: contextInitialized()
31-Aug-2018 17:49:12.856 信息 [main] org.apache.catalina.core.ApplicationContext.log SessionListener: contextInitialized()
31-Aug-2018 17:49:12.858 信息 [main] org.apache.catalina.core.ApplicationContext.log ContextListener: attributeAdded('StockTicker', 'async.Stockticker@27c8f6')
31-Aug-2018 17:49:49.513 信息 [main] org.apache.catalina.core.ApplicationContext.log No Spring WebApplicationInitializer types detected on classpath
31-Aug-2018 17:49:49.890 信息 [main] org.apache.catalina.core.ApplicationContext.log Initializing Spring FrameworkServlet 'spring-mvc'
31-Aug-2018 17:49:52.193 信息 [main] org.apache.catalina.core.ApplicationContext.log ContextListener: contextInitialized()
31-Aug-2018 17:49:52.193 信息 [main] org.apache.catalina.core.ApplicationContext.log SessionListener: contextInitialized()
31-Aug-2018 17:49:52.195 信息 [main] org.apache.catalina.core.ApplicationContext.log ContextListener: attributeAdded('StockTicker', 'async.Stockticker@bd11f7')
31-Aug-2018 17:50:35.905 信息 [main] org.apache.catalina.core.ApplicationContext.log No Spring WebApplicationInitializer types detected on classpath
31-Aug-2018 17:50:36.299 信息 [main] org.apache.catalina.core.ApplicationContext.log Initializing Spring FrameworkServlet 'spring-mvc'
31-Aug-2018 17:50:38.640 信息 [main] org.apache.catalina.core.ApplicationContext.log ContextListener: contextInitialized()
31-Aug-2018 17:50:38.640 信息 [main] org.apache.catalina.core.ApplicationContext.log SessionListener: contextInitialized()
31-Aug-2018 17:50:38.642 信息 [main] org.apache.catalina.core.ApplicationContext.log ContextListener: attributeAdded('StockTicker', 'async.Stockticker@bd11f7')
31-Aug-2018 17:52:24.879 信息 [main] org.apache.catalina.core.ApplicationContext.log No Spring WebApplicationInitializer types detected on classpath
31-Aug-2018 17:52:25.355 信息 [main] org.apache.catalina.core.ApplicationContext.log Initializing Spring FrameworkServlet 'spring-mvc'
31-Aug-2018 17:52:27.399 信息 [main] org.apache.catalina.core.ApplicationContext.log ContextListener: contextInitialized()
31-Aug-2018 17:52:27.400 信息 [main] org.apache.catalina.core.ApplicationContext.log SessionListener: contextInitialized()
31-Aug-2018 17:52:27.402 信息 [main] org.apache.catalina.core.ApplicationContext.log ContextListener: attributeAdded('StockTicker', 'async.Stockticker@bd11f7')
31-Aug-2018 17:55:32.495 信息 [main] org.apache.catalina.core.ApplicationContext.log No Spring WebApplicationInitializer types detected on classpath
31-Aug-2018 17:55:32.838 信息 [main] org.apache.catalina.core.ApplicationContext.log Initializing Spring FrameworkServlet 'spring-mvc'
31-Aug-2018 17:55:35.049 信息 [main] org.apache.catalina.core.ApplicationContext.log ContextListener: contextInitialized()
31-Aug-2018 17:55:35.050 信息 [main] org.apache.catalina.core.ApplicationContext.log SessionListener: contextInitialized()
31-Aug-2018 17:55:35.051 信息 [main] org.apache.catalina.core.ApplicationContext.log ContextListener: attributeAdded('StockTicker', 'async.Stockticker@27c8f6')
31-Aug-2018 17:59:12.085 信息 [main] org.apache.catalina.core.ApplicationContext.log SessionListener: contextDestroyed()
31-Aug-2018 17:59:12.086 信息 [main] org.apache.catalina.core.ApplicationContext.log ContextListener: contextDestroyed()
31-Aug-2018 17:59:12.111 信息 [main] org.apache.catalina.core.ApplicationContext.log Destroying Spring FrameworkServlet 'spring-mvc'
31-Aug-2018 17:59:20.040 信息 [main] org.apache.catalina.core.ApplicationContext.log No Spring WebApplicationInitializer types detected on classpath
31-Aug-2018 17:59:20.518 信息 [main] org.apache.catalina.core.ApplicationContext.log Initializing Spring FrameworkServlet 'spring-mvc'
31-Aug-2018 17:59:22.982 信息 [main] org.apache.catalina.core.ApplicationContext.log ContextListener: contextInitialized()
31-Aug-2018 17:59:22.982 信息 [main] org.apache.catalina.core.ApplicationContext.log SessionListener: contextInitialized()
31-Aug-2018 17:59:22.984 信息 [main] org.apache.catalina.core.ApplicationContext.log ContextListener: attributeAdded('StockTicker', 'async.Stockticker@1cf2780')
31-Aug-2018 18:10:17.625 信息 [main] org.apache.catalina.core.ApplicationContext.log SessionListener: contextDestroyed()
31-Aug-2018 18:10:17.625 信息 [main] org.apache.catalina.core.ApplicationContext.log ContextListener: contextDestroyed()
31-Aug-2018 18:10:17.644 信息 [main] org.apache.catalina.core.ApplicationContext.log Destroying Spring FrameworkServlet 'spring-mvc'
31-Aug-2018 18:10:29.725 信息 [main] org.apache.catalina.core.ApplicationContext.log No Spring WebApplicationInitializer types detected on classpath
31-Aug-2018 18:10:30.110 信息 [main] org.apache.catalina.core.ApplicationContext.log Initializing Spring FrameworkServlet 'spring-mvc'
31-Aug-2018 18:10:32.439 信息 [main] org.apache.catalina.core.ApplicationContext.log ContextListener: contextInitialized()
31-Aug-2018 18:10:32.440 信息 [main] org.apache.catalina.core.ApplicationContext.log SessionListener: contextInitialized()
31-Aug-2018 18:10:32.441 信息 [main] org.apache.catalina.core.ApplicationContext.log ContextListener: attributeAdded('StockTicker', 'async.Stockticker@1cf2780')
31-Aug-2018 18:11:45.342 信息 [main] org.apache.catalina.core.ApplicationContext.log SessionListener: contextDestroyed()
31-Aug-2018 18:11:45.342 信息 [main] org.apache.catalina.core.ApplicationContext.log ContextListener: contextDestroyed()
31-Aug-2018 18:11:45.352 信息 [main] org.apache.catalina.core.ApplicationContext.log Destroying Spring FrameworkServlet 'spring-mvc'
31-Aug-2018 18:11:54.595 信息 [main] org.apache.catalina.core.ApplicationContext.log No Spring WebApplicationInitializer types detected on classpath
31-Aug-2018 18:11:54.977 信息 [main] org.apache.catalina.core.ApplicationContext.log Initializing Spring FrameworkServlet 'spring-mvc'
31-Aug-2018 18:11:57.317 信息 [main] org.apache.catalina.core.ApplicationContext.log ContextListener: contextInitialized()
31-Aug-2018 18:11:57.317 信息 [main] org.apache.catalina.core.ApplicationContext.log SessionListener: contextInitialized()
31-Aug-2018 18:11:57.319 信息 [main] org.apache.catalina.core.ApplicationContext.log ContextListener: attributeAdded('StockTicker', 'async.Stockticker@1cf2780')
31-Aug-2018 18:45:43.122 信息 [main] org.apache.catalina.core.ApplicationContext.log SessionListener: contextDestroyed()
31-Aug-2018 18:45:43.122 信息 [main] org.apache.catalina.core.ApplicationContext.log ContextListener: contextDestroyed()
31-Aug-2018 18:45:43.135 信息 [main] org.apache.catalina.core.ApplicationContext.log Destroying Spring FrameworkServlet 'spring-mvc'
31-Aug-2018 18:45:52.565 信息 [main] org.apache.catalina.core.ApplicationContext.log No Spring WebApplicationInitializer types detected on classpath
31-Aug-2018 18:45:52.937 信息 [main] org.apache.catalina.core.ApplicationContext.log Initializing Spring FrameworkServlet 'spring-mvc'
31-Aug-2018 18:45:55.292 信息 [main] org.apache.catalina.core.ApplicationContext.log ContextListener: contextInitialized()
31-Aug-2018 18:45:55.293 信息 [main] org.apache.catalina.core.ApplicationContext.log SessionListener: contextInitialized()
31-Aug-2018 18:45:55.294 信息 [main] org.apache.catalina.core.ApplicationContext.log ContextListener: attributeAdded('StockTicker', 'async.Stockticker@bd11f7')
31-Aug-2018 20:33:31.591 信息 [main] org.apache.catalina.core.ApplicationContext.log SessionListener: contextDestroyed()
31-Aug-2018 20:33:31.591 信息 [main] org.apache.catalina.core.ApplicationContext.log ContextListener: contextDestroyed()
31-Aug-2018 20:33:31.605 信息 [main] org.apache.catalina.core.ApplicationContext.log Destroying Spring FrameworkServlet 'spring-mvc'
31-Aug-2018 20:33:39.483 信息 [main] org.apache.catalina.core.ApplicationContext.log No Spring WebApplicationInitializer types detected on classpath
31-Aug-2018 20:33:39.848 信息 [main] org.apache.catalina.core.ApplicationContext.log Initializing Spring FrameworkServlet 'spring-mvc'
31-Aug-2018 20:33:42.436 信息 [main] org.apache.catalina.core.ApplicationContext.log ContextListener: contextInitialized()
31-Aug-2018 20:33:42.437 信息 [main] org.apache.catalina.core.ApplicationContext.log SessionListener: contextInitialized()
31-Aug-2018 20:33:42.439 信息 [main] org.apache.catalina.core.ApplicationContext.log ContextListener: attributeAdded('StockTicker', 'async.Stockticker@bd11f7')
31-Aug-2018 20:34:27.952 信息 [main] org.apache.catalina.core.ApplicationContext.log No Spring WebApplicationInitializer types detected on classpath
31-Aug-2018 20:34:28.260 信息 [main] org.apache.catalina.core.ApplicationContext.log Initializing Spring FrameworkServlet 'spring-mvc'
31-Aug-2018 20:34:30.640 信息 [main] org.apache.catalina.core.ApplicationContext.log ContextListener: contextInitialized()
31-Aug-2018 20:34:30.641 信息 [main] org.apache.catalina.core.ApplicationContext.log SessionListener: contextInitialized()
31-Aug-2018 20:34:30.643 信息 [main] org.apache.catalina.core.ApplicationContext.log ContextListener: attributeAdded('StockTicker', 'async.Stockticker@27c8f6')
31-Aug-2018 20:40:45.564 信息 [main] org.apache.catalina.core.ApplicationContext.log SessionListener: contextDestroyed()
31-Aug-2018 20:40:45.565 信息 [main] org.apache.catalina.core.ApplicationContext.log ContextListener: contextDestroyed()
31-Aug-2018 20:40:45.574 信息 [main] org.apache.catalina.core.ApplicationContext.log Destroying Spring FrameworkServlet 'spring-mvc'
31-Aug-2018 20:40:54.218 信息 [main] org.apache.catalina.core.ApplicationContext.log No Spring WebApplicationInitializer types detected on classpath
31-Aug-2018 20:40:54.589 信息 [main] org.apache.catalina.core.ApplicationContext.log Initializing Spring FrameworkServlet 'spring-mvc'
31-Aug-2018 20:40:57.102 信息 [main] org.apache.catalina.core.ApplicationContext.log ContextListener: contextInitialized()
31-Aug-2018 20:40:57.103 信息 [main] org.apache.catalina.core.ApplicationContext.log SessionListener: contextInitialized()
31-Aug-2018 20:40:57.105 信息 [main] org.apache.catalina.core.ApplicationContext.log ContextListener: attributeAdded('StockTicker', 'async.Stockticker@2fa67a')
31-Aug-2018 20:45:40.959 信息 [main] org.apache.catalina.core.ApplicationContext.log No Spring WebApplicationInitializer types detected on classpath
31-Aug-2018 20:45:41.331 信息 [main] org.apache.catalina.core.ApplicationContext.log Initializing Spring FrameworkServlet 'spring-mvc'
31-Aug-2018 20:45:43.711 信息 [main] org.apache.catalina.core.ApplicationContext.log ContextListener: contextInitialized()
31-Aug-2018 20:45:43.711 信息 [main] org.apache.catalina.core.ApplicationContext.log SessionListener: contextInitialized()
31-Aug-2018 20:45:43.713 信息 [main] org.apache.catalina.core.ApplicationContext.log ContextListener: attributeAdded('StockTicker', 'async.Stockticker@27c8f6')
31-Aug-2018 21:04:22.462 信息 [main] org.apache.catalina.core.ApplicationContext.log SessionListener: contextDestroyed()
31-Aug-2018 21:04:22.462 信息 [main] org.apache.catalina.core.ApplicationContext.log ContextListener: contextDestroyed()
31-Aug-2018 21:04:22.478 信息 [main] org.apache.catalina.core.ApplicationContext.log Destroying Spring FrameworkServlet 'spring-mvc'
31-Aug-2018 21:04:30.546 信息 [main] org.apache.catalina.core.ApplicationContext.log No Spring WebApplicationInitializer types detected on classpath
31-Aug-2018 21:04:30.885 信息 [main] org.apache.catalina.core.ApplicationContext.log Initializing Spring FrameworkServlet 'spring-mvc'
31-Aug-2018 21:04:33.253 信息 [main] org.apache.catalina.core.ApplicationContext.log ContextListener: contextInitialized()
31-Aug-2018 21:04:33.254 信息 [main] org.apache.catalina.core.ApplicationContext.log SessionListener: contextInitialized()
31-Aug-2018 21:04:33.256 信息 [main] org.apache.catalina.core.ApplicationContext.log ContextListener: attributeAdded('StockTicker', 'async.Stockticker@2fa67a')
31-Aug-2018 21:12:25.116 信息 [main] org.apache.catalina.core.ApplicationContext.log No Spring WebApplicationInitializer types detected on classpath
31-Aug-2018 21:12:25.507 信息 [main] org.apache.catalina.core.ApplicationContext.log Initializing Spring FrameworkServlet 'spring-mvc'
31-Aug-2018 21:12:27.897 信息 [main] org.apache.catalina.core.ApplicationContext.log ContextListener: contextInitialized()
31-Aug-2018 21:12:27.898 信息 [main] org.apache.catalina.core.ApplicationContext.log SessionListener: contextInitialized()
31-Aug-2018 21:12:27.900 信息 [main] org.apache.catalina.core.ApplicationContext.log ContextListener: attributeAdded('StockTicker', 'async.Stockticker@bd11f7')
31-Aug-2018 21:15:15.215 信息 [main] org.apache.catalina.core.ApplicationContext.log SessionListener: contextDestroyed()
31-Aug-2018 21:15:15.216 信息 [main] org.apache.catalina.core.ApplicationContext.log ContextListener: contextDestroyed()
31-Aug-2018 21:15:15.224 信息 [main] org.apache.catalina.core.ApplicationContext.log Destroying Spring FrameworkServlet 'spring-mvc'
31-Aug-2018 21:15:23.343 信息 [main] org.apache.catalina.core.ApplicationContext.log No Spring WebApplicationInitializer types detected on classpath
31-Aug-2018 21:15:23.739 信息 [main] org.apache.catalina.core.ApplicationContext.log Initializing Spring FrameworkServlet 'spring-mvc'
31-Aug-2018 21:15:26.126 信息 [main] org.apache.catalina.core.ApplicationContext.log ContextListener: contextInitialized()
31-Aug-2018 21:15:26.127 信息 [main] org.apache.catalina.core.ApplicationContext.log SessionListener: contextInitialized()
31-Aug-2018 21:15:26.129 信息 [main] org.apache.catalina.core.ApplicationContext.log ContextListener: attributeAdded('StockTicker', 'async.Stockticker@1cf2780')
31-Aug-2018 22:04:14.311 信息 [main] org.apache.catalina.core.ApplicationContext.log SessionListener: contextDestroyed()
31-Aug-2018 22:04:14.311 信息 [main] org.apache.catalina.core.ApplicationContext.log ContextListener: contextDestroyed()
31-Aug-2018 22:04:14.323 信息 [main] org.apache.catalina.core.ApplicationContext.log Destroying Spring FrameworkServlet 'spring-mvc'
31-Aug-2018 22:04:22.244 信息 [main] org.apache.catalina.core.ApplicationContext.log No Spring WebApplicationInitializer types detected on classpath
31-Aug-2018 22:04:22.639 信息 [main] org.apache.catalina.core.ApplicationContext.log Initializing Spring FrameworkServlet 'spring-mvc'
31-Aug-2018 22:04:24.897 信息 [main] org.apache.catalina.core.ApplicationContext.log ContextListener: contextInitialized()
31-Aug-2018 22:04:24.897 信息 [main] org.apache.catalina.core.ApplicationContext.log SessionListener: contextInitialized()
31-Aug-2018 22:04:24.899 信息 [main] org.apache.catalina.core.ApplicationContext.log ContextListener: attributeAdded('StockTicker', 'async.Stockticker@bd11f7')
31-Aug-2018 22:25:35.987 信息 [main] org.apache.catalina.core.ApplicationContext.log SessionListener: contextDestroyed()
31-Aug-2018 22:25:35.987 信息 [main] org.apache.catalina.core.ApplicationContext.log ContextListener: contextDestroyed()
31-Aug-2018 22:25:35.995 信息 [main] org.apache.catalina.core.ApplicationContext.log Destroying Spring FrameworkServlet 'spring-mvc'
31-Aug-2018 22:25:44.462 信息 [main] org.apache.catalina.core.ApplicationContext.log No Spring WebApplicationInitializer types detected on classpath
31-Aug-2018 22:25:44.976 信息 [main] org.apache.catalina.core.ApplicationContext.log Initializing Spring FrameworkServlet 'spring-mvc'
31-Aug-2018 22:25:47.414 信息 [main] org.apache.catalina.core.ApplicationContext.log ContextListener: contextInitialized()
31-Aug-2018 22:25:47.414 信息 [main] org.apache.catalina.core.ApplicationContext.log SessionListener: contextInitialized()
31-Aug-2018 22:25:47.416 信息 [main] org.apache.catalina.core.ApplicationContext.log ContextListener: attributeAdded('StockTicker', 'async.Stockticker@1cf2780')
31-Aug-2018 23:04:21.929 信息 [main] org.apache.catalina.core.ApplicationContext.log SessionListener: contextDestroyed()
31-Aug-2018 23:04:21.929 信息 [main] org.apache.catalina.core.ApplicationContext.log ContextListener: contextDestroyed()
31-Aug-2018 23:04:21.937 信息 [main] org.apache.catalina.core.ApplicationContext.log Destroying Spring FrameworkServlet 'spring-mvc'
31-Aug-2018 23:04:29.991 信息 [main] org.apache.catalina.core.ApplicationContext.log No Spring WebApplicationInitializer types detected on classpath
31-Aug-2018 23:04:30.338 信息 [main] org.apache.catalina.core.ApplicationContext.log Initializing Spring FrameworkServlet 'spring-mvc'
31-Aug-2018 23:04:32.711 信息 [main] org.apache.catalina.core.ApplicationContext.log ContextListener: contextInitialized()
31-Aug-2018 23:04:32.711 信息 [main] org.apache.catalina.core.ApplicationContext.log SessionListener: contextInitialized()
31-Aug-2018 23:04:32.713 信息 [main] org.apache.catalina.core.ApplicationContext.log ContextListener: attributeAdded('StockTicker', 'async.Stockticker@bd11f7')
